#
# There is insufficient memory for the Java Runtime Environment to continue.
# Native memory allocation (malloc) failed to allocate 2130256 bytes. Error detail: Chunk::new
# Possible reasons:
#   The system is out of physical RAM or swap space
#   This process is running with CompressedOops enabled, and the Java Heap may be blocking the growth of the native heap
# Possible solutions:
#   Reduce memory load on the system
#   Increase physical memory or swap space
#   Check if swap backing store is full
#   Decrease Java heap size (-Xmx/-Xms)
#   Decrease number of Java threads
#   Decrease Java thread stack sizes (-Xss)
#   Set larger code cache with -XX:ReservedCodeCacheSize=
#   JVM is running with Unscaled Compressed Oops mode in which the Java heap is
#     placed in the first 4GB address space. The Java Heap base address is the
#     maximum limit for the native heap growth. Please use -XX:HeapBaseMinAddress
#     to set the Java Heap base and to place the Java Heap above 4GB virtual address.
# This output file may be truncated or incomplete.
#
#  Out of Memory Error (arena.cpp:168), pid=25500, tid=5176
#
# JRE version: OpenJDK Runtime Environment Temurin-21.0.7+6 (21.0.7+6) (build 21.0.7+6-LTS)
# Java VM: OpenJDK 64-Bit Server VM Temurin-21.0.7+6 (21.0.7+6-LTS, mixed mode, sharing, tiered, compressed oops, compressed class ptrs, parallel gc, windows-amd64)
# No core dump will be written. Minidumps are not enabled by default on client versions of Windows
#

---------------  S U M M A R Y ------------

Command Line: --add-modules=ALL-SYSTEM --add-opens=java.base/java.util=ALL-UNNAMED --add-opens=java.base/java.lang=ALL-UNNAMED --add-opens=java.base/sun.nio.fs=ALL-UNNAMED -Declipse.application=org.eclipse.jdt.ls.core.id1 -Dosgi.bundles.defaultStartLevel=4 -Declipse.product=org.eclipse.jdt.ls.core.product -Djava.import.generatesMetadataFilesAtProjectRoot=false -DDetectVMInstallationsJob.disabled=true -Dfile.encoding=utf8 -XX:+UseParallelGC -XX:GCTimeRatio=4 -XX:AdaptiveSizePolicyWeight=90 -Dsun.zip.disableMemoryMapping=true -Xmx1G -Xms100m -Xlog:disable -javaagent:c:\Users\leduc\.vscode\extensions\redhat.java-1.42.0-win32-x64\lombok\lombok-1.18.36.jar -XX:+HeapDumpOnOutOfMemoryError -XX:HeapDumpPath=c:\Users\leduc\AppData\Roaming\Code\User\workspaceStorage\b41accb726b944ba7e7f86f850f2e0d4\redhat.java -Daether.dependencyCollector.impl=bf c:\Users\leduc\.vscode\extensions\redhat.java-1.42.0-win32-x64\server\plugins\org.eclipse.equinox.launcher_1.7.0.v20250424-1814.jar -configuration c:\Users\leduc\AppData\Roaming\Code\User\globalStorage\redhat.java\1.42.0\config_win -data c:\Users\leduc\AppData\Roaming\Code\User\workspaceStorage\b41accb726b944ba7e7f86f850f2e0d4\redhat.java\jdt_ws --pipe=\\.\pipe\lsp-70b239a89599d4f0b87e79cfa9b86cc9-sock

Host: 12th Gen Intel(R) Core(TM) i5-12450H, 12 cores, 23G,  Windows 11 , 64 bit Build 22621 (10.0.22621.5262)
Time: Sun Jun 22 17:42:40 2025 SE Asia Standard Time elapsed time: 19.755697 seconds (0d 0h 0m 19s)

---------------  T H R E A D  ---------------

Current thread (0x000001f918b4b1c0):  JavaThread "C2 CompilerThread1" daemon [_thread_in_native, id=5176, stack(0x000000a372400000,0x000000a372500000) (1024K)]


Current CompileTask:
C2:19755 10943   !   4       org.eclipse.jdt.internal.compiler.classfmt.ClassFileReader::<init> (2135 bytes)

Stack: [0x000000a372400000,0x000000a372500000]
Native frames: (J=compiled Java code, j=interpreted, Vv=VM code, C=native code)
V  [jvm.dll+0x6ce119]
V  [jvm.dll+0x8a84a1]
V  [jvm.dll+0x8aa9ce]
V  [jvm.dll+0x8ab0b3]
V  [jvm.dll+0x27f8a6]
V  [jvm.dll+0xc507d]
V  [jvm.dll+0xc55b3]
V  [jvm.dll+0x3b68f2]
V  [jvm.dll+0x1e0029]
V  [jvm.dll+0x247c42]
V  [jvm.dll+0x2470cf]
V  [jvm.dll+0x1c760e]
V  [jvm.dll+0x25695a]
V  [jvm.dll+0x254efa]
V  [jvm.dll+0x3f03f6]
V  [jvm.dll+0x851f6b]
V  [jvm.dll+0x6cc7dd]
C  [ucrtbase.dll+0x29333]
C  [KERNEL32.DLL+0x1259d]
C  [ntdll.dll+0x5af58]


---------------  P R O C E S S  ---------------

Threads class SMR info:
_java_thread_list=0x000001f918a791d0, length=57, elements={
0x000001f8bacac410, 0x000001f9120f44b0, 0x000001f9101fb190, 0x000001f9101fd1e0,
0x000001f9101fe0f0, 0x000001f9120f6070, 0x000001f9120f7bd0, 0x000001f9120faa10,
0x000001f912169150, 0x000001f8bad17e20, 0x000001f91244e650, 0x000001f9170bca20,
0x000001f9129ea080, 0x000001f912b9b840, 0x000001f912b93660, 0x000001f917780330,
0x000001f912c277b0, 0x000001f9176bff40, 0x000001f9176c05d0, 0x000001f9176c0c60,
0x000001f9176c1980, 0x000001f9176c12f0, 0x000001f9176c2010, 0x000001f9176c2d30,
0x000001f9176c33c0, 0x000001f919b470c0, 0x000001f919b48b00, 0x000001f919b42f20,
0x000001f919b44ff0, 0x000001f919b47750, 0x000001f919b42890, 0x000001f919b45d10,
0x000001f919b463a0, 0x000001f919b435b0, 0x000001f919b46a30, 0x000001f919b47de0,
0x000001f919b48470, 0x000001f919b49820, 0x000001f919b442d0, 0x000001f919b49190,
0x000001f919b43c40, 0x000001f9176c26a0, 0x000001f919e13580, 0x000001f919e1a510,
0x000001f919e142a0, 0x000001f919e17720, 0x000001f919e17db0, 0x000001f919e197f0,
0x000001f919e16a00, 0x000001f919e15ce0, 0x000001f919e17090, 0x000001f919e18440,
0x000001f919e1aba0, 0x000001f919e19160, 0x000001f919e14930, 0x000001f919e15650,
0x000001f918b4b1c0
}

Java Threads: ( => current thread )
  0x000001f8bacac410 JavaThread "main"                              [_thread_blocked, id=24620, stack(0x000000a370500000,0x000000a370600000) (1024K)]
  0x000001f9120f44b0 JavaThread "Reference Handler"          daemon [_thread_blocked, id=6744, stack(0x000000a370900000,0x000000a370a00000) (1024K)]
  0x000001f9101fb190 JavaThread "Finalizer"                  daemon [_thread_blocked, id=29084, stack(0x000000a370a00000,0x000000a370b00000) (1024K)]
  0x000001f9101fd1e0 JavaThread "Signal Dispatcher"          daemon [_thread_blocked, id=29824, stack(0x000000a370b00000,0x000000a370c00000) (1024K)]
  0x000001f9101fe0f0 JavaThread "Attach Listener"            daemon [_thread_blocked, id=28740, stack(0x000000a370c00000,0x000000a370d00000) (1024K)]
  0x000001f9120f6070 JavaThread "Service Thread"             daemon [_thread_blocked, id=27544, stack(0x000000a370d00000,0x000000a370e00000) (1024K)]
  0x000001f9120f7bd0 JavaThread "Monitor Deflation Thread"   daemon [_thread_blocked, id=30524, stack(0x000000a370e00000,0x000000a370f00000) (1024K)]
  0x000001f9120faa10 JavaThread "C2 CompilerThread0"         daemon [_thread_blocked, id=30348, stack(0x000000a370f00000,0x000000a371000000) (1024K)]
  0x000001f912169150 JavaThread "C1 CompilerThread0"         daemon [_thread_blocked, id=27752, stack(0x000000a371000000,0x000000a371100000) (1024K)]
  0x000001f8bad17e20 JavaThread "Common-Cleaner"             daemon [_thread_blocked, id=23504, stack(0x000000a371100000,0x000000a371200000) (1024K)]
  0x000001f91244e650 JavaThread "Notification Thread"        daemon [_thread_blocked, id=28768, stack(0x000000a371200000,0x000000a371300000) (1024K)]
  0x000001f9170bca20 JavaThread "Active Thread: Equinox Container: 8918ca95-0bcf-444b-9814-7ed6dc254cbb"        [_thread_blocked, id=28272, stack(0x000000a371b00000,0x000000a371c00000) (1024K)]
  0x000001f9129ea080 JavaThread "Refresh Thread: Equinox Container: 8918ca95-0bcf-444b-9814-7ed6dc254cbb" daemon [_thread_blocked, id=31328, stack(0x000000a371c00000,0x000000a371d00000) (1024K)]
  0x000001f912b9b840 JavaThread "Framework Event Dispatcher: Equinox Container: 8918ca95-0bcf-444b-9814-7ed6dc254cbb" daemon [_thread_blocked, id=28360, stack(0x000000a371e00000,0x000000a371f00000) (1024K)]
  0x000001f912b93660 JavaThread "Start Level: Equinox Container: 8918ca95-0bcf-444b-9814-7ed6dc254cbb" daemon [_thread_blocked, id=29632, stack(0x000000a371f00000,0x000000a372000000) (1024K)]
  0x000001f917780330 JavaThread "Bundle File Closer"         daemon [_thread_blocked, id=24468, stack(0x000000a372200000,0x000000a372300000) (1024K)]
  0x000001f912c277b0 JavaThread "SCR Component Actor"        daemon [_thread_blocked, id=24664, stack(0x000000a371400000,0x000000a371500000) (1024K)]
  0x000001f9176bff40 JavaThread "Worker-JM"                         [_thread_blocked, id=7424, stack(0x000000a371300000,0x000000a371400000) (1024K)]
  0x000001f9176c05d0 JavaThread "JNA Cleaner"                daemon [_thread_blocked, id=27412, stack(0x000000a372500000,0x000000a372600000) (1024K)]
  0x000001f9176c0c60 JavaThread "Worker-0"                          [_thread_blocked, id=26520, stack(0x000000a372600000,0x000000a372700000) (1024K)]
  0x000001f9176c1980 JavaThread "Worker-1: Check JDK Index"         [_thread_blocked, id=20200, stack(0x000000a372700000,0x000000a372800000) (1024K)]
  0x000001f9176c12f0 JavaThread "Java indexing"              daemon [_thread_blocked, id=17940, stack(0x000000a372800000,0x000000a372900000) (1024K)]
  0x000001f9176c2010 JavaThread "Worker-2: Java indexing... "        [_thread_blocked, id=16952, stack(0x000000a372a00000,0x000000a372b00000) (1024K)]
  0x000001f9176c2d30 JavaThread "Worker-3"                          [_thread_blocked, id=11140, stack(0x000000a372b00000,0x000000a372c00000) (1024K)]
  0x000001f9176c33c0 JavaThread "Worker-4"                          [_thread_blocked, id=29472, stack(0x000000a372c00000,0x000000a372d00000) (1024K)]
  0x000001f919b470c0 JavaThread "Worker-5"                          [_thread_blocked, id=31436, stack(0x000000a372d00000,0x000000a372e00000) (1024K)]
  0x000001f919b48b00 JavaThread "Thread-2"                   daemon [_thread_in_native, id=29060, stack(0x000000a372e00000,0x000000a372f00000) (1024K)]
  0x000001f919b42f20 JavaThread "Thread-3"                   daemon [_thread_in_native, id=29452, stack(0x000000a372f00000,0x000000a373000000) (1024K)]
  0x000001f919b44ff0 JavaThread "Thread-4"                   daemon [_thread_in_native, id=30600, stack(0x000000a373000000,0x000000a373100000) (1024K)]
  0x000001f919b47750 JavaThread "Thread-5"                   daemon [_thread_in_native, id=12928, stack(0x000000a373100000,0x000000a373200000) (1024K)]
  0x000001f919b42890 JavaThread "Thread-6"                   daemon [_thread_in_native, id=11580, stack(0x000000a373200000,0x000000a373300000) (1024K)]
  0x000001f919b45d10 JavaThread "Thread-7"                   daemon [_thread_in_native, id=30432, stack(0x000000a373300000,0x000000a373400000) (1024K)]
  0x000001f919b463a0 JavaThread "Thread-8"                   daemon [_thread_in_native, id=3484, stack(0x000000a373400000,0x000000a373500000) (1024K)]
  0x000001f919b435b0 JavaThread "Thread-9"                   daemon [_thread_in_native, id=28224, stack(0x000000a373500000,0x000000a373600000) (1024K)]
  0x000001f919b46a30 JavaThread "Thread-10"                  daemon [_thread_in_native, id=30816, stack(0x000000a373600000,0x000000a373700000) (1024K)]
  0x000001f919b47de0 JavaThread "Thread-11"                  daemon [_thread_in_native, id=28072, stack(0x000000a373700000,0x000000a373800000) (1024K)]
  0x000001f919b48470 JavaThread "Thread-12"                  daemon [_thread_in_native, id=26920, stack(0x000000a373800000,0x000000a373900000) (1024K)]
  0x000001f919b49820 JavaThread "Thread-13"                  daemon [_thread_in_native, id=16940, stack(0x000000a373900000,0x000000a373a00000) (1024K)]
  0x000001f919b442d0 JavaThread "Thread-14"                  daemon [_thread_in_native, id=28060, stack(0x000000a373a00000,0x000000a373b00000) (1024K)]
  0x000001f919b49190 JavaThread "pool-2-thread-1"                   [_thread_blocked, id=2776, stack(0x000000a373b00000,0x000000a373c00000) (1024K)]
  0x000001f919b43c40 JavaThread "Worker-6"                          [_thread_blocked, id=31048, stack(0x000000a373c00000,0x000000a373d00000) (1024K)]
  0x000001f9176c26a0 JavaThread "WorkspaceEventsHandler"            [_thread_blocked, id=28968, stack(0x000000a373d00000,0x000000a373e00000) (1024K)]
  0x000001f919e13580 JavaThread "pool-1-thread-1"                   [_thread_blocked, id=30636, stack(0x000000a373e00000,0x000000a373f00000) (1024K)]
  0x000001f919e1a510 JavaThread "LocalFile Deleter"          daemon [_thread_blocked, id=25116, stack(0x000000a373f00000,0x000000a374000000) (1024K)]
  0x000001f919e142a0 JavaThread "LocalFile Deleter"          daemon [_thread_blocked, id=2196, stack(0x000000a374000000,0x000000a374100000) (1024K)]
  0x000001f919e17720 JavaThread "LocalFile Deleter"          daemon [_thread_blocked, id=28556, stack(0x000000a374100000,0x000000a374200000) (1024K)]
  0x000001f919e17db0 JavaThread "LocalFile Deleter"          daemon [_thread_blocked, id=19024, stack(0x000000a374200000,0x000000a374300000) (1024K)]
  0x000001f919e197f0 JavaThread "LocalFile Deleter"          daemon [_thread_blocked, id=28340, stack(0x000000a374300000,0x000000a374400000) (1024K)]
  0x000001f919e16a00 JavaThread "LocalFile Deleter"          daemon [_thread_blocked, id=20812, stack(0x000000a374400000,0x000000a374500000) (1024K)]
  0x000001f919e15ce0 JavaThread "LocalFile Deleter"          daemon [_thread_blocked, id=31544, stack(0x000000a374500000,0x000000a374600000) (1024K)]
  0x000001f919e17090 JavaThread "LocalFile Deleter"          daemon [_thread_blocked, id=29100, stack(0x000000a374600000,0x000000a374700000) (1024K)]
  0x000001f919e18440 JavaThread "LocalFile Deleter"          daemon [_thread_blocked, id=29700, stack(0x000000a374700000,0x000000a374800000) (1024K)]
  0x000001f919e1aba0 JavaThread "LocalFile Deleter"          daemon [_thread_blocked, id=28892, stack(0x000000a374800000,0x000000a374900000) (1024K)]
  0x000001f919e19160 JavaThread "LocalFile Deleter"          daemon [_thread_blocked, id=12116, stack(0x000000a374900000,0x000000a374a00000) (1024K)]
  0x000001f919e14930 JavaThread "LocalFile Deleter"          daemon [_thread_blocked, id=11904, stack(0x000000a374a00000,0x000000a374b00000) (1024K)]
  0x000001f919e15650 JavaThread "Timer-0"                           [_thread_blocked, id=29056, stack(0x000000a372300000,0x000000a372400000) (1024K)]
=>0x000001f918b4b1c0 JavaThread "C2 CompilerThread1"         daemon [_thread_in_native, id=5176, stack(0x000000a372400000,0x000000a372500000) (1024K)]
Total: 57

Other Threads:
  0x000001f9101e4530 VMThread "VM Thread"                           [id=22044, stack(0x000000a370800000,0x000000a370900000) (1024K)]
  0x000001f9100dca00 WatcherThread "VM Periodic Task Thread"        [id=7216, stack(0x000000a370700000,0x000000a370800000) (1024K)]
  0x000001f8baccb600 WorkerThread "GC Thread#0"                     [id=28444, stack(0x000000a370600000,0x000000a370700000) (1024K)]
  0x000001f91298dde0 WorkerThread "GC Thread#1"                     [id=27408, stack(0x000000a371500000,0x000000a371600000) (1024K)]
  0x000001f9128d9c40 WorkerThread "GC Thread#2"                     [id=12316, stack(0x000000a371600000,0x000000a371700000) (1024K)]
  0x000001f912bca990 WorkerThread "GC Thread#3"                     [id=27036, stack(0x000000a371700000,0x000000a371800000) (1024K)]
  0x000001f912bcad30 WorkerThread "GC Thread#4"                     [id=16780, stack(0x000000a371800000,0x000000a371900000) (1024K)]
  0x000001f912bcb4e0 WorkerThread "GC Thread#5"                     [id=17044, stack(0x000000a371900000,0x000000a371a00000) (1024K)]
  0x000001f9128de060 WorkerThread "GC Thread#6"                     [id=28508, stack(0x000000a371a00000,0x000000a371b00000) (1024K)]
  0x000001f9171483a0 WorkerThread "GC Thread#7"                     [id=2164, stack(0x000000a371d00000,0x000000a371e00000) (1024K)]
  0x000001f9175e6200 WorkerThread "GC Thread#8"                     [id=19768, stack(0x000000a372000000,0x000000a372100000) (1024K)]
  0x000001f917242aa0 WorkerThread "GC Thread#9"                     [id=28380, stack(0x000000a372100000,0x000000a372200000) (1024K)]
Total: 12

Threads with active compile tasks:
C2 CompilerThread1  19802 10943   !   4       org.eclipse.jdt.internal.compiler.classfmt.ClassFileReader::<init> (2135 bytes)
Total: 1

VM state: at safepoint (normal execution)

VM Mutex/Monitor currently owned by a thread:  ([mutex/lock_event])
[0x00007ffdb013e308] Threads_lock - owner thread: 0x000001f9101e4530
[0x00007ffdb013e408] Heap_lock - owner thread: 0x000001f9176c12f0

Heap address: 0x00000000c0000000, size: 1024 MB, Compressed Oops mode: 32-bit

CDS archive(s) mapped at: [0x000001f8cf000000-0x000001f8cfba0000-0x000001f8cfba0000), size 12189696, SharedBaseAddress: 0x000001f8cf000000, ArchiveRelocationMode: 1.
Compressed class space mapped at: 0x000001f8d0000000-0x000001f910000000, reserved size: 1073741824
Narrow klass base: 0x000001f8cf000000, Narrow klass shift: 0, Narrow klass range: 0x100000000

GC Precious Log:
 CardTable entry size: 512
 CPUs: 12 total, 12 available
 Memory: 24236M
 Large Page Support: Disabled
 NUMA Support: Disabled
 Compressed Oops: Enabled (32-bit)
 Alignments: Space 512K, Generation 512K, Heap 2M
 Heap Min Capacity: 100M
 Heap Initial Capacity: 100M
 Heap Max Capacity: 1G
 Pre-touch: Disabled
 Parallel Workers: 10

Heap:
 PSYoungGen      total 5632K, used 5616K [0x00000000eab00000, 0x00000000eb200000, 0x0000000100000000)
  eden space 5120K, 100% used [0x00000000eab00000,0x00000000eb000000,0x00000000eb000000)
  from space 512K, 96% used [0x00000000eb180000,0x00000000eb1fc010,0x00000000eb200000)
  to   space 1024K, 83% used [0x00000000eb080000,0x00000000eb156410,0x00000000eb180000)
 ParOldGen       total 652288K, used 651851K [0x00000000c0000000, 0x00000000e7d00000, 0x00000000eab00000)
  object space 652288K, 99% used [0x00000000c0000000,0x00000000e7c92f70,0x00000000e7d00000)
 Metaspace       used 60588K, committed 62016K, reserved 1114112K
  class space    used 6703K, committed 7296K, reserved 1048576K

Card table byte_map: [0x000001f8ba680000,0x000001f8ba890000] _byte_map_base: 0x000001f8ba080000

Marking Bits: (ParMarkBitMap*) 0x00007ffdb01431f0
 Begin Bits: [0x000001f8ccea0000, 0x000001f8cdea0000)
 End Bits:   [0x000001f8cdea0000, 0x000001f8ceea0000)

Polling page: 0x000001f8ba470000

Metaspace:

Usage:
  Non-class:     52.62 MB used.
      Class:      6.55 MB used.
       Both:     59.17 MB used.

Virtual space:
  Non-class space:       64.00 MB reserved,      53.44 MB ( 83%) committed,  1 nodes.
      Class space:        1.00 GB reserved,       7.12 MB ( <1%) committed,  1 nodes.
             Both:        1.06 GB reserved,      60.56 MB (  6%) committed. 

Chunk freelists:
   Non-Class:  10.47 MB
       Class:  8.82 MB
        Both:  19.29 MB

MaxMetaspaceSize: unlimited
CompressedClassSpaceSize: 1.00 GB
Initial GC threshold: 21.00 MB
Current GC threshold: 98.12 MB
CDS: on
 - commit_granule_bytes: 65536.
 - commit_granule_words: 8192.
 - virtual_space_node_default_size: 8388608.
 - enlarge_chunks_in_place: 1.
 - use_allocation_guard: 0.


Internal statistics:

num_allocs_failed_limit: 15.
num_arena_births: 1012.
num_arena_deaths: 14.
num_vsnodes_births: 2.
num_vsnodes_deaths: 0.
num_space_committed: 969.
num_space_uncommitted: 0.
num_chunks_returned_to_freelist: 29.
num_chunks_taken_from_freelist: 3618.
num_chunk_merges: 21.
num_chunk_splits: 2357.
num_chunks_enlarged: 1495.
num_inconsistent_stats: 0.

CodeHeap 'non-profiled nmethods': size=120000Kb used=9192Kb max_used=9192Kb free=110807Kb
 bounds [0x000001f8c5970000, 0x000001f8c6270000, 0x000001f8ccea0000]
CodeHeap 'profiled nmethods': size=120000Kb used=21429Kb max_used=21429Kb free=98570Kb
 bounds [0x000001f8bdea0000, 0x000001f8bf390000, 0x000001f8c53d0000]
CodeHeap 'non-nmethods': size=5760Kb used=1408Kb max_used=1483Kb free=4351Kb
 bounds [0x000001f8c53d0000, 0x000001f8c5640000, 0x000001f8c5970000]
 total_blobs=10862 nmethods=10146 adapters=622
 compilation: enabled
              stopped_count=0, restarted_count=0
 full_count=0

Compilation events (20 events):
Event: 18.772 Thread 0x000001f912169150 nmethod 10935 0x000001f8bf367290 code [0x000001f8bf367820, 0x000001f8bf36b298]
Event: 18.780 Thread 0x000001f918b4b1c0 nmethod 10934 0x000001f8c624fa90 code [0x000001f8c624fc60, 0x000001f8c6250458]
Event: 18.801 Thread 0x000001f918b4b1c0 10936       4       org.eclipse.jdt.internal.compiler.classfmt.AnnotationInfo::decodeDefaultValue (871 bytes)
Event: 18.849 Thread 0x000001f918b4b1c0 nmethod 10936 0x000001f8c6250890 code [0x000001f8c6250ce0, 0x000001f8c6252c00]
Event: 18.973 Thread 0x000001f9120faa10 nmethod 10930 0x000001f8c6253f90 code [0x000001f8c6254b20, 0x000001f8c6260510]
Event: 18.995 Thread 0x000001f918b4b1c0 10937       4       org.eclipse.jdt.internal.compiler.classfmt.FieldInfo::decodeAnnotations (185 bytes)
Event: 18.998 Thread 0x000001f918b4b1c0 nmethod 10937 0x000001f8c6266390 code [0x000001f8c6266560, 0x000001f8c6266a88]
Event: 19.127 Thread 0x000001f918b4b1c0 10938       4       org.eclipse.jdt.core.Signature::createCharArrayTypeSignature (102 bytes)
Event: 19.131 Thread 0x000001f918b4b1c0 nmethod 10938 0x000001f8c6266d90 code [0x000001f8c6266f60, 0x000001f8c6267540]
Event: 19.177 Thread 0x000001f918b4b1c0 10939       4       org.eclipse.jdt.core.Signature::encodeTypeSignature (908 bytes)
Event: 19.195 Thread 0x000001f918b4b1c0 nmethod 10939 0x000001f8c6267a10 code [0x000001f8c6267cc0, 0x000001f8c6268ab8]
Event: 19.277 Thread 0x000001f918b4b1c0 10940       4       org.eclipse.jdt.internal.core.search.indexing.AbstractIndexer::addDefaultConstructorDeclaration (21 bytes)
Event: 19.282 Thread 0x000001f918b4b1c0 nmethod 10940 0x000001f8c6269710 code [0x000001f8c62698e0, 0x000001f8c6269dd0]
Event: 19.314 Thread 0x000001f912169150 10941 % !   3       org.eclipse.jdt.internal.compiler.classfmt.ClassFileReader::<init> @ 802 (2135 bytes)
Event: 19.324 Thread 0x000001f912169150 nmethod 10941% 0x000001f8bf36c590 code [0x000001f8bf36d0a0, 0x000001f8bf376d18]
Event: 19.325 Thread 0x000001f912169150 10942   !   3       org.eclipse.jdt.internal.compiler.classfmt.ClassFileReader::<init> (2135 bytes)
Event: 19.333 Thread 0x000001f912169150 nmethod 10942 0x000001f8bf37d490 code [0x000001f8bf37df80, 0x000001f8bf387060]
Event: 19.369 Thread 0x000001f918b4b1c0 10943   !   4       org.eclipse.jdt.internal.compiler.classfmt.ClassFileReader::<init> (2135 bytes)
Event: 19.476 Thread 0x000001f912169150 10944   !   3       org.eclipse.jdt.internal.compiler.util.Util::getZipEntryByteContent (84 bytes)
Event: 19.476 Thread 0x000001f912169150 nmethod 10944 0x000001f8bf38d610 code [0x000001f8bf38d860, 0x000001f8bf38e0a8]

GC Heap History (20 events):
Event: 19.637 GC heap before
{Heap before GC invocations=958 (full 3):
 PSYoungGen      total 6144K, used 5952K [0x00000000eab00000, 0x00000000eb200000, 0x0000000100000000)
  eden space 5120K, 100% used [0x00000000eab00000,0x00000000eb000000,0x00000000eb000000)
  from space 1024K, 81% used [0x00000000eb100000,0x00000000eb1d0000,0x00000000eb200000)
  to   space 1024K, 0% used [0x00000000eb000000,0x00000000eb000000,0x00000000eb100000)
 ParOldGen       total 643584K, used 643487K [0x00000000c0000000, 0x00000000e7480000, 0x00000000eab00000)
  object space 643584K, 99% used [0x00000000c0000000,0x00000000e7467c50,0x00000000e7480000)
 Metaspace       used 60588K, committed 62016K, reserved 1114112K
  class space    used 6703K, committed 7296K, reserved 1048576K
}
Event: 19.639 GC heap after
{Heap after GC invocations=958 (full 3):
 PSYoungGen      total 6144K, used 1023K [0x00000000eab00000, 0x00000000eb400000, 0x0000000100000000)
  eden space 5120K, 0% used [0x00000000eab00000,0x00000000eab00000,0x00000000eb000000)
  from space 1024K, 99% used [0x00000000eb000000,0x00000000eb0fffd0,0x00000000eb100000)
  to   space 2048K, 0% used [0x00000000eb200000,0x00000000eb200000,0x00000000eb400000)
 ParOldGen       total 644608K, used 644295K [0x00000000c0000000, 0x00000000e7580000, 0x00000000eab00000)
  object space 644608K, 99% used [0x00000000c0000000,0x00000000e7531c50,0x00000000e7580000)
 Metaspace       used 60588K, committed 62016K, reserved 1114112K
  class space    used 6703K, committed 7296K, reserved 1048576K
}
Event: 19.650 GC heap before
{Heap before GC invocations=959 (full 3):
 PSYoungGen      total 6144K, used 6143K [0x00000000eab00000, 0x00000000eb400000, 0x0000000100000000)
  eden space 5120K, 100% used [0x00000000eab00000,0x00000000eb000000,0x00000000eb000000)
  from space 1024K, 99% used [0x00000000eb000000,0x00000000eb0fffd0,0x00000000eb100000)
  to   space 2048K, 0% used [0x00000000eb200000,0x00000000eb200000,0x00000000eb400000)
 ParOldGen       total 644608K, used 644295K [0x00000000c0000000, 0x00000000e7580000, 0x00000000eab00000)
  object space 644608K, 99% used [0x00000000c0000000,0x00000000e7531c50,0x00000000e7580000)
 Metaspace       used 60588K, committed 62016K, reserved 1114112K
  class space    used 6703K, committed 7296K, reserved 1048576K
}
Event: 19.651 GC heap after
{Heap after GC invocations=959 (full 3):
 PSYoungGen      total 6144K, used 1004K [0x00000000eab00000, 0x00000000eb300000, 0x0000000100000000)
  eden space 5120K, 0% used [0x00000000eab00000,0x00000000eab00000,0x00000000eb000000)
  from space 1024K, 98% used [0x00000000eb200000,0x00000000eb2fb0c8,0x00000000eb300000)
  to   space 1536K, 0% used [0x00000000eb000000,0x00000000eb000000,0x00000000eb180000)
 ParOldGen       total 645632K, used 645175K [0x00000000c0000000, 0x00000000e7680000, 0x00000000eab00000)
  object space 645632K, 99% used [0x00000000c0000000,0x00000000e760dc50,0x00000000e7680000)
 Metaspace       used 60588K, committed 62016K, reserved 1114112K
  class space    used 6703K, committed 7296K, reserved 1048576K
}
Event: 19.662 GC heap before
{Heap before GC invocations=960 (full 3):
 PSYoungGen      total 6144K, used 6124K [0x00000000eab00000, 0x00000000eb300000, 0x0000000100000000)
  eden space 5120K, 100% used [0x00000000eab00000,0x00000000eb000000,0x00000000eb000000)
  from space 1024K, 98% used [0x00000000eb200000,0x00000000eb2fb0c8,0x00000000eb300000)
  to   space 1536K, 0% used [0x00000000eb000000,0x00000000eb000000,0x00000000eb180000)
 ParOldGen       total 645632K, used 645175K [0x00000000c0000000, 0x00000000e7680000, 0x00000000eab00000)
  object space 645632K, 99% used [0x00000000c0000000,0x00000000e760dc50,0x00000000e7680000)
 Metaspace       used 60588K, committed 62016K, reserved 1114112K
  class space    used 6703K, committed 7296K, reserved 1048576K
}
Event: 19.664 GC heap after
{Heap after GC invocations=960 (full 3):
 PSYoungGen      total 6656K, used 960K [0x00000000eab00000, 0x00000000eb300000, 0x0000000100000000)
  eden space 5120K, 0% used [0x00000000eab00000,0x00000000eab00000,0x00000000eb000000)
  from space 1536K, 62% used [0x00000000eb000000,0x00000000eb0f0000,0x00000000eb180000)
  to   space 1536K, 0% used [0x00000000eb180000,0x00000000eb180000,0x00000000eb300000)
 ParOldGen       total 646144K, used 645983K [0x00000000c0000000, 0x00000000e7700000, 0x00000000eab00000)
  object space 646144K, 99% used [0x00000000c0000000,0x00000000e76d7c50,0x00000000e7700000)
 Metaspace       used 60588K, committed 62016K, reserved 1114112K
  class space    used 6703K, committed 7296K, reserved 1048576K
}
Event: 19.672 GC heap before
{Heap before GC invocations=961 (full 3):
 PSYoungGen      total 6656K, used 6080K [0x00000000eab00000, 0x00000000eb300000, 0x0000000100000000)
  eden space 5120K, 100% used [0x00000000eab00000,0x00000000eb000000,0x00000000eb000000)
  from space 1536K, 62% used [0x00000000eb000000,0x00000000eb0f0000,0x00000000eb180000)
  to   space 1536K, 0% used [0x00000000eb180000,0x00000000eb180000,0x00000000eb300000)
 ParOldGen       total 646144K, used 645983K [0x00000000c0000000, 0x00000000e7700000, 0x00000000eab00000)
  object space 646144K, 99% used [0x00000000c0000000,0x00000000e76d7c50,0x00000000e7700000)
 Metaspace       used 60588K, committed 62016K, reserved 1114112K
  class space    used 6703K, committed 7296K, reserved 1048576K
}
Event: 19.675 GC heap after
{Heap after GC invocations=961 (full 3):
 PSYoungGen      total 6144K, used 864K [0x00000000eab00000, 0x00000000eb280000, 0x0000000100000000)
  eden space 5120K, 0% used [0x00000000eab00000,0x00000000eab00000,0x00000000eb000000)
  from space 1024K, 84% used [0x00000000eb180000,0x00000000eb258000,0x00000000eb280000)
  to   space 1024K, 0% used [0x00000000eb080000,0x00000000eb080000,0x00000000eb180000)
 ParOldGen       total 647168K, used 646815K [0x00000000c0000000, 0x00000000e7800000, 0x00000000eab00000)
  object space 647168K, 99% used [0x00000000c0000000,0x00000000e77a7c50,0x00000000e7800000)
 Metaspace       used 60588K, committed 62016K, reserved 1114112K
  class space    used 6703K, committed 7296K, reserved 1048576K
}
Event: 19.686 GC heap before
{Heap before GC invocations=962 (full 3):
 PSYoungGen      total 6144K, used 5984K [0x00000000eab00000, 0x00000000eb280000, 0x0000000100000000)
  eden space 5120K, 100% used [0x00000000eab00000,0x00000000eb000000,0x00000000eb000000)
  from space 1024K, 84% used [0x00000000eb180000,0x00000000eb258000,0x00000000eb280000)
  to   space 1024K, 0% used [0x00000000eb080000,0x00000000eb080000,0x00000000eb180000)
 ParOldGen       total 647168K, used 646815K [0x00000000c0000000, 0x00000000e7800000, 0x00000000eab00000)
  object space 647168K, 99% used [0x00000000c0000000,0x00000000e77a7c50,0x00000000e7800000)
 Metaspace       used 60588K, committed 62016K, reserved 1114112K
  class space    used 6703K, committed 7296K, reserved 1048576K
}
Event: 19.687 GC heap after
{Heap after GC invocations=962 (full 3):
 PSYoungGen      total 6144K, used 800K [0x00000000eab00000, 0x00000000eb200000, 0x0000000100000000)
  eden space 5120K, 0% used [0x00000000eab00000,0x00000000eab00000,0x00000000eb000000)
  from space 1024K, 78% used [0x00000000eb080000,0x00000000eb148000,0x00000000eb180000)
  to   space 512K, 0% used [0x00000000eb180000,0x00000000eb180000,0x00000000eb200000)
 ParOldGen       total 647680K, used 647559K [0x00000000c0000000, 0x00000000e7880000, 0x00000000eab00000)
  object space 647680K, 99% used [0x00000000c0000000,0x00000000e7861c50,0x00000000e7880000)
 Metaspace       used 60588K, committed 62016K, reserved 1114112K
  class space    used 6703K, committed 7296K, reserved 1048576K
}
Event: 19.699 GC heap before
{Heap before GC invocations=963 (full 3):
 PSYoungGen      total 6144K, used 5920K [0x00000000eab00000, 0x00000000eb200000, 0x0000000100000000)
  eden space 5120K, 100% used [0x00000000eab00000,0x00000000eb000000,0x00000000eb000000)
  from space 1024K, 78% used [0x00000000eb080000,0x00000000eb148000,0x00000000eb180000)
  to   space 512K, 0% used [0x00000000eb180000,0x00000000eb180000,0x00000000eb200000)
 ParOldGen       total 647680K, used 647559K [0x00000000c0000000, 0x00000000e7880000, 0x00000000eab00000)
  object space 647680K, 99% used [0x00000000c0000000,0x00000000e7861c50,0x00000000e7880000)
 Metaspace       used 60588K, committed 62016K, reserved 1114112K
  class space    used 6703K, committed 7296K, reserved 1048576K
}
Event: 19.700 GC heap after
{Heap after GC invocations=963 (full 3):
 PSYoungGen      total 5632K, used 498K [0x00000000eab00000, 0x00000000eb300000, 0x0000000100000000)
  eden space 5120K, 0% used [0x00000000eab00000,0x00000000eab00000,0x00000000eb000000)
  from space 512K, 97% used [0x00000000eb180000,0x00000000eb1fc990,0x00000000eb200000)
  to   space 1536K, 0% used [0x00000000eb000000,0x00000000eb000000,0x00000000eb180000)
 ParOldGen       total 648704K, used 648463K [0x00000000c0000000, 0x00000000e7980000, 0x00000000eab00000)
  object space 648704K, 99% used [0x00000000c0000000,0x00000000e7943c50,0x00000000e7980000)
 Metaspace       used 60588K, committed 62016K, reserved 1114112K
  class space    used 6703K, committed 7296K, reserved 1048576K
}
Event: 19.712 GC heap before
{Heap before GC invocations=964 (full 3):
 PSYoungGen      total 5632K, used 5618K [0x00000000eab00000, 0x00000000eb300000, 0x0000000100000000)
  eden space 5120K, 100% used [0x00000000eab00000,0x00000000eb000000,0x00000000eb000000)
  from space 512K, 97% used [0x00000000eb180000,0x00000000eb1fc990,0x00000000eb200000)
  to   space 1536K, 0% used [0x00000000eb000000,0x00000000eb000000,0x00000000eb180000)
 ParOldGen       total 648704K, used 648463K [0x00000000c0000000, 0x00000000e7980000, 0x00000000eab00000)
  object space 648704K, 99% used [0x00000000c0000000,0x00000000e7943c50,0x00000000e7980000)
 Metaspace       used 60588K, committed 62016K, reserved 1114112K
  class space    used 6703K, committed 7296K, reserved 1048576K
}
Event: 19.713 GC heap after
{Heap after GC invocations=964 (full 3):
 PSYoungGen      total 6656K, used 928K [0x00000000eab00000, 0x00000000eb300000, 0x0000000100000000)
  eden space 5120K, 0% used [0x00000000eab00000,0x00000000eab00000,0x00000000eb000000)
  from space 1536K, 60% used [0x00000000eb000000,0x00000000eb0e8000,0x00000000eb180000)
  to   space 1536K, 0% used [0x00000000eb180000,0x00000000eb180000,0x00000000eb300000)
 ParOldGen       total 649216K, used 649011K [0x00000000c0000000, 0x00000000e7a00000, 0x00000000eab00000)
  object space 649216K, 99% used [0x00000000c0000000,0x00000000e79ccf70,0x00000000e7a00000)
 Metaspace       used 60588K, committed 62016K, reserved 1114112K
  class space    used 6703K, committed 7296K, reserved 1048576K
}
Event: 19.723 GC heap before
{Heap before GC invocations=965 (full 3):
 PSYoungGen      total 6656K, used 6048K [0x00000000eab00000, 0x00000000eb300000, 0x0000000100000000)
  eden space 5120K, 100% used [0x00000000eab00000,0x00000000eb000000,0x00000000eb000000)
  from space 1536K, 60% used [0x00000000eb000000,0x00000000eb0e8000,0x00000000eb180000)
  to   space 1536K, 0% used [0x00000000eb180000,0x00000000eb180000,0x00000000eb300000)
 ParOldGen       total 649216K, used 649011K [0x00000000c0000000, 0x00000000e7a00000, 0x00000000eab00000)
  object space 649216K, 99% used [0x00000000c0000000,0x00000000e79ccf70,0x00000000e7a00000)
 Metaspace       used 60588K, committed 62016K, reserved 1114112K
  class space    used 6703K, committed 7296K, reserved 1048576K
}
Event: 19.725 GC heap after
{Heap after GC invocations=965 (full 3):
 PSYoungGen      total 6144K, used 928K [0x00000000eab00000, 0x00000000eb280000, 0x0000000100000000)
  eden space 5120K, 0% used [0x00000000eab00000,0x00000000eab00000,0x00000000eb000000)
  from space 1024K, 90% used [0x00000000eb180000,0x00000000eb268000,0x00000000eb280000)
  to   space 1024K, 0% used [0x00000000eb080000,0x00000000eb080000,0x00000000eb180000)
 ParOldGen       total 650240K, used 649779K [0x00000000c0000000, 0x00000000e7b00000, 0x00000000eab00000)
  object space 650240K, 99% used [0x00000000c0000000,0x00000000e7a8cf70,0x00000000e7b00000)
 Metaspace       used 60588K, committed 62016K, reserved 1114112K
  class space    used 6703K, committed 7296K, reserved 1048576K
}
Event: 19.737 GC heap before
{Heap before GC invocations=966 (full 3):
 PSYoungGen      total 6144K, used 6048K [0x00000000eab00000, 0x00000000eb280000, 0x0000000100000000)
  eden space 5120K, 100% used [0x00000000eab00000,0x00000000eb000000,0x00000000eb000000)
  from space 1024K, 90% used [0x00000000eb180000,0x00000000eb268000,0x00000000eb280000)
  to   space 1024K, 0% used [0x00000000eb080000,0x00000000eb080000,0x00000000eb180000)
 ParOldGen       total 650240K, used 649779K [0x00000000c0000000, 0x00000000e7b00000, 0x00000000eab00000)
  object space 650240K, 99% used [0x00000000c0000000,0x00000000e7a8cf70,0x00000000e7b00000)
 Metaspace       used 60588K, committed 62016K, reserved 1114112K
  class space    used 6703K, committed 7296K, reserved 1048576K
}
Event: 19.739 GC heap after
{Heap after GC invocations=966 (full 3):
 PSYoungGen      total 6144K, used 928K [0x00000000eab00000, 0x00000000eb200000, 0x0000000100000000)
  eden space 5120K, 0% used [0x00000000eab00000,0x00000000eab00000,0x00000000eb000000)
  from space 1024K, 90% used [0x00000000eb080000,0x00000000eb168000,0x00000000eb180000)
  to   space 512K, 0% used [0x00000000eb180000,0x00000000eb180000,0x00000000eb200000)
 ParOldGen       total 650752K, used 650491K [0x00000000c0000000, 0x00000000e7b80000, 0x00000000eab00000)
  object space 650752K, 99% used [0x00000000c0000000,0x00000000e7b3ef70,0x00000000e7b80000)
 Metaspace       used 60588K, committed 62016K, reserved 1114112K
  class space    used 6703K, committed 7296K, reserved 1048576K
}
Event: 19.749 GC heap before
{Heap before GC invocations=967 (full 3):
 PSYoungGen      total 6144K, used 6048K [0x00000000eab00000, 0x00000000eb200000, 0x0000000100000000)
  eden space 5120K, 100% used [0x00000000eab00000,0x00000000eb000000,0x00000000eb000000)
  from space 1024K, 90% used [0x00000000eb080000,0x00000000eb168000,0x00000000eb180000)
  to   space 512K, 0% used [0x00000000eb180000,0x00000000eb180000,0x00000000eb200000)
 ParOldGen       total 650752K, used 650491K [0x00000000c0000000, 0x00000000e7b80000, 0x00000000eab00000)
  object space 650752K, 99% used [0x00000000c0000000,0x00000000e7b3ef70,0x00000000e7b80000)
 Metaspace       used 60588K, committed 62016K, reserved 1114112K
  class space    used 6703K, committed 7296K, reserved 1048576K
}
Event: 19.751 GC heap after
{Heap after GC invocations=967 (full 3):
 PSYoungGen      total 5632K, used 496K [0x00000000eab00000, 0x00000000eb200000, 0x0000000100000000)
  eden space 5120K, 0% used [0x00000000eab00000,0x00000000eab00000,0x00000000eb000000)
  from space 512K, 96% used [0x00000000eb180000,0x00000000eb1fc010,0x00000000eb200000)
  to   space 1024K, 0% used [0x00000000eb080000,0x00000000eb080000,0x00000000eb180000)
 ParOldGen       total 651776K, used 651555K [0x00000000c0000000, 0x00000000e7c80000, 0x00000000eab00000)
  object space 651776K, 99% used [0x00000000c0000000,0x00000000e7c48f70,0x00000000e7c80000)
 Metaspace       used 60588K, committed 62016K, reserved 1114112K
  class space    used 6703K, committed 7296K, reserved 1048576K
}

Dll operation events (13 events):
Event: 0.010 Loaded shared library c:\Users\leduc\.vscode\extensions\redhat.java-1.42.0-win32-x64\jre\21.0.7-win32-x86_64\bin\java.dll
Event: 0.118 Loaded shared library c:\Users\leduc\.vscode\extensions\redhat.java-1.42.0-win32-x64\jre\21.0.7-win32-x86_64\bin\zip.dll
Event: 0.140 Loaded shared library C:\Users\leduc\.vscode\extensions\redhat.java-1.42.0-win32-x64\jre\21.0.7-win32-x86_64\bin\instrument.dll
Event: 0.144 Loaded shared library C:\Users\leduc\.vscode\extensions\redhat.java-1.42.0-win32-x64\jre\21.0.7-win32-x86_64\bin\net.dll
Event: 0.147 Loaded shared library C:\Users\leduc\.vscode\extensions\redhat.java-1.42.0-win32-x64\jre\21.0.7-win32-x86_64\bin\nio.dll
Event: 0.153 Loaded shared library C:\Users\leduc\.vscode\extensions\redhat.java-1.42.0-win32-x64\jre\21.0.7-win32-x86_64\bin\zip.dll
Event: 0.181 Loaded shared library C:\Users\leduc\.vscode\extensions\redhat.java-1.42.0-win32-x64\jre\21.0.7-win32-x86_64\bin\jimage.dll
Event: 0.302 Loaded shared library c:\Users\leduc\.vscode\extensions\redhat.java-1.42.0-win32-x64\jre\21.0.7-win32-x86_64\bin\verify.dll
Event: 1.598 Loaded shared library C:\Users\leduc\AppData\Roaming\Code\User\globalStorage\redhat.java\1.42.0\config_win\org.eclipse.equinox.launcher\org.eclipse.equinox.launcher.win32.win32.x86_64_1.2.1300.v20250331-1702\eclipse_11911.dll
Event: 3.558 Loaded shared library C:\Users\leduc\AppData\Local\Temp\jna-102848985\jna13914103012263612408.dll
Event: 9.737 Loaded shared library C:\Users\leduc\.gradle\native\1def1411415f61bf3af743bc5b6707747c0891f09f0c88961ee8f79bc544acac\windows-amd64\native-platform.dll
Event: 10.551 Loaded shared library C:\Users\leduc\.vscode\extensions\redhat.java-1.42.0-win32-x64\jre\21.0.7-win32-x86_64\bin\management.dll
Event: 10.553 Loaded shared library C:\Users\leduc\.vscode\extensions\redhat.java-1.42.0-win32-x64\jre\21.0.7-win32-x86_64\bin\management_ext.dll

Deoptimization events (20 events):
Event: 19.658 Thread 0x000001f9176c12f0 DEOPT PACKING pc=0x000001f8bf38509a sp=0x000000a3728fec10
Event: 19.658 Thread 0x000001f9176c12f0 DEOPT UNPACKING pc=0x000001f8c5424242 sp=0x000000a3728fe198 mode 0
Event: 19.669 Thread 0x000001f9176c12f0 DEOPT PACKING pc=0x000001f8bf38509a sp=0x000000a3728fec10
Event: 19.669 Thread 0x000001f9176c12f0 DEOPT UNPACKING pc=0x000001f8c5424242 sp=0x000000a3728fe198 mode 0
Event: 19.677 Thread 0x000001f9176c12f0 DEOPT PACKING pc=0x000001f8bf38509a sp=0x000000a3728fec10
Event: 19.677 Thread 0x000001f9176c12f0 DEOPT UNPACKING pc=0x000001f8c5424242 sp=0x000000a3728fe198 mode 0
Event: 19.685 Thread 0x000001f9176c12f0 DEOPT PACKING pc=0x000001f8bf38509a sp=0x000000a3728fec10
Event: 19.685 Thread 0x000001f9176c12f0 DEOPT UNPACKING pc=0x000001f8c5424242 sp=0x000000a3728fe198 mode 0
Event: 19.693 Thread 0x000001f9176c12f0 DEOPT PACKING pc=0x000001f8bf38509a sp=0x000000a3728fec10
Event: 19.693 Thread 0x000001f9176c12f0 DEOPT UNPACKING pc=0x000001f8c5424242 sp=0x000000a3728fe198 mode 0
Event: 19.704 Thread 0x000001f9176c12f0 DEOPT PACKING pc=0x000001f8bf38509a sp=0x000000a3728fec10
Event: 19.704 Thread 0x000001f9176c12f0 DEOPT UNPACKING pc=0x000001f8c5424242 sp=0x000000a3728fe198 mode 0
Event: 19.714 Thread 0x000001f9176c12f0 DEOPT PACKING pc=0x000001f8bf38509a sp=0x000000a3728fec10
Event: 19.714 Thread 0x000001f9176c12f0 DEOPT UNPACKING pc=0x000001f8c5424242 sp=0x000000a3728fe198 mode 0
Event: 19.725 Thread 0x000001f9176c12f0 DEOPT PACKING pc=0x000001f8bf38509a sp=0x000000a3728fec10
Event: 19.725 Thread 0x000001f9176c12f0 DEOPT UNPACKING pc=0x000001f8c5424242 sp=0x000000a3728fe198 mode 0
Event: 19.734 Thread 0x000001f9176c12f0 DEOPT PACKING pc=0x000001f8bf38509a sp=0x000000a3728fec10
Event: 19.734 Thread 0x000001f9176c12f0 DEOPT UNPACKING pc=0x000001f8c5424242 sp=0x000000a3728fe198 mode 0
Event: 19.747 Thread 0x000001f9176c12f0 DEOPT PACKING pc=0x000001f8bf38509a sp=0x000000a3728fec10
Event: 19.747 Thread 0x000001f9176c12f0 DEOPT UNPACKING pc=0x000001f8c5424242 sp=0x000000a3728fe198 mode 0

Classes loaded (20 events):
Event: 10.559 Loading class java/lang/management/ManagementPermission
Event: 10.559 Loading class java/lang/management/ManagementPermission done
Event: 10.804 Loading class java/security/DigestInputStream
Event: 10.804 Loading class java/security/DigestInputStream done
Event: 11.314 Loading class java/util/Collections$SynchronizedRandomAccessList
Event: 11.314 Loading class java/util/Collections$SynchronizedList
Event: 11.314 Loading class java/util/Collections$SynchronizedList done
Event: 11.314 Loading class java/util/Collections$SynchronizedRandomAccessList done
Event: 12.127 Loading class sun/nio/fs/WindowsFileCopy
Event: 12.127 Loading class sun/nio/fs/WindowsFileCopy done
Event: 13.372 Loading class java/util/concurrent/CompletableFuture$Signaller
Event: 13.373 Loading class java/util/concurrent/CompletableFuture$Signaller done
Event: 16.577 Loading class java/util/Hashtable$KeySet
Event: 16.577 Loading class java/util/Hashtable$KeySet done
Event: 16.605 Loading class java/util/stream/DistinctOps
Event: 16.609 Loading class java/util/stream/DistinctOps done
Event: 16.609 Loading class java/util/stream/DistinctOps$1
Event: 16.609 Loading class java/util/stream/DistinctOps$1 done
Event: 16.612 Loading class java/util/stream/DistinctOps$1$2
Event: 16.613 Loading class java/util/stream/DistinctOps$1$2 done

Classes unloaded (7 events):
Event: 4.223 Thread 0x000001f9101e4530 Unloading class 0x000001f8d01a3c00 'java/lang/invoke/LambdaForm$MH+0x000001f8d01a3c00'
Event: 4.223 Thread 0x000001f9101e4530 Unloading class 0x000001f8d01a3800 'java/lang/invoke/LambdaForm$MH+0x000001f8d01a3800'
Event: 4.223 Thread 0x000001f9101e4530 Unloading class 0x000001f8d01a3400 'java/lang/invoke/LambdaForm$MH+0x000001f8d01a3400'
Event: 4.223 Thread 0x000001f9101e4530 Unloading class 0x000001f8d01a3000 'java/lang/invoke/LambdaForm$MH+0x000001f8d01a3000'
Event: 4.223 Thread 0x000001f9101e4530 Unloading class 0x000001f8d01a2c00 'java/lang/invoke/LambdaForm$BMH+0x000001f8d01a2c00'
Event: 4.223 Thread 0x000001f9101e4530 Unloading class 0x000001f8d01a2800 'java/lang/invoke/LambdaForm$DMH+0x000001f8d01a2800'
Event: 4.223 Thread 0x000001f9101e4530 Unloading class 0x000001f8d01a1400 'java/lang/invoke/LambdaForm$DMH+0x000001f8d01a1400'

Classes redefined (0 events):
No events

Internal exceptions (20 events):
Event: 17.229 Thread 0x000001f9176c12f0 Exception <a 'sun/nio/fs/WindowsException'{0x00000000eaf78778}> (0x00000000eaf78778) 
thrown [s\src\hotspot\share\prims\jni.cpp, line 520]
Event: 17.283 Thread 0x000001f9176c12f0 Exception <a 'sun/nio/fs/WindowsException'{0x00000000eada68e0}> (0x00000000eada68e0) 
thrown [s\src\hotspot\share\prims\jni.cpp, line 520]
Event: 17.310 Thread 0x000001f9176c12f0 Exception <a 'sun/nio/fs/WindowsException'{0x00000000ead84280}> (0x00000000ead84280) 
thrown [s\src\hotspot\share\prims\jni.cpp, line 520]
Event: 17.398 Thread 0x000001f9176c12f0 Exception <a 'sun/nio/fs/WindowsException'{0x00000000eb02a6c8}> (0x00000000eb02a6c8) 
thrown [s\src\hotspot\share\prims\jni.cpp, line 520]
Event: 17.452 Thread 0x000001f9176c12f0 Exception <a 'sun/nio/fs/WindowsException'{0x00000000eab00970}> (0x00000000eab00970) 
thrown [s\src\hotspot\share\prims\jni.cpp, line 520]
Event: 17.471 Thread 0x000001f9176c12f0 Exception <a 'sun/nio/fs/WindowsException'{0x00000000eb043bf0}> (0x00000000eb043bf0) 
thrown [s\src\hotspot\share\prims\jni.cpp, line 520]
Event: 17.478 Thread 0x000001f9176c12f0 Implicit null exception at 0x000001f8c6162136 to 0x000001f8c6162fac
Event: 17.500 Thread 0x000001f9176c12f0 Exception <a 'sun/nio/fs/WindowsException'{0x00000000eae5a748}> (0x00000000eae5a748) 
thrown [s\src\hotspot\share\prims\jni.cpp, line 520]
Event: 18.383 Thread 0x000001f9176c0c60 Exception <a 'sun/nio/fs/WindowsException'{0x00000000eacf68c0}> (0x00000000eacf68c0) 
thrown [s\src\hotspot\share\prims\jni.cpp, line 520]
Event: 18.383 Thread 0x000001f9176c0c60 Exception <a 'sun/nio/fs/WindowsException'{0x00000000eacf6ef0}> (0x00000000eacf6ef0) 
thrown [s\src\hotspot\share\prims\jni.cpp, line 520]
Event: 18.383 Thread 0x000001f9176c0c60 Exception <a 'sun/nio/fs/WindowsException'{0x00000000eacf7dd0}> (0x00000000eacf7dd0) 
thrown [s\src\hotspot\share\prims\jni.cpp, line 520]
Event: 18.383 Thread 0x000001f9176c0c60 Exception <a 'sun/nio/fs/WindowsException'{0x00000000eacf8400}> (0x00000000eacf8400) 
thrown [s\src\hotspot\share\prims\jni.cpp, line 520]
Event: 18.384 Thread 0x000001f9176c0c60 Exception <a 'sun/nio/fs/WindowsException'{0x00000000eacf9c18}> (0x00000000eacf9c18) 
thrown [s\src\hotspot\share\prims\jni.cpp, line 520]
Event: 18.384 Thread 0x000001f9176c0c60 Exception <a 'sun/nio/fs/WindowsException'{0x00000000eacfa248}> (0x00000000eacfa248) 
thrown [s\src\hotspot\share\prims\jni.cpp, line 520]
Event: 18.390 Thread 0x000001f9176c0c60 Exception <a 'sun/nio/fs/WindowsException'{0x00000000eb13d8e0}> (0x00000000eb13d8e0) 
thrown [s\src\hotspot\share\prims\jni.cpp, line 520]
Event: 18.390 Thread 0x000001f9176c0c60 Exception <a 'sun/nio/fs/WindowsException'{0x00000000eb13df10}> (0x00000000eb13df10) 
thrown [s\src\hotspot\share\prims\jni.cpp, line 520]
Event: 18.390 Thread 0x000001f9176c0c60 Exception <a 'sun/nio/fs/WindowsException'{0x00000000eb13edf0}> (0x00000000eb13edf0) 
thrown [s\src\hotspot\share\prims\jni.cpp, line 520]
Event: 18.390 Thread 0x000001f9176c0c60 Exception <a 'sun/nio/fs/WindowsException'{0x00000000eb13f420}> (0x00000000eb13f420) 
thrown [s\src\hotspot\share\prims\jni.cpp, line 520]
Event: 18.390 Thread 0x000001f9176c0c60 Exception <a 'sun/nio/fs/WindowsException'{0x00000000eb140c38}> (0x00000000eb140c38) 
thrown [s\src\hotspot\share\prims\jni.cpp, line 520]
Event: 18.390 Thread 0x000001f9176c0c60 Exception <a 'sun/nio/fs/WindowsException'{0x00000000eb141268}> (0x00000000eb141268) 
thrown [s\src\hotspot\share\prims\jni.cpp, line 520]

ZGC Phase Switch (0 events):
No events

VM Operations (20 events):
Event: 19.637 Executing VM operation: ParallelGCFailedAllocation (Allocation Failure)
Event: 19.639 Executing VM operation: ParallelGCFailedAllocation (Allocation Failure) done
Event: 19.650 Executing VM operation: ParallelGCFailedAllocation (Allocation Failure)
Event: 19.651 Executing VM operation: ParallelGCFailedAllocation (Allocation Failure) done
Event: 19.662 Executing VM operation: ParallelGCFailedAllocation (Allocation Failure)
Event: 19.664 Executing VM operation: ParallelGCFailedAllocation (Allocation Failure) done
Event: 19.672 Executing VM operation: ParallelGCFailedAllocation (Allocation Failure)
Event: 19.675 Executing VM operation: ParallelGCFailedAllocation (Allocation Failure) done
Event: 19.686 Executing VM operation: ParallelGCFailedAllocation (Allocation Failure)
Event: 19.687 Executing VM operation: ParallelGCFailedAllocation (Allocation Failure) done
Event: 19.699 Executing VM operation: ParallelGCFailedAllocation (Allocation Failure)
Event: 19.700 Executing VM operation: ParallelGCFailedAllocation (Allocation Failure) done
Event: 19.712 Executing VM operation: ParallelGCFailedAllocation (Allocation Failure)
Event: 19.713 Executing VM operation: ParallelGCFailedAllocation (Allocation Failure) done
Event: 19.723 Executing VM operation: ParallelGCFailedAllocation (Allocation Failure)
Event: 19.725 Executing VM operation: ParallelGCFailedAllocation (Allocation Failure) done
Event: 19.737 Executing VM operation: ParallelGCFailedAllocation (Allocation Failure)
Event: 19.739 Executing VM operation: ParallelGCFailedAllocation (Allocation Failure) done
Event: 19.749 Executing VM operation: ParallelGCFailedAllocation (Allocation Failure)
Event: 19.751 Executing VM operation: ParallelGCFailedAllocation (Allocation Failure) done

Memory protections (0 events):
No events

Nmethod flushes (20 events):
Event: 10.616 Thread 0x000001f9101e4530 flushing  nmethod 0x000001f8be7e8510
Event: 10.616 Thread 0x000001f9101e4530 flushing  nmethod 0x000001f8be7fd390
Event: 10.616 Thread 0x000001f9101e4530 flushing osr nmethod 0x000001f8be81f990
Event: 10.616 Thread 0x000001f9101e4530 flushing  nmethod 0x000001f8be823390
Event: 10.616 Thread 0x000001f9101e4530 flushing  nmethod 0x000001f8be824110
Event: 10.616 Thread 0x000001f9101e4530 flushing  nmethod 0x000001f8be825290
Event: 10.616 Thread 0x000001f9101e4530 flushing  nmethod 0x000001f8be826490
Event: 10.616 Thread 0x000001f9101e4530 flushing  nmethod 0x000001f8be826890
Event: 10.616 Thread 0x000001f9101e4530 flushing  nmethod 0x000001f8be828110
Event: 10.616 Thread 0x000001f9101e4530 flushing  nmethod 0x000001f8be829d90
Event: 10.616 Thread 0x000001f9101e4530 flushing  nmethod 0x000001f8be848a90
Event: 10.616 Thread 0x000001f9101e4530 flushing  nmethod 0x000001f8be849a10
Event: 10.616 Thread 0x000001f9101e4530 flushing  nmethod 0x000001f8be84ac10
Event: 10.616 Thread 0x000001f9101e4530 flushing  nmethod 0x000001f8be84b390
Event: 10.616 Thread 0x000001f9101e4530 flushing  nmethod 0x000001f8be84d410
Event: 10.616 Thread 0x000001f9101e4530 flushing  nmethod 0x000001f8be84ef10
Event: 10.616 Thread 0x000001f9101e4530 flushing  nmethod 0x000001f8be854690
Event: 10.616 Thread 0x000001f9101e4530 flushing  nmethod 0x000001f8be855710
Event: 10.616 Thread 0x000001f9101e4530 flushing  nmethod 0x000001f8be857090
Event: 10.616 Thread 0x000001f9101e4530 flushing  nmethod 0x000001f8be857410

Events (20 events):
Event: 8.351 Thread 0x000001f919e17db0 Thread added: 0x000001f919e1aba0
Event: 8.351 Thread 0x000001f919e17db0 Thread added: 0x000001f919e19160
Event: 8.351 Thread 0x000001f919e17720 Thread added: 0x000001f919e14930
Event: 9.211 Thread 0x000001f917747860 Thread exited: 0x000001f917747860
Event: 9.341 Thread 0x000001f9176c2d30 Thread added: 0x000001f919e15650
Event: 9.442 Thread 0x000001f9176c2d30 Thread added: 0x000001f919fbd610
Event: 10.740 Thread 0x000001f9175ce770 Thread exited: 0x000001f9175ce770
Event: 10.740 Thread 0x000001f918a9ad50 Thread exited: 0x000001f918a9ad50
Event: 10.754 Thread 0x000001f912169150 Thread added: 0x000001f918b4b1c0
Event: 10.784 Thread 0x000001f919fbd610 Thread exited: 0x000001f919fbd610
Event: 10.797 Thread 0x000001f9120faa10 Thread added: 0x000001f918b47b40
Event: 11.773 Thread 0x000001f918b47b40 Thread exited: 0x000001f918b47b40
Event: 11.773 Thread 0x000001f918b4b1c0 Thread exited: 0x000001f918b4b1c0
Event: 11.793 Thread 0x000001f9120faa10 Thread added: 0x000001f918b47b40
Event: 12.083 Thread 0x000001f918b47b40 Thread exited: 0x000001f918b47b40
Event: 12.153 Thread 0x000001f912169150 Thread added: 0x000001f918b4b1c0
Event: 12.234 Thread 0x000001f912169150 Thread added: 0x000001f918b47b40
Event: 13.265 Thread 0x000001f918b47b40 Thread exited: 0x000001f918b47b40
Event: 13.635 Thread 0x000001f918b4b1c0 Thread exited: 0x000001f918b4b1c0
Event: 16.862 Thread 0x000001f912169150 Thread added: 0x000001f918b4b1c0


Dynamic libraries:
0x00007ff67d230000 - 0x00007ff67d23e000 	c:\Users\leduc\.vscode\extensions\redhat.java-1.42.0-win32-x64\jre\21.0.7-win32-x86_64\bin\java.exe
0x00007ffe80ff0000 - 0x00007ffe81207000 	C:\WINDOWS\SYSTEM32\ntdll.dll
0x00007ffe80500000 - 0x00007ffe805c4000 	C:\WINDOWS\System32\KERNEL32.DLL
0x00007ffe7e0e0000 - 0x00007ffe7e4b3000 	C:\WINDOWS\System32\KERNELBASE.dll
0x00007ffe7eb60000 - 0x00007ffe7ec71000 	C:\WINDOWS\System32\ucrtbase.dll
0x00007ffe74220000 - 0x00007ffe74238000 	c:\Users\leduc\.vscode\extensions\redhat.java-1.42.0-win32-x64\jre\21.0.7-win32-x86_64\bin\jli.dll
0x00007ffe801e0000 - 0x00007ffe80391000 	C:\WINDOWS\System32\USER32.dll
0x00007ffe7e580000 - 0x00007ffe7e5a6000 	C:\WINDOWS\System32\win32u.dll
0x00007ffe805d0000 - 0x00007ffe805f9000 	C:\WINDOWS\System32\GDI32.dll
0x00007ffe7e770000 - 0x00007ffe7e892000 	C:\WINDOWS\System32\gdi32full.dll
0x00007ffe7eac0000 - 0x00007ffe7eb5a000 	C:\WINDOWS\System32\msvcp_win.dll
0x00007ffe6ca60000 - 0x00007ffe6ca7e000 	c:\Users\leduc\.vscode\extensions\redhat.java-1.42.0-win32-x64\jre\21.0.7-win32-x86_64\bin\VCRUNTIME140.dll
0x00007ffe65170000 - 0x00007ffe6540b000 	C:\WINDOWS\WinSxS\amd64_microsoft.windows.common-controls_6595b64144ccf1df_6.0.22621.5262_none_2712bde373830908\COMCTL32.dll
0x00007ffe80600000 - 0x00007ffe806a7000 	C:\WINDOWS\System32\msvcrt.dll
0x00007ffe7f1a0000 - 0x00007ffe7f1d1000 	C:\WINDOWS\System32\IMM32.DLL
0x00007ffe75830000 - 0x00007ffe7583c000 	c:\Users\leduc\.vscode\extensions\redhat.java-1.42.0-win32-x64\jre\21.0.7-win32-x86_64\bin\vcruntime140_1.dll
0x00007ffe29740000 - 0x00007ffe297cd000 	c:\Users\leduc\.vscode\extensions\redhat.java-1.42.0-win32-x64\jre\21.0.7-win32-x86_64\bin\msvcp140.dll
0x00007ffdaf490000 - 0x00007ffdb0220000 	c:\Users\leduc\.vscode\extensions\redhat.java-1.42.0-win32-x64\jre\21.0.7-win32-x86_64\bin\server\jvm.dll
0x00007ffe80ef0000 - 0x00007ffe80fa1000 	C:\WINDOWS\System32\ADVAPI32.dll
0x00007ffe7eca0000 - 0x00007ffe7ed47000 	C:\WINDOWS\System32\sechost.dll
0x00007ffe7ea90000 - 0x00007ffe7eab8000 	C:\WINDOWS\System32\bcrypt.dll
0x00007ffe80db0000 - 0x00007ffe80ec4000 	C:\WINDOWS\System32\RPCRT4.dll
0x00007ffe80790000 - 0x00007ffe80801000 	C:\WINDOWS\System32\WS2_32.dll
0x00007ffe7cf40000 - 0x00007ffe7cf8d000 	C:\WINDOWS\SYSTEM32\POWRPROF.dll
0x00007ffe778b0000 - 0x00007ffe778e4000 	C:\WINDOWS\SYSTEM32\WINMM.dll
0x00007ffe741b0000 - 0x00007ffe741ba000 	C:\WINDOWS\SYSTEM32\VERSION.dll
0x00007ffe7cf20000 - 0x00007ffe7cf33000 	C:\WINDOWS\SYSTEM32\UMPDC.dll
0x00007ffe7d1f0000 - 0x00007ffe7d208000 	C:\WINDOWS\SYSTEM32\kernel.appcore.dll
0x00007ffe6ca50000 - 0x00007ffe6ca5a000 	c:\Users\leduc\.vscode\extensions\redhat.java-1.42.0-win32-x64\jre\21.0.7-win32-x86_64\bin\jimage.dll
0x00007ffe7b4d0000 - 0x00007ffe7b702000 	C:\WINDOWS\SYSTEM32\DBGHELP.DLL
0x00007ffe7f370000 - 0x00007ffe7f703000 	C:\WINDOWS\System32\combase.dll
0x00007ffe7f1e0000 - 0x00007ffe7f2b7000 	C:\WINDOWS\System32\OLEAUT32.dll
0x00007ffe73500000 - 0x00007ffe73532000 	C:\WINDOWS\SYSTEM32\dbgcore.DLL
0x00007ffe7e6f0000 - 0x00007ffe7e76b000 	C:\WINDOWS\System32\bcryptPrimitives.dll
0x00007ffe5b4a0000 - 0x00007ffe5b4af000 	c:\Users\leduc\.vscode\extensions\redhat.java-1.42.0-win32-x64\jre\21.0.7-win32-x86_64\bin\instrument.dll
0x00007ffe62d40000 - 0x00007ffe62d5f000 	c:\Users\leduc\.vscode\extensions\redhat.java-1.42.0-win32-x64\jre\21.0.7-win32-x86_64\bin\java.dll
0x00007ffe7f710000 - 0x00007ffe7ffad000 	C:\WINDOWS\System32\SHELL32.dll
0x00007ffe7e5b0000 - 0x00007ffe7e6ef000 	C:\WINDOWS\System32\wintypes.dll
0x00007ffe7bfe0000 - 0x00007ffe7c8fd000 	C:\WINDOWS\SYSTEM32\windows.storage.dll
0x00007ffe7ed50000 - 0x00007ffe7ee5b000 	C:\WINDOWS\System32\SHCORE.dll
0x00007ffe80400000 - 0x00007ffe80466000 	C:\WINDOWS\System32\shlwapi.dll
0x00007ffe7e010000 - 0x00007ffe7e03b000 	C:\WINDOWS\SYSTEM32\profapi.dll
0x00007ffe622d0000 - 0x00007ffe622e8000 	c:\Users\leduc\.vscode\extensions\redhat.java-1.42.0-win32-x64\jre\21.0.7-win32-x86_64\bin\zip.dll
0x00007ffe5b490000 - 0x00007ffe5b4a0000 	C:\Users\leduc\.vscode\extensions\redhat.java-1.42.0-win32-x64\jre\21.0.7-win32-x86_64\bin\net.dll
0x00007ffe79a20000 - 0x00007ffe79b4c000 	C:\WINDOWS\SYSTEM32\WINHTTP.dll
0x00007ffe7d690000 - 0x00007ffe7d6fa000 	C:\WINDOWS\system32\mswsock.dll
0x00007ffe4b8d0000 - 0x00007ffe4b8e6000 	C:\Users\leduc\.vscode\extensions\redhat.java-1.42.0-win32-x64\jre\21.0.7-win32-x86_64\bin\nio.dll
0x00007ffe54fa0000 - 0x00007ffe54fb0000 	c:\Users\leduc\.vscode\extensions\redhat.java-1.42.0-win32-x64\jre\21.0.7-win32-x86_64\bin\verify.dll
0x00007ffe16820000 - 0x00007ffe16865000 	C:\Users\leduc\AppData\Roaming\Code\User\globalStorage\redhat.java\1.42.0\config_win\org.eclipse.equinox.launcher\org.eclipse.equinox.launcher.win32.win32.x86_64_1.2.1300.v20250331-1702\eclipse_11911.dll
0x00007ffe7ffb0000 - 0x00007ffe80151000 	C:\WINDOWS\System32\ole32.dll
0x00007ffe7d8e0000 - 0x00007ffe7d8fb000 	C:\WINDOWS\SYSTEM32\CRYPTSP.dll
0x00007ffe7d150000 - 0x00007ffe7d187000 	C:\WINDOWS\system32\rsaenh.dll
0x00007ffe7d780000 - 0x00007ffe7d7a8000 	C:\WINDOWS\SYSTEM32\USERENV.dll
0x00007ffe7d900000 - 0x00007ffe7d90c000 	C:\WINDOWS\SYSTEM32\CRYPTBASE.dll
0x00007ffe7cc10000 - 0x00007ffe7cc3d000 	C:\WINDOWS\SYSTEM32\IPHLPAPI.DLL
0x00007ffe7efc0000 - 0x00007ffe7efc9000 	C:\WINDOWS\System32\NSI.dll
0x00007ffe62ae0000 - 0x00007ffe62b29000 	C:\Users\leduc\AppData\Local\Temp\jna-102848985\jna13914103012263612408.dll
0x00007ffe80710000 - 0x00007ffe80718000 	C:\WINDOWS\System32\PSAPI.DLL
0x00007ffe78840000 - 0x00007ffe78859000 	C:\WINDOWS\SYSTEM32\dhcpcsvc6.DLL
0x00007ffe78de0000 - 0x00007ffe78dff000 	C:\WINDOWS\SYSTEM32\dhcpcsvc.DLL
0x00007ffe15ef0000 - 0x00007ffe15f17000 	C:\Users\leduc\.gradle\native\1def1411415f61bf3af743bc5b6707747c0891f09f0c88961ee8f79bc544acac\windows-amd64\native-platform.dll
0x00007ffe54de0000 - 0x00007ffe54dea000 	C:\Users\leduc\.vscode\extensions\redhat.java-1.42.0-win32-x64\jre\21.0.7-win32-x86_64\bin\management.dll
0x00007ffe51d50000 - 0x00007ffe51d5b000 	C:\Users\leduc\.vscode\extensions\redhat.java-1.42.0-win32-x64\jre\21.0.7-win32-x86_64\bin\management_ext.dll

dbghelp: loaded successfully - version: 4.0.5 - missing functions: none
symbol engine: initialized successfully - sym options: 0x614 - pdb path: .;c:\Users\leduc\.vscode\extensions\redhat.java-1.42.0-win32-x64\jre\21.0.7-win32-x86_64\bin;C:\WINDOWS\SYSTEM32;C:\WINDOWS\WinSxS\amd64_microsoft.windows.common-controls_6595b64144ccf1df_6.0.22621.5262_none_2712bde373830908;c:\Users\leduc\.vscode\extensions\redhat.java-1.42.0-win32-x64\jre\21.0.7-win32-x86_64\bin\server;C:\Users\leduc\AppData\Roaming\Code\User\globalStorage\redhat.java\1.42.0\config_win\org.eclipse.equinox.launcher\org.eclipse.equinox.launcher.win32.win32.x86_64_1.2.1300.v20250331-1702;C:\Users\leduc\AppData\Local\Temp\jna-102848985;C:\Users\leduc\.gradle\native\1def1411415f61bf3af743bc5b6707747c0891f09f0c88961ee8f79bc544acac\windows-amd64

VM Arguments:
jvm_args: --add-modules=ALL-SYSTEM --add-opens=java.base/java.util=ALL-UNNAMED --add-opens=java.base/java.lang=ALL-UNNAMED --add-opens=java.base/sun.nio.fs=ALL-UNNAMED -Declipse.application=org.eclipse.jdt.ls.core.id1 -Dosgi.bundles.defaultStartLevel=4 -Declipse.product=org.eclipse.jdt.ls.core.product -Djava.import.generatesMetadataFilesAtProjectRoot=false -DDetectVMInstallationsJob.disabled=true -Dfile.encoding=utf8 -XX:+UseParallelGC -XX:GCTimeRatio=4 -XX:AdaptiveSizePolicyWeight=90 -Dsun.zip.disableMemoryMapping=true -Xmx1G -Xms100m -Xlog:disable -javaagent:c:\Users\leduc\.vscode\extensions\redhat.java-1.42.0-win32-x64\lombok\lombok-1.18.36.jar -XX:+HeapDumpOnOutOfMemoryError -XX:HeapDumpPath=c:\Users\leduc\AppData\Roaming\Code\User\workspaceStorage\b41accb726b944ba7e7f86f850f2e0d4\redhat.java -Daether.dependencyCollector.impl=bf 
java_command: c:\Users\leduc\.vscode\extensions\redhat.java-1.42.0-win32-x64\server\plugins\org.eclipse.equinox.launcher_1.7.0.v20250424-1814.jar -configuration c:\Users\leduc\AppData\Roaming\Code\User\globalStorage\redhat.java\1.42.0\config_win -data c:\Users\leduc\AppData\Roaming\Code\User\workspaceStorage\b41accb726b944ba7e7f86f850f2e0d4\redhat.java\jdt_ws --pipe=\\.\pipe\lsp-70b239a89599d4f0b87e79cfa9b86cc9-sock
java_class_path (initial): c:\Users\leduc\.vscode\extensions\redhat.java-1.42.0-win32-x64\server\plugins\org.eclipse.equinox.launcher_1.7.0.v20250424-1814.jar
Launcher Type: SUN_STANDARD

[Global flags]
    uintx AdaptiveSizePolicyWeight                 = 90                                        {product} {command line}
     intx CICompilerCount                          = 4                                         {product} {ergonomic}
    uintx GCTimeRatio                              = 4                                         {product} {command line}
     bool HeapDumpOnOutOfMemoryError               = true                                   {manageable} {command line}
    ccstr HeapDumpPath                             = c:\Users\leduc\AppData\Roaming\Code\User\workspaceStorage\b41accb726b944ba7e7f86f850f2e0d4\redhat.java         {manageable} {command line}
   size_t InitialHeapSize                          = 104857600                                 {product} {command line}
   size_t MaxHeapSize                              = 1073741824                                {product} {command line}
   size_t MaxNewSize                               = 357564416                                 {product} {ergonomic}
   size_t MinHeapDeltaBytes                        = 524288                                    {product} {ergonomic}
   size_t MinHeapSize                              = 104857600                                 {product} {command line}
   size_t NewSize                                  = 34603008                                  {product} {ergonomic}
    uintx NonNMethodCodeHeapSize                   = 5839372                                {pd product} {ergonomic}
    uintx NonProfiledCodeHeapSize                  = 122909434                              {pd product} {ergonomic}
   size_t OldSize                                  = 70254592                                  {product} {ergonomic}
    uintx ProfiledCodeHeapSize                     = 122909434                              {pd product} {ergonomic}
    uintx ReservedCodeCacheSize                    = 251658240                              {pd product} {ergonomic}
     bool SegmentedCodeCache                       = true                                      {product} {ergonomic}
   size_t SoftMaxHeapSize                          = 1073741824                             {manageable} {ergonomic}
     bool UseCompressedOops                        = true                           {product lp64_product} {ergonomic}
     bool UseLargePagesIndividualAllocation        = false                                  {pd product} {ergonomic}
     bool UseParallelGC                            = true                                      {product} {command line}

Logging:
Log output configuration:
 #0: stdout all=off uptime,level,tags foldmultilines=false
 #1: stderr all=off uptime,level,tags foldmultilines=false

Environment Variables:
PATH=C:\Program Files\Common Files\Oracle\Java\javapath;C:\Windows\system32;C:\Windows;C:\Windows\System32\Wbem;C:\Windows\System32\WindowsPowerShell\v1.0\;C:\Windows\System32\OpenSSH\;C:\Program Files (x86)\NVIDIA Corporation\PhysX\Common;C:\Program Files\NVIDIA Corporation\NVIDIA NvDLISR;C:\WINDOWS\system32;C:\WINDOWS;C:\WINDOWS\System32\Wbem;C:\WINDOWS\System32\WindowsPowerShell\v1.0\;C:\WINDOWS\System32\OpenSSH\;C:\Users\leduc\AppData\Local\nvm;C:\nvm4w\nodejs;C:\Program Files\Git\cmd;C:\Users\leduc\appdata\local\android\sdk\platform-tools;C:\Program Files\Microsoft SQL Server\150\Tools\Binn\;C:\Program Files\Microsoft SQL Server\Client SDK\ODBC\170\Tools\Binn\;C:\Program Files\dotnet\;C:\Program Files\Docker\Docker\resources\bin;C:\Program Files\PuTTY\;C:\Users\leduc\.console-ninja\.bin;C:\Users\leduc\AppData\Local\Microsoft\WindowsApps;C:\Users\leduc\AppData\Local\Programs\Microsoft VS Code\bin;C:\Users\leduc\AppData\Local\nvm;C:\nvm4w\nodejs;C:\Users\leduc\AppData\Local\GitHubDesktop\bin;C:\Users\leduc\.dotnet\tools;C:\Program Files (x86)\Nmap
USERNAME=leduc
OS=Windows_NT
PROCESSOR_IDENTIFIER=Intel64 Family 6 Model 154 Stepping 3, GenuineIntel
TMP=C:\Users\leduc\AppData\Local\Temp
TEMP=C:\Users\leduc\AppData\Local\Temp




Periodic native trim disabled

---------------  S Y S T E M  ---------------

OS:
 Windows 11 , 64 bit Build 22621 (10.0.22621.5262)
OS uptime: 0 days 6:37 hours
Hyper-V role detected

CPU: total 12 (initial active 12) (6 cores per cpu, 2 threads per core) family 6 model 154 stepping 3 microcode 0x429, cx8, cmov, fxsr, ht, mmx, 3dnowpref, sse, sse2, sse3, ssse3, sse4.1, sse4.2, popcnt, lzcnt, tsc, tscinvbit, avx, avx2, aes, erms, clmul, bmi1, bmi2, adx, sha, fma, vzeroupper, clflush, clflushopt, clwb, hv, serialize, rdtscp, rdpid, fsrm, f16c, cet_ibt, cet_ss
Processor Information for processor 0
  Max Mhz: 2000, Current Mhz: 2000, Mhz Limit: 2000
Processor Information for processor 1
  Max Mhz: 2000, Current Mhz: 2000, Mhz Limit: 2000
Processor Information for processor 2
  Max Mhz: 2000, Current Mhz: 2000, Mhz Limit: 2000
Processor Information for processor 3
  Max Mhz: 2000, Current Mhz: 2000, Mhz Limit: 2000
Processor Information for processor 4
  Max Mhz: 2000, Current Mhz: 2000, Mhz Limit: 2000
Processor Information for processor 5
  Max Mhz: 2000, Current Mhz: 2000, Mhz Limit: 2000
Processor Information for processor 6
  Max Mhz: 2000, Current Mhz: 2000, Mhz Limit: 2000
Processor Information for processor 7
  Max Mhz: 2000, Current Mhz: 2000, Mhz Limit: 2000
Processor Information for processor 8
  Max Mhz: 2000, Current Mhz: 2000, Mhz Limit: 2000
Processor Information for processor 9
  Max Mhz: 2000, Current Mhz: 1466, Mhz Limit: 2000
Processor Information for processor 10
  Max Mhz: 2000, Current Mhz: 2000, Mhz Limit: 2000
Processor Information for processor 11
  Max Mhz: 2000, Current Mhz: 2000, Mhz Limit: 2000

Memory: 4k page, system-wide physical 24236M (283M free)
TotalPageFile size 62904M (AvailPageFile size 2M)
current process WorkingSet (physical memory assigned to process): 1033M, peak: 1033M
current process commit charge ("private bytes"): 941M, peak: 987M

vm_info: OpenJDK 64-Bit Server VM (21.0.7+6-LTS) for windows-amd64 JRE (21.0.7+6-LTS), built on 2025-04-15T00:00:00Z by "admin" with MS VC++ 17.7 (VS2022)

END.
