#
# There is insufficient memory for the Java Runtime Environment to continue.
# Native memory allocation (malloc) failed to allocate 1007216 bytes. Error detail: Chunk::new
# Possible reasons:
#   The system is out of physical RAM or swap space
#   This process is running with CompressedOops enabled, and the Java Heap may be blocking the growth of the native heap
# Possible solutions:
#   Reduce memory load on the system
#   Increase physical memory or swap space
#   Check if swap backing store is full
#   Decrease Java heap size (-Xmx/-Xms)
#   Decrease number of Java threads
#   Decrease Java thread stack sizes (-Xss)
#   Set larger code cache with -XX:ReservedCodeCacheSize=
#   JVM is running with Unscaled Compressed Oops mode in which the Java heap is
#     placed in the first 4GB address space. The Java Heap base address is the
#     maximum limit for the native heap growth. Please use -XX:HeapBaseMinAddress
#     to set the Java Heap base and to place the Java Heap above 4GB virtual address.
# This output file may be truncated or incomplete.
#
#  Out of Memory Error (arena.cpp:168), pid=17128, tid=27408
#
# JRE version: OpenJDK Runtime Environment Temurin-21.0.7+6 (21.0.7+6) (build 21.0.7+6-LTS)
# Java VM: OpenJDK 64-Bit Server VM Temurin-21.0.7+6 (21.0.7+6-LTS, mixed mode, sharing, tiered, compressed oops, compressed class ptrs, parallel gc, windows-amd64)
# No core dump will be written. Minidumps are not enabled by default on client versions of Windows
#

---------------  S U M M A R Y ------------

Command Line: --add-modules=ALL-SYSTEM --add-opens=java.base/java.util=ALL-UNNAMED --add-opens=java.base/java.lang=ALL-UNNAMED --add-opens=java.base/sun.nio.fs=ALL-UNNAMED -Declipse.application=org.eclipse.jdt.ls.core.id1 -Dosgi.bundles.defaultStartLevel=4 -Declipse.product=org.eclipse.jdt.ls.core.product -Djava.import.generatesMetadataFilesAtProjectRoot=false -DDetectVMInstallationsJob.disabled=true -Dfile.encoding=utf8 -XX:+UseParallelGC -XX:GCTimeRatio=4 -XX:AdaptiveSizePolicyWeight=90 -Dsun.zip.disableMemoryMapping=true -Xmx1G -Xms100m -Xlog:disable -javaagent:c:\Users\leduc\.vscode\extensions\redhat.java-1.42.0-win32-x64\lombok\lombok-1.18.36.jar -XX:+HeapDumpOnOutOfMemoryError -XX:HeapDumpPath=c:\Users\leduc\AppData\Roaming\Code\User\workspaceStorage\b41accb726b944ba7e7f86f850f2e0d4\redhat.java -Daether.dependencyCollector.impl=bf c:\Users\leduc\.vscode\extensions\redhat.java-1.42.0-win32-x64\server\plugins\org.eclipse.equinox.launcher_1.7.0.v20250424-1814.jar -configuration c:\Users\leduc\AppData\Roaming\Code\User\globalStorage\redhat.java\1.42.0\config_win -data c:\Users\leduc\AppData\Roaming\Code\User\workspaceStorage\b41accb726b944ba7e7f86f850f2e0d4\redhat.java\jdt_ws --pipe=\\.\pipe\lsp-9936776e1f434ad6bb1cce69d4114079-sock

Host: 12th Gen Intel(R) Core(TM) i5-12450H, 12 cores, 23G,  Windows 11 , 64 bit Build 22621 (10.0.22621.5262)
Time: Sun Jun 22 17:42:54 2025 SE Asia Standard Time elapsed time: 8.306472 seconds (0d 0h 0m 8s)

---------------  T H R E A D  ---------------

Current thread (0x000001eced09ac60):  JavaThread "C2 CompilerThread0" daemon [_thread_in_native, id=27408, stack(0x00000058a1400000,0x00000058a1500000) (1024K)]


Current CompileTask:
C2:8306 9595   !   4       org.eclipse.jdt.internal.core.search.indexing.AddJrtToIndex$JrtIndexer::visitFile (133 bytes)

Stack: [0x00000058a1400000,0x00000058a1500000]
Native frames: (J=compiled Java code, j=interpreted, Vv=VM code, C=native code)
V  [jvm.dll+0x6ce119]
V  [jvm.dll+0x8a84a1]
V  [jvm.dll+0x8aa9ce]
V  [jvm.dll+0x8ab0b3]
V  [jvm.dll+0x27f8a6]
V  [jvm.dll+0xc507d]
V  [jvm.dll+0xc55b3]
V  [jvm.dll+0x3b68f2]
V  [jvm.dll+0x382aa5]
V  [jvm.dll+0x381f0a]
V  [jvm.dll+0x247af0]
V  [jvm.dll+0x2470cf]
V  [jvm.dll+0x1c760e]
V  [jvm.dll+0x25695a]
V  [jvm.dll+0x254efa]
V  [jvm.dll+0x3f03f6]
V  [jvm.dll+0x851f6b]
V  [jvm.dll+0x6cc7dd]
C  [ucrtbase.dll+0x29333]
C  [KERNEL32.DLL+0x1259d]
C  [ntdll.dll+0x5af58]


---------------  P R O C E S S  ---------------

Threads class SMR info:
_java_thread_list=0x000001eccd2c0d20, length=58, elements={
0x000001ececfeef50, 0x000001eced0933a0, 0x000001ecff3db100, 0x000001eced095750,
0x000001eced098320, 0x000001eced0961a0, 0x000001eced097810, 0x000001eced09ac60,
0x000001eced0a50c0, 0x000001ecc3966ab0, 0x000001ecc3a7c440, 0x000001ecc3bc11d0,
0x000001ecc98e9770, 0x000001ecc94ae720, 0x000001ecc9ac70c0, 0x000001ecc995eef0,
0x000001ecc9ba8fd0, 0x000001ecc9d1cdb0, 0x000001ecc9dd4550, 0x000001ecc9dd2480,
0x000001ecc91d8720, 0x000001ecc9dd31a0, 0x000001ecc9dd10d0, 0x000001ecc9dd1760,
0x000001ecc9dd2b10, 0x000001ecc9dd1df0, 0x000001ecc9dd3830, 0x000001ecc9dd3ec0,
0x000001eccc517440, 0x000001eccc518160, 0x000001eccc517ad0, 0x000001eccc516720,
0x000001eccc5187f0, 0x000001eccc518e80, 0x000001eccc516db0, 0x000001eccc515a00,
0x000001eccc516090, 0x000001eccbbe8760, 0x000001eccbbec270, 0x000001eccbbe7a40,
0x000001eccbbec900, 0x000001eccbbeb550, 0x000001eccbbeaec0, 0x000001eccbbe73b0,
0x000001eccbbe9b10, 0x000001eccbbee340, 0x000001eccbbea1a0, 0x000001eccbbee9d0,
0x000001eccbbea830, 0x000001eccbbe80d0, 0x000001eccd6ee540, 0x000001eccd6eff80,
0x000001eccd6edeb0, 0x000001eccd6eebd0, 0x000001eccd6ec470, 0x000001eccd6e9d10,
0x000001eccd6e9680, 0x000001eccd6ea3a0
}

Java Threads: ( => current thread )
  0x000001ececfeef50 JavaThread "main"                              [_thread_blocked, id=30380, stack(0x00000058a0a00000,0x00000058a0b00000) (1024K)]
  0x000001eced0933a0 JavaThread "Reference Handler"          daemon [_thread_blocked, id=28740, stack(0x00000058a0e00000,0x00000058a0f00000) (1024K)]
  0x000001ecff3db100 JavaThread "Finalizer"                  daemon [_thread_blocked, id=27544, stack(0x00000058a0f00000,0x00000058a1000000) (1024K)]
  0x000001eced095750 JavaThread "Signal Dispatcher"          daemon [_thread_blocked, id=30524, stack(0x00000058a1000000,0x00000058a1100000) (1024K)]
  0x000001eced098320 JavaThread "Attach Listener"            daemon [_thread_blocked, id=30348, stack(0x00000058a1100000,0x00000058a1200000) (1024K)]
  0x000001eced0961a0 JavaThread "Service Thread"             daemon [_thread_blocked, id=27752, stack(0x00000058a1200000,0x00000058a1300000) (1024K)]
  0x000001eced097810 JavaThread "Monitor Deflation Thread"   daemon [_thread_blocked, id=23504, stack(0x00000058a1300000,0x00000058a1400000) (1024K)]
=>0x000001eced09ac60 JavaThread "C2 CompilerThread0"         daemon [_thread_in_native, id=27408, stack(0x00000058a1400000,0x00000058a1500000) (1024K)]
  0x000001eced0a50c0 JavaThread "C1 CompilerThread0"         daemon [_thread_in_native, id=27036, stack(0x00000058a1500000,0x00000058a1600000) (1024K)]
  0x000001ecc3966ab0 JavaThread "Common-Cleaner"             daemon [_thread_blocked, id=2196, stack(0x00000058a1600000,0x00000058a1700000) (1024K)]
  0x000001ecc3a7c440 JavaThread "C2 CompilerThread1"         daemon [_thread_in_native, id=31328, stack(0x00000058a1700000,0x00000058a1800000) (1024K)]
  0x000001ecc3bc11d0 JavaThread "Notification Thread"        daemon [_thread_blocked, id=17940, stack(0x00000058a1800000,0x00000058a1900000) (1024K)]
  0x000001ecc98e9770 JavaThread "Active Thread: Equinox Container: c85c66ea-e1b6-417c-a1bd-bbd91aab8291"        [_thread_blocked, id=21072, stack(0x00000058a2000000,0x00000058a2100000) (1024K)]
  0x000001ecc94ae720 JavaThread "Refresh Thread: Equinox Container: c85c66ea-e1b6-417c-a1bd-bbd91aab8291" daemon [_thread_blocked, id=1524, stack(0x00000058a2100000,0x00000058a2200000) (1024K)]
  0x000001ecc9ac70c0 JavaThread "Framework Event Dispatcher: Equinox Container: c85c66ea-e1b6-417c-a1bd-bbd91aab8291" daemon [_thread_blocked, id=2128, stack(0x00000058a2300000,0x00000058a2400000) (1024K)]
  0x000001ecc995eef0 JavaThread "Start Level: Equinox Container: c85c66ea-e1b6-417c-a1bd-bbd91aab8291" daemon [_thread_blocked, id=10140, stack(0x00000058a2400000,0x00000058a2500000) (1024K)]
  0x000001ecc9ba8fd0 JavaThread "Bundle File Closer"         daemon [_thread_blocked, id=30056, stack(0x00000058a2700000,0x00000058a2800000) (1024K)]
  0x000001ecc9d1cdb0 JavaThread "SCR Component Actor"        daemon [_thread_blocked, id=27864, stack(0x00000058a2800000,0x00000058a2900000) (1024K)]
  0x000001ecc9dd4550 JavaThread "Worker-JM"                         [_thread_blocked, id=28476, stack(0x00000058a2a00000,0x00000058a2b00000) (1024K)]
  0x000001ecc9dd2480 JavaThread "JNA Cleaner"                daemon [_thread_blocked, id=5440, stack(0x00000058a1900000,0x00000058a1a00000) (1024K)]
  0x000001ecc91d8720 JavaThread "C2 CompilerThread2"         daemon [_thread_in_native, id=1284, stack(0x00000058a2b00000,0x00000058a2c00000) (1024K)]
  0x000001ecc9dd31a0 JavaThread "Worker-0"                          [_thread_blocked, id=29184, stack(0x00000058a2c00000,0x00000058a2d00000) (1024K)]
  0x000001ecc9dd10d0 JavaThread "Worker-1"                          [_thread_blocked, id=28316, stack(0x00000058a2d00000,0x00000058a2e00000) (1024K)]
  0x000001ecc9dd1760 JavaThread "Java indexing"              daemon [_thread_in_Java, id=10232, stack(0x00000058a2e00000,0x00000058a2f00000) (1024K)]
  0x000001ecc9dd2b10 JavaThread "Worker-2: Initialize Workspace"        [_thread_blocked, id=29512, stack(0x00000058a2f00000,0x00000058a3000000) (1024K)]
  0x000001ecc9dd1df0 JavaThread "Worker-3: Java indexing... "        [_thread_blocked, id=14044, stack(0x00000058a3000000,0x00000058a3100000) (1024K)]
  0x000001ecc9dd3830 JavaThread "Thread-2"                   daemon [_thread_in_native, id=24776, stack(0x00000058a3100000,0x00000058a3200000) (1024K)]
  0x000001ecc9dd3ec0 JavaThread "Thread-3"                   daemon [_thread_in_native, id=30040, stack(0x00000058a3200000,0x00000058a3300000) (1024K)]
  0x000001eccc517440 JavaThread "Thread-4"                   daemon [_thread_in_native, id=17100, stack(0x00000058a3300000,0x00000058a3400000) (1024K)]
  0x000001eccc518160 JavaThread "Thread-5"                   daemon [_thread_in_native, id=7744, stack(0x00000058a3400000,0x00000058a3500000) (1024K)]
  0x000001eccc517ad0 JavaThread "Thread-6"                   daemon [_thread_in_native, id=27668, stack(0x00000058a3500000,0x00000058a3600000) (1024K)]
  0x000001eccc516720 JavaThread "Thread-7"                   daemon [_thread_in_native, id=3748, stack(0x00000058a3600000,0x00000058a3700000) (1024K)]
  0x000001eccc5187f0 JavaThread "Thread-8"                   daemon [_thread_in_native, id=11360, stack(0x00000058a3700000,0x00000058a3800000) (1024K)]
  0x000001eccc518e80 JavaThread "Thread-9"                   daemon [_thread_in_native, id=26952, stack(0x00000058a3800000,0x00000058a3900000) (1024K)]
  0x000001eccc516db0 JavaThread "Thread-10"                  daemon [_thread_in_native, id=30936, stack(0x00000058a3900000,0x00000058a3a00000) (1024K)]
  0x000001eccc515a00 JavaThread "Thread-11"                  daemon [_thread_in_native, id=27028, stack(0x00000058a3a00000,0x00000058a3b00000) (1024K)]
  0x000001eccc516090 JavaThread "Thread-12"                  daemon [_thread_in_native, id=10352, stack(0x00000058a3b00000,0x00000058a3c00000) (1024K)]
  0x000001eccbbe8760 JavaThread "Thread-13"                  daemon [_thread_in_native, id=28552, stack(0x00000058a3c00000,0x00000058a3d00000) (1024K)]
  0x000001eccbbec270 JavaThread "Thread-14"                  daemon [_thread_in_native, id=22304, stack(0x00000058a3d00000,0x00000058a3e00000) (1024K)]
  0x000001eccbbe7a40 JavaThread "pool-2-thread-1"                   [_thread_blocked, id=18392, stack(0x00000058a3e00000,0x00000058a3f00000) (1024K)]
  0x000001eccbbec900 JavaThread "WorkspaceEventsHandler"            [_thread_blocked, id=11164, stack(0x00000058a3f00000,0x00000058a4000000) (1024K)]
  0x000001eccbbeb550 JavaThread "pool-1-thread-1"                   [_thread_blocked, id=28300, stack(0x00000058a4000000,0x00000058a4100000) (1024K)]
  0x000001eccbbeaec0 JavaThread "Worker-4"                          [_thread_blocked, id=30356, stack(0x00000058a4100000,0x00000058a4200000) (1024K)]
  0x000001eccbbe73b0 JavaThread "Worker-5"                          [_thread_blocked, id=19040, stack(0x00000058a4200000,0x00000058a4300000) (1024K)]
  0x000001eccbbe9b10 JavaThread "LocalFile Deleter"          daemon [_thread_blocked, id=28404, stack(0x00000058a4300000,0x00000058a4400000) (1024K)]
  0x000001eccbbee340 JavaThread "LocalFile Deleter"          daemon [_thread_blocked, id=8880, stack(0x00000058a4400000,0x00000058a4500000) (1024K)]
  0x000001eccbbea1a0 JavaThread "LocalFile Deleter"          daemon [_thread_blocked, id=3640, stack(0x00000058a4500000,0x00000058a4600000) (1024K)]
  0x000001eccbbee9d0 JavaThread "LocalFile Deleter"          daemon [_thread_blocked, id=29116, stack(0x00000058a4600000,0x00000058a4700000) (1024K)]
  0x000001eccbbea830 JavaThread "LocalFile Deleter"          daemon [_thread_blocked, id=18972, stack(0x00000058a4700000,0x00000058a4800000) (1024K)]
  0x000001eccbbe80d0 JavaThread "LocalFile Deleter"          daemon [_thread_blocked, id=25784, stack(0x00000058a4800000,0x00000058a4900000) (1024K)]
  0x000001eccd6ee540 JavaThread "LocalFile Deleter"          daemon [_thread_blocked, id=29420, stack(0x00000058a4900000,0x00000058a4a00000) (1024K)]
  0x000001eccd6eff80 JavaThread "LocalFile Deleter"          daemon [_thread_blocked, id=31104, stack(0x00000058a4a00000,0x00000058a4b00000) (1024K)]
  0x000001eccd6edeb0 JavaThread "LocalFile Deleter"          daemon [_thread_blocked, id=24364, stack(0x00000058a4b00000,0x00000058a4c00000) (1024K)]
  0x000001eccd6eebd0 JavaThread "LocalFile Deleter"          daemon [_thread_blocked, id=29432, stack(0x00000058a4c00000,0x00000058a4d00000) (1024K)]
  0x000001eccd6ec470 JavaThread "LocalFile Deleter"          daemon [_thread_blocked, id=30768, stack(0x00000058a4d00000,0x00000058a4e00000) (1024K)]
  0x000001eccd6e9d10 JavaThread "LocalFile Deleter"          daemon [_thread_blocked, id=27632, stack(0x00000058a4e00000,0x00000058a4f00000) (1024K)]
  0x000001eccd6e9680 JavaThread "Timer-0"                           [_thread_blocked, id=6992, stack(0x00000058a2900000,0x00000058a2a00000) (1024K)]
  0x000001eccd6ea3a0 JavaThread "Connection worker"                 [_thread_in_vm, id=31236, stack(0x00000058a4f00000,0x00000058a5000000) (1024K)]
Total: 58

Other Threads:
  0x000001ecff3c5040 VMThread "VM Thread"                           [id=29824, stack(0x00000058a0d00000,0x00000058a0e00000) (1024K)]
  0x000001ecff2bca00 WatcherThread "VM Periodic Task Thread"        [id=29084, stack(0x00000058a0c00000,0x00000058a0d00000) (1024K)]
  0x000001eced00e040 WorkerThread "GC Thread#0"                     [id=6744, stack(0x00000058a0b00000,0x00000058a0c00000) (1024K)]
  0x000001ecc94d63d0 WorkerThread "GC Thread#1"                     [id=16952, stack(0x00000058a1a00000,0x00000058a1b00000) (1024K)]
  0x000001ecc90e1bc0 WorkerThread "GC Thread#2"                     [id=29472, stack(0x00000058a1b00000,0x00000058a1c00000) (1024K)]
  0x000001ecc94d6770 WorkerThread "GC Thread#3"                     [id=31436, stack(0x00000058a1c00000,0x00000058a1d00000) (1024K)]
  0x000001ecc952f8b0 WorkerThread "GC Thread#4"                     [id=24620, stack(0x00000058a1d00000,0x00000058a1e00000) (1024K)]
  0x000001ecc952fc50 WorkerThread "GC Thread#5"                     [id=29060, stack(0x00000058a1e00000,0x00000058a1f00000) (1024K)]
  0x000001ecc929c0c0 WorkerThread "GC Thread#6"                     [id=29452, stack(0x00000058a1f00000,0x00000058a2000000) (1024K)]
  0x000001ecc9ad0330 WorkerThread "GC Thread#7"                     [id=13636, stack(0x00000058a2200000,0x00000058a2300000) (1024K)]
  0x000001ecc9fc73f0 WorkerThread "GC Thread#8"                     [id=31464, stack(0x00000058a2500000,0x00000058a2600000) (1024K)]
  0x000001ecc9cd9b90 WorkerThread "GC Thread#9"                     [id=7336, stack(0x00000058a2600000,0x00000058a2700000) (1024K)]
Total: 12

Threads with active compile tasks:
C2 CompilerThread0  8322 9595   !   4       org.eclipse.jdt.internal.core.search.indexing.AddJrtToIndex$JrtIndexer::visitFile (133 bytes)
C1 CompilerThread0  8322 9649   !   3       org.eclipse.jdt.internal.core.search.indexing.BinaryIndexer::indexDocument (1168 bytes)
C2 CompilerThread1  8322 9619       4       org.eclipse.jdt.internal.compiler.ExtraFlags::getExtraFlags (94 bytes)
C2 CompilerThread2  8322 9620 %     4       java.util.zip.ZipFile$Source::initCEN @ 261 (612 bytes)
Total: 4

VM state: not at safepoint (normal execution)

VM Mutex/Monitor currently owned by a thread: None

Heap address: 0x00000000c0000000, size: 1024 MB, Compressed Oops mode: 32-bit

CDS archive(s) mapped at: [0x000001ec82000000-0x000001ec82ba0000-0x000001ec82ba0000), size 12189696, SharedBaseAddress: 0x000001ec82000000, ArchiveRelocationMode: 1.
Compressed class space mapped at: 0x000001ec83000000-0x000001ecc3000000, reserved size: 1073741824
Narrow klass base: 0x000001ec82000000, Narrow klass shift: 0, Narrow klass range: 0x100000000

GC Precious Log:
 CardTable entry size: 512
 CPUs: 12 total, 12 available
 Memory: 24236M
 Large Page Support: Disabled
 NUMA Support: Disabled
 Compressed Oops: Enabled (32-bit)
 Alignments: Space 512K, Generation 512K, Heap 2M
 Heap Min Capacity: 100M
 Heap Initial Capacity: 100M
 Heap Max Capacity: 1G
 Pre-touch: Disabled
 Parallel Workers: 10

Heap:
 PSYoungGen      total 5120K, used 2409K [0x00000000eab00000, 0x00000000eb180000, 0x0000000100000000)
  eden space 4096K, 34% used [0x00000000eab00000,0x00000000eac5db28,0x00000000eaf00000)
  from space 1024K, 98% used [0x00000000eb080000,0x00000000eb17cb40,0x00000000eb180000)
  to   space 512K, 0% used [0x00000000eaf00000,0x00000000eaf00000,0x00000000eaf80000)
 ParOldGen       total 175104K, used 174624K [0x00000000c0000000, 0x00000000cab00000, 0x00000000eab00000)
  object space 175104K, 99% used [0x00000000c0000000,0x00000000caa883a0,0x00000000cab00000)
 Metaspace       used 54304K, committed 55552K, reserved 1114112K
  class space    used 5706K, committed 6272K, reserved 1048576K

Card table byte_map: [0x000001ecec990000,0x000001ececba0000] _byte_map_base: 0x000001ecec390000

Marking Bits: (ParMarkBitMap*) 0x00007ffdb01431f0
 Begin Bits: [0x000001ec80000000, 0x000001ec81000000)
 End Bits:   [0x000001ec81000000, 0x000001ec82000000)

Polling page: 0x000001eceae40000

Metaspace:

Usage:
  Non-class:     47.46 MB used.
      Class:      5.57 MB used.
       Both:     53.03 MB used.

Virtual space:
  Non-class space:       64.00 MB reserved,      48.12 MB ( 75%) committed,  1 nodes.
      Class space:        1.00 GB reserved,       6.12 MB ( <1%) committed,  1 nodes.
             Both:        1.06 GB reserved,      54.25 MB (  5%) committed. 

Chunk freelists:
   Non-Class:  15.88 MB
       Class:  9.76 MB
        Both:  25.64 MB

MaxMetaspaceSize: unlimited
CompressedClassSpaceSize: 1.00 GB
Initial GC threshold: 21.00 MB
Current GC threshold: 59.31 MB
CDS: on
 - commit_granule_bytes: 65536.
 - commit_granule_words: 8192.
 - virtual_space_node_default_size: 8388608.
 - enlarge_chunks_in_place: 1.
 - use_allocation_guard: 0.


Internal statistics:

num_allocs_failed_limit: 10.
num_arena_births: 906.
num_arena_deaths: 14.
num_vsnodes_births: 2.
num_vsnodes_deaths: 0.
num_space_committed: 868.
num_space_uncommitted: 0.
num_chunks_returned_to_freelist: 24.
num_chunks_taken_from_freelist: 3205.
num_chunk_merges: 9.
num_chunk_splits: 2075.
num_chunks_enlarged: 1320.
num_inconsistent_stats: 0.

CodeHeap 'non-profiled nmethods': size=120000Kb used=6147Kb max_used=6147Kb free=113852Kb
 bounds [0x000001ecf7cb0000, 0x000001ecf82c0000, 0x000001ecff1e0000]
CodeHeap 'profiled nmethods': size=120000Kb used=19318Kb max_used=19318Kb free=100681Kb
 bounds [0x000001ecf01e0000, 0x000001ecf14c0000, 0x000001ecf7710000]
CodeHeap 'non-nmethods': size=5760Kb used=1404Kb max_used=1466Kb free=4355Kb
 bounds [0x000001ecf7710000, 0x000001ecf7980000, 0x000001ecf7cb0000]
 total_blobs=9707 nmethods=8998 adapters=615
 compilation: enabled
              stopped_count=0, restarted_count=0
 full_count=0

Compilation events (20 events):
Event: 8.242 Thread 0x000001ecc91d8720 9614       4       java.lang.ref.Cleaner::register (25 bytes)
Event: 8.242 Thread 0x000001eced0a50c0 nmethod 9615 0x000001ecf14b3d10 code [0x000001ecf14b3f00, 0x000001ecf14b4430]
Event: 8.245 Thread 0x000001ecc3a7c440 nmethod 9610 0x000001ecf82ad690 code [0x000001ecf82ad880, 0x000001ecf82adeb8]
Event: 8.245 Thread 0x000001ecc3a7c440 9617 %     4       java.util.jar.JarFile::match @ 14 (132 bytes)
Event: 8.247 Thread 0x000001ecc91d8720 nmethod 9614 0x000001ecf82ae310 code [0x000001ecf82ae4e0, 0x000001ecf82aea28]
Event: 8.247 Thread 0x000001ecc91d8720 9616       4       java.util.zip.ZipFile$Source::checkExtraFields (161 bytes)
Event: 8.249 Thread 0x000001ecc3a7c440 nmethod 9617% 0x000001ecf82aee10 code [0x000001ecf82aefc0, 0x000001ecf82af3d8]
Event: 8.249 Thread 0x000001ecc91d8720 nmethod 9616 0x000001ecf82af690 code [0x000001ecf82af820, 0x000001ecf82afa60]
Event: 8.250 Thread 0x000001ecc91d8720 9618   !   4       java.util.zip.ZipFile$Source::readFullyAt (74 bytes)
Event: 8.251 Thread 0x000001ecc3a7c440 9619       4       org.eclipse.jdt.internal.compiler.ExtraFlags::getExtraFlags (94 bytes)
Event: 8.257 Thread 0x000001ecc91d8720 nmethod 9618 0x000001ecf82afd10 code [0x000001ecf82aff00, 0x000001ecf82b0600]
Event: 8.257 Thread 0x000001ecc91d8720 9620 %     4       java.util.zip.ZipFile$Source::initCEN @ 261 (612 bytes)
Event: 8.284 Thread 0x000001eced0a50c0 9633       3       jdk.internal.loader.FileURLMapper::getPath (139 bytes)
Event: 8.284 Thread 0x000001eced0a50c0 nmethod 9633 0x000001ecf14b4710 code [0x000001ecf14b4a00, 0x000001ecf14b5690]
Event: 8.288 Thread 0x000001eced0a50c0 9634       3       java.util.TreeMap::keyIterator (13 bytes)
Event: 8.289 Thread 0x000001eced0a50c0 nmethod 9634 0x000001ecf14b5c10 code [0x000001ecf14b5de0, 0x000001ecf14b61e0]
Event: 8.289 Thread 0x000001eced0a50c0 9635       3       java.util.TreeMap$KeySet::iterator (32 bytes)
Event: 8.289 Thread 0x000001eced0a50c0 nmethod 9635 0x000001ecf14b6390 code [0x000001ecf14b65a0, 0x000001ecf14b6d50]
Event: 8.298 Thread 0x000001eced0a50c0 9636       3       sun.nio.fs.WindowsPath::equals (28 bytes)
Event: 8.299 Thread 0x000001eced0a50c0 nmethod 9636 0x000001ecf14b6f90 code [0x000001ecf14b7160, 0x000001ecf14b75b8]

GC Heap History (20 events):
Event: 8.186 GC heap before
{Heap before GC invocations=98 (full 2):
 PSYoungGen      total 7168K, used 6857K [0x00000000eab00000, 0x00000000eb380000, 0x0000000100000000)
  eden space 5632K, 100% used [0x00000000eab00000,0x00000000eb080000,0x00000000eb080000)
  from space 1536K, 79% used [0x00000000eb080000,0x00000000eb1b2700,0x00000000eb200000)
  to   space 1536K, 0% used [0x00000000eb200000,0x00000000eb200000,0x00000000eb380000)
 ParOldGen       total 157184K, used 156837K [0x00000000c0000000, 0x00000000c9980000, 0x00000000eab00000)
  object space 157184K, 99% used [0x00000000c0000000,0x00000000c9929788,0x00000000c9980000)
 Metaspace       used 53901K, committed 55168K, reserved 1114112K
  class space    used 5643K, committed 6208K, reserved 1048576K
}
Event: 8.187 GC heap after
{Heap after GC invocations=98 (full 2):
 PSYoungGen      total 7168K, used 1392K [0x00000000eab00000, 0x00000000eb380000, 0x0000000100000000)
  eden space 5632K, 0% used [0x00000000eab00000,0x00000000eab00000,0x00000000eb080000)
  from space 1536K, 90% used [0x00000000eb200000,0x00000000eb35c3d0,0x00000000eb380000)
  to   space 1536K, 0% used [0x00000000eb080000,0x00000000eb080000,0x00000000eb200000)
 ParOldGen       total 158208K, used 157939K [0x00000000c0000000, 0x00000000c9a80000, 0x00000000eab00000)
  object space 158208K, 99% used [0x00000000c0000000,0x00000000c9a3cda0,0x00000000c9a80000)
 Metaspace       used 53901K, committed 55168K, reserved 1114112K
  class space    used 5643K, committed 6208K, reserved 1048576K
}
Event: 8.199 GC heap before
{Heap before GC invocations=99 (full 2):
 PSYoungGen      total 7168K, used 7024K [0x00000000eab00000, 0x00000000eb380000, 0x0000000100000000)
  eden space 5632K, 100% used [0x00000000eab00000,0x00000000eb080000,0x00000000eb080000)
  from space 1536K, 90% used [0x00000000eb200000,0x00000000eb35c3d0,0x00000000eb380000)
  to   space 1536K, 0% used [0x00000000eb080000,0x00000000eb080000,0x00000000eb200000)
 ParOldGen       total 158208K, used 157939K [0x00000000c0000000, 0x00000000c9a80000, 0x00000000eab00000)
  object space 158208K, 99% used [0x00000000c0000000,0x00000000c9a3cda0,0x00000000c9a80000)
 Metaspace       used 54012K, committed 55296K, reserved 1114112K
  class space    used 5658K, committed 6208K, reserved 1048576K
}
Event: 8.200 GC heap after
{Heap after GC invocations=99 (full 2):
 PSYoungGen      total 7168K, used 1381K [0x00000000eab00000, 0x00000000eb380000, 0x0000000100000000)
  eden space 5632K, 0% used [0x00000000eab00000,0x00000000eab00000,0x00000000eb080000)
  from space 1536K, 89% used [0x00000000eb080000,0x00000000eb1d9470,0x00000000eb200000)
  to   space 1536K, 0% used [0x00000000eb200000,0x00000000eb200000,0x00000000eb380000)
 ParOldGen       total 159232K, used 159175K [0x00000000c0000000, 0x00000000c9b80000, 0x00000000eab00000)
  object space 159232K, 99% used [0x00000000c0000000,0x00000000c9b71c88,0x00000000c9b80000)
 Metaspace       used 54012K, committed 55296K, reserved 1114112K
  class space    used 5658K, committed 6208K, reserved 1048576K
}
Event: 8.211 GC heap before
{Heap before GC invocations=100 (full 2):
 PSYoungGen      total 7168K, used 7013K [0x00000000eab00000, 0x00000000eb380000, 0x0000000100000000)
  eden space 5632K, 100% used [0x00000000eab00000,0x00000000eb080000,0x00000000eb080000)
  from space 1536K, 89% used [0x00000000eb080000,0x00000000eb1d9470,0x00000000eb200000)
  to   space 1536K, 0% used [0x00000000eb200000,0x00000000eb200000,0x00000000eb380000)
 ParOldGen       total 159232K, used 159175K [0x00000000c0000000, 0x00000000c9b80000, 0x00000000eab00000)
  object space 159232K, 99% used [0x00000000c0000000,0x00000000c9b71c88,0x00000000c9b80000)
 Metaspace       used 54073K, committed 55424K, reserved 1114112K
  class space    used 5665K, committed 6272K, reserved 1048576K
}
Event: 8.212 GC heap after
{Heap after GC invocations=100 (full 2):
 PSYoungGen      total 7168K, used 1320K [0x00000000eab00000, 0x00000000eb380000, 0x0000000100000000)
  eden space 5632K, 0% used [0x00000000eab00000,0x00000000eab00000,0x00000000eb080000)
  from space 1536K, 85% used [0x00000000eb200000,0x00000000eb34a338,0x00000000eb380000)
  to   space 1536K, 0% used [0x00000000eb080000,0x00000000eb080000,0x00000000eb200000)
 ParOldGen       total 160768K, used 160338K [0x00000000c0000000, 0x00000000c9d00000, 0x00000000eab00000)
  object space 160768K, 99% used [0x00000000c0000000,0x00000000c9c94b20,0x00000000c9d00000)
 Metaspace       used 54073K, committed 55424K, reserved 1114112K
  class space    used 5665K, committed 6272K, reserved 1048576K
}
Event: 8.230 GC heap before
{Heap before GC invocations=101 (full 2):
 PSYoungGen      total 7168K, used 6952K [0x00000000eab00000, 0x00000000eb380000, 0x0000000100000000)
  eden space 5632K, 100% used [0x00000000eab00000,0x00000000eb080000,0x00000000eb080000)
  from space 1536K, 85% used [0x00000000eb200000,0x00000000eb34a338,0x00000000eb380000)
  to   space 1536K, 0% used [0x00000000eb080000,0x00000000eb080000,0x00000000eb200000)
 ParOldGen       total 160768K, used 160338K [0x00000000c0000000, 0x00000000c9d00000, 0x00000000eab00000)
  object space 160768K, 99% used [0x00000000c0000000,0x00000000c9c94b20,0x00000000c9d00000)
 Metaspace       used 54227K, committed 55488K, reserved 1114112K
  class space    used 5690K, committed 6272K, reserved 1048576K
}
Event: 8.231 GC heap after
{Heap after GC invocations=101 (full 2):
 PSYoungGen      total 7168K, used 1286K [0x00000000eab00000, 0x00000000eb380000, 0x0000000100000000)
  eden space 5632K, 0% used [0x00000000eab00000,0x00000000eab00000,0x00000000eb080000)
  from space 1536K, 83% used [0x00000000eb080000,0x00000000eb1c1ab0,0x00000000eb200000)
  to   space 1536K, 0% used [0x00000000eb200000,0x00000000eb200000,0x00000000eb380000)
 ParOldGen       total 161792K, used 161444K [0x00000000c0000000, 0x00000000c9e00000, 0x00000000eab00000)
  object space 161792K, 99% used [0x00000000c0000000,0x00000000c9da9030,0x00000000c9e00000)
 Metaspace       used 54227K, committed 55488K, reserved 1114112K
  class space    used 5690K, committed 6272K, reserved 1048576K
}
Event: 8.244 GC heap before
{Heap before GC invocations=102 (full 2):
 PSYoungGen      total 7168K, used 6918K [0x00000000eab00000, 0x00000000eb380000, 0x0000000100000000)
  eden space 5632K, 100% used [0x00000000eab00000,0x00000000eb080000,0x00000000eb080000)
  from space 1536K, 83% used [0x00000000eb080000,0x00000000eb1c1ab0,0x00000000eb200000)
  to   space 1536K, 0% used [0x00000000eb200000,0x00000000eb200000,0x00000000eb380000)
 ParOldGen       total 161792K, used 161444K [0x00000000c0000000, 0x00000000c9e00000, 0x00000000eab00000)
  object space 161792K, 99% used [0x00000000c0000000,0x00000000c9da9030,0x00000000c9e00000)
 Metaspace       used 54239K, committed 55552K, reserved 1114112K
  class space    used 5691K, committed 6272K, reserved 1048576K
}
Event: 8.245 GC heap after
{Heap after GC invocations=102 (full 2):
 PSYoungGen      total 5632K, used 1505K [0x00000000eab00000, 0x00000000eb680000, 0x0000000100000000)
  eden space 4096K, 0% used [0x00000000eab00000,0x00000000eab00000,0x00000000eaf00000)
  from space 1536K, 97% used [0x00000000eb200000,0x00000000eb378408,0x00000000eb380000)
  to   space 3072K, 0% used [0x00000000eaf00000,0x00000000eaf00000,0x00000000eb200000)
 ParOldGen       total 162816K, used 162551K [0x00000000c0000000, 0x00000000c9f00000, 0x00000000eab00000)
  object space 162816K, 99% used [0x00000000c0000000,0x00000000c9ebdcf8,0x00000000c9f00000)
 Metaspace       used 54239K, committed 55552K, reserved 1114112K
  class space    used 5691K, committed 6272K, reserved 1048576K
}
Event: 8.254 GC heap before
{Heap before GC invocations=103 (full 2):
 PSYoungGen      total 5632K, used 5601K [0x00000000eab00000, 0x00000000eb680000, 0x0000000100000000)
  eden space 4096K, 100% used [0x00000000eab00000,0x00000000eaf00000,0x00000000eaf00000)
  from space 1536K, 97% used [0x00000000eb200000,0x00000000eb378408,0x00000000eb380000)
  to   space 3072K, 0% used [0x00000000eaf00000,0x00000000eaf00000,0x00000000eb200000)
 ParOldGen       total 162816K, used 162551K [0x00000000c0000000, 0x00000000c9f00000, 0x00000000eab00000)
  object space 162816K, 99% used [0x00000000c0000000,0x00000000c9ebdcf8,0x00000000c9f00000)
 Metaspace       used 54239K, committed 55552K, reserved 1114112K
  class space    used 5691K, committed 6272K, reserved 1048576K
}
Event: 8.256 GC heap after
{Heap after GC invocations=103 (full 2):
 PSYoungGen      total 6144K, used 1691K [0x00000000eab00000, 0x00000000eb300000, 0x0000000100000000)
  eden space 4096K, 0% used [0x00000000eab00000,0x00000000eab00000,0x00000000eaf00000)
  from space 2048K, 82% used [0x00000000eaf00000,0x00000000eb0a6f70,0x00000000eb100000)
  to   space 2048K, 0% used [0x00000000eb100000,0x00000000eb100000,0x00000000eb300000)
 ParOldGen       total 164352K, used 164027K [0x00000000c0000000, 0x00000000ca080000, 0x00000000eab00000)
  object space 164352K, 99% used [0x00000000c0000000,0x00000000ca02ec68,0x00000000ca080000)
 Metaspace       used 54239K, committed 55552K, reserved 1114112K
  class space    used 5691K, committed 6272K, reserved 1048576K
}
Event: 8.265 GC heap before
{Heap before GC invocations=104 (full 2):
 PSYoungGen      total 6144K, used 5787K [0x00000000eab00000, 0x00000000eb300000, 0x0000000100000000)
  eden space 4096K, 100% used [0x00000000eab00000,0x00000000eaf00000,0x00000000eaf00000)
  from space 2048K, 82% used [0x00000000eaf00000,0x00000000eb0a6f70,0x00000000eb100000)
  to   space 2048K, 0% used [0x00000000eb100000,0x00000000eb100000,0x00000000eb300000)
 ParOldGen       total 164352K, used 164027K [0x00000000c0000000, 0x00000000ca080000, 0x00000000eab00000)
  object space 164352K, 99% used [0x00000000c0000000,0x00000000ca02ec68,0x00000000ca080000)
 Metaspace       used 54239K, committed 55552K, reserved 1114112K
  class space    used 5691K, committed 6272K, reserved 1048576K
}
Event: 8.266 GC heap after
{Heap after GC invocations=104 (full 2):
 PSYoungGen      total 6144K, used 1763K [0x00000000eab00000, 0x00000000eb300000, 0x0000000100000000)
  eden space 4096K, 0% used [0x00000000eab00000,0x00000000eab00000,0x00000000eaf00000)
  from space 2048K, 86% used [0x00000000eb100000,0x00000000eb2b8d88,0x00000000eb300000)
  to   space 2048K, 0% used [0x00000000eaf00000,0x00000000eaf00000,0x00000000eb100000)
 ParOldGen       total 165888K, used 165557K [0x00000000c0000000, 0x00000000ca200000, 0x00000000eab00000)
  object space 165888K, 99% used [0x00000000c0000000,0x00000000ca1ad548,0x00000000ca200000)
 Metaspace       used 54239K, committed 55552K, reserved 1114112K
  class space    used 5691K, committed 6272K, reserved 1048576K
}
Event: 8.279 GC heap before
{Heap before GC invocations=105 (full 2):
 PSYoungGen      total 6144K, used 5859K [0x00000000eab00000, 0x00000000eb300000, 0x0000000100000000)
  eden space 4096K, 99% used [0x00000000eab00000,0x00000000eaefff20,0x00000000eaf00000)
  from space 2048K, 86% used [0x00000000eb100000,0x00000000eb2b8d88,0x00000000eb300000)
  to   space 2048K, 0% used [0x00000000eaf00000,0x00000000eaf00000,0x00000000eb100000)
 ParOldGen       total 165888K, used 165557K [0x00000000c0000000, 0x00000000ca200000, 0x00000000eab00000)
  object space 165888K, 99% used [0x00000000c0000000,0x00000000ca1ad548,0x00000000ca200000)
 Metaspace       used 54257K, committed 55552K, reserved 1114112K
  class space    used 5696K, committed 6272K, reserved 1048576K
}
Event: 8.283 GC heap after
{Heap after GC invocations=105 (full 2):
 PSYoungGen      total 6144K, used 1660K [0x00000000eab00000, 0x00000000eb300000, 0x0000000100000000)
  eden space 4096K, 0% used [0x00000000eab00000,0x00000000eab00000,0x00000000eaf00000)
  from space 2048K, 81% used [0x00000000eaf00000,0x00000000eb09f028,0x00000000eb100000)
  to   space 2048K, 0% used [0x00000000eb100000,0x00000000eb100000,0x00000000eb300000)
 ParOldGen       total 167424K, used 167208K [0x00000000c0000000, 0x00000000ca380000, 0x00000000eab00000)
  object space 167424K, 99% used [0x00000000c0000000,0x00000000ca34a0c8,0x00000000ca380000)
 Metaspace       used 54257K, committed 55552K, reserved 1114112K
  class space    used 5696K, committed 6272K, reserved 1048576K
}
Event: 8.292 GC heap before
{Heap before GC invocations=106 (full 2):
 PSYoungGen      total 6144K, used 5756K [0x00000000eab00000, 0x00000000eb300000, 0x0000000100000000)
  eden space 4096K, 100% used [0x00000000eab00000,0x00000000eaf00000,0x00000000eaf00000)
  from space 2048K, 81% used [0x00000000eaf00000,0x00000000eb09f028,0x00000000eb100000)
  to   space 2048K, 0% used [0x00000000eb100000,0x00000000eb100000,0x00000000eb300000)
 ParOldGen       total 167424K, used 167208K [0x00000000c0000000, 0x00000000ca380000, 0x00000000eab00000)
  object space 167424K, 99% used [0x00000000c0000000,0x00000000ca34a0c8,0x00000000ca380000)
 Metaspace       used 54260K, committed 55552K, reserved 1114112K
  class space    used 5696K, committed 6272K, reserved 1048576K
}
Event: 8.294 GC heap after
{Heap after GC invocations=106 (full 2):
 PSYoungGen      total 6144K, used 1700K [0x00000000eab00000, 0x00000000eb300000, 0x0000000100000000)
  eden space 4096K, 0% used [0x00000000eab00000,0x00000000eab00000,0x00000000eaf00000)
  from space 2048K, 83% used [0x00000000eb100000,0x00000000eb2a9350,0x00000000eb300000)
  to   space 2048K, 0% used [0x00000000eaf00000,0x00000000eaf00000,0x00000000eb100000)
 ParOldGen       total 168960K, used 168778K [0x00000000c0000000, 0x00000000ca500000, 0x00000000eab00000)
  object space 168960K, 99% used [0x00000000c0000000,0x00000000ca4d2980,0x00000000ca500000)
 Metaspace       used 54260K, committed 55552K, reserved 1114112K
  class space    used 5696K, committed 6272K, reserved 1048576K
}
Event: 8.299 GC heap before
{Heap before GC invocations=107 (full 2):
 PSYoungGen      total 6144K, used 5796K [0x00000000eab00000, 0x00000000eb300000, 0x0000000100000000)
  eden space 4096K, 100% used [0x00000000eab00000,0x00000000eaf00000,0x00000000eaf00000)
  from space 2048K, 83% used [0x00000000eb100000,0x00000000eb2a9350,0x00000000eb300000)
  to   space 2048K, 0% used [0x00000000eaf00000,0x00000000eaf00000,0x00000000eb100000)
 ParOldGen       total 168960K, used 168778K [0x00000000c0000000, 0x00000000ca500000, 0x00000000eab00000)
  object space 168960K, 99% used [0x00000000c0000000,0x00000000ca4d2980,0x00000000ca500000)
 Metaspace       used 54260K, committed 55552K, reserved 1114112K
  class space    used 5696K, committed 6272K, reserved 1048576K
}
Event: 8.302 GC heap after
{Heap after GC invocations=107 (full 2):
 PSYoungGen      total 4608K, used 466K [0x00000000eab00000, 0x00000000eb180000, 0x0000000100000000)
  eden space 4096K, 0% used [0x00000000eab00000,0x00000000eab00000,0x00000000eaf00000)
  from space 512K, 91% used [0x00000000eaf00000,0x00000000eaf74b10,0x00000000eaf80000)
  to   space 1024K, 0% used [0x00000000eb080000,0x00000000eb080000,0x00000000eb180000)
 ParOldGen       total 173568K, used 173347K [0x00000000c0000000, 0x00000000ca980000, 0x00000000eab00000)
  object space 173568K, 99% used [0x00000000c0000000,0x00000000ca948d68,0x00000000ca980000)
 Metaspace       used 54260K, committed 55552K, reserved 1114112K
  class space    used 5696K, committed 6272K, reserved 1048576K
}

Dll operation events (10 events):
Event: 0.020 Loaded shared library c:\Users\leduc\.vscode\extensions\redhat.java-1.42.0-win32-x64\jre\21.0.7-win32-x86_64\bin\java.dll
Event: 0.099 Loaded shared library c:\Users\leduc\.vscode\extensions\redhat.java-1.42.0-win32-x64\jre\21.0.7-win32-x86_64\bin\zip.dll
Event: 0.119 Loaded shared library C:\Users\leduc\.vscode\extensions\redhat.java-1.42.0-win32-x64\jre\21.0.7-win32-x86_64\bin\instrument.dll
Event: 0.123 Loaded shared library C:\Users\leduc\.vscode\extensions\redhat.java-1.42.0-win32-x64\jre\21.0.7-win32-x86_64\bin\net.dll
Event: 0.126 Loaded shared library C:\Users\leduc\.vscode\extensions\redhat.java-1.42.0-win32-x64\jre\21.0.7-win32-x86_64\bin\nio.dll
Event: 0.130 Loaded shared library C:\Users\leduc\.vscode\extensions\redhat.java-1.42.0-win32-x64\jre\21.0.7-win32-x86_64\bin\zip.dll
Event: 0.149 Loaded shared library C:\Users\leduc\.vscode\extensions\redhat.java-1.42.0-win32-x64\jre\21.0.7-win32-x86_64\bin\jimage.dll
Event: 0.232 Loaded shared library c:\Users\leduc\.vscode\extensions\redhat.java-1.42.0-win32-x64\jre\21.0.7-win32-x86_64\bin\verify.dll
Event: 1.324 Loaded shared library C:\Users\leduc\AppData\Roaming\Code\User\globalStorage\redhat.java\1.42.0\config_win\org.eclipse.equinox.launcher\org.eclipse.equinox.launcher.win32.win32.x86_64_1.2.1300.v20250331-1702\eclipse_11911.dll
Event: 2.522 Loaded shared library C:\Users\leduc\AppData\Local\Temp\jna-102848985\jna17834113769885282091.dll

Deoptimization events (20 events):
Event: 8.186 Thread 0x000001eccd6ea3a0 DEOPT PACKING pc=0x000001ecf8278b04 sp=0x00000058a4ffe0a0
Event: 8.186 Thread 0x000001eccd6ea3a0 DEOPT UNPACKING pc=0x000001ecf7763aa2 sp=0x00000058a4ffe018 mode 2
Event: 8.192 Thread 0x000001eccd6ea3a0 Uncommon trap: trap_request=0xffffff45 fr.pc=0x000001ecf814a498 relative=0x0000000000000d58
Event: 8.192 Thread 0x000001eccd6ea3a0 Uncommon trap: reason=unstable_if action=reinterpret pc=0x000001ecf814a498 method=java.util.Properties$LineReader.readLine()I @ 182 c2
Event: 8.192 Thread 0x000001eccd6ea3a0 DEOPT PACKING pc=0x000001ecf814a498 sp=0x00000058a4ffea70
Event: 8.192 Thread 0x000001eccd6ea3a0 DEOPT UNPACKING pc=0x000001ecf7763aa2 sp=0x00000058a4ffea10 mode 2
Event: 8.227 Thread 0x000001eccd6ea3a0 DEOPT PACKING pc=0x000001ecf023d6b5 sp=0x00000058a4ffd580
Event: 8.227 Thread 0x000001eccd6ea3a0 DEOPT UNPACKING pc=0x000001ecf7764242 sp=0x00000058a4ffca90 mode 0
Event: 8.271 Thread 0x000001eccd6ea3a0 Uncommon trap: trap_request=0xffffff45 fr.pc=0x000001ecf8277e00 relative=0x00000000000002a0
Event: 8.271 Thread 0x000001eccd6ea3a0 Uncommon trap: reason=unstable_if action=reinterpret pc=0x000001ecf8277e00 method=sun.nio.fs.WindowsPath.compareTo(Ljava/nio/file/Path;)I @ 76 c2
Event: 8.271 Thread 0x000001eccd6ea3a0 DEOPT PACKING pc=0x000001ecf8277e00 sp=0x00000058a4ffdc90
Event: 8.271 Thread 0x000001eccd6ea3a0 DEOPT UNPACKING pc=0x000001ecf7763aa2 sp=0x00000058a4ffdb98 mode 2
Event: 8.279 Thread 0x000001eccd6ea3a0 DEOPT PACKING pc=0x000001ecf14b437b sp=0x00000058a4ffdf10
Event: 8.279 Thread 0x000001eccd6ea3a0 DEOPT UNPACKING pc=0x000001ecf7764242 sp=0x00000058a4ffd380 mode 0
Event: 8.290 Thread 0x000001eccd6ea3a0 DEOPT PACKING pc=0x000001ecf14b437b sp=0x00000058a4ffdf10
Event: 8.290 Thread 0x000001eccd6ea3a0 DEOPT UNPACKING pc=0x000001ecf7764242 sp=0x00000058a4ffd380 mode 0
Event: 8.304 Thread 0x000001eccd6ea3a0 Uncommon trap: trap_request=0xffffff45 fr.pc=0x000001ecf7cba0c8 relative=0x00000000000000a8
Event: 8.304 Thread 0x000001eccd6ea3a0 Uncommon trap: reason=unstable_if action=reinterpret pc=0x000001ecf7cba0c8 method=java.lang.String.isLatin1()Z @ 10 c2
Event: 8.304 Thread 0x000001eccd6ea3a0 DEOPT PACKING pc=0x000001ecf7cba0c8 sp=0x00000058a4ffd5a0
Event: 8.304 Thread 0x000001eccd6ea3a0 DEOPT UNPACKING pc=0x000001ecf7763aa2 sp=0x00000058a4ffd4d8 mode 2

Classes loaded (20 events):
Event: 7.722 Loading class java/nio/file/PathMatcher done
Event: 7.722 Loading class sun/nio/fs/WindowsFileSystem$2 done
Event: 8.030 Loading class java/nio/file/FileChannelLinesSpliterator
Event: 8.030 Loading class java/nio/file/FileChannelLinesSpliterator done
Event: 8.031 Loading class java/util/stream/Streams$1
Event: 8.031 Loading class java/util/stream/Streams$1 done
Event: 8.032 Loading class java/nio/file/FileChannelLinesSpliterator$1
Event: 8.032 Loading class java/nio/file/FileChannelLinesSpliterator$1 done
Event: 8.103 Loading class java/util/concurrent/CopyOnWriteArraySet
Event: 8.103 Loading class java/util/concurrent/CopyOnWriteArraySet done
Event: 8.143 Loading class java/util/concurrent/ArrayBlockingQueue
Event: 8.143 Loading class java/util/concurrent/ArrayBlockingQueue done
Event: 8.196 Loading class java/net/HttpURLConnection
Event: 8.197 Loading class java/net/HttpURLConnection done
Event: 8.204 Loading class java/io/FileFilter
Event: 8.204 Loading class java/io/FileFilter done
Event: 8.223 Loading class java/util/concurrent/ConcurrentHashMap$ValueSpliterator
Event: 8.223 Loading class java/util/concurrent/ConcurrentHashMap$ValueSpliterator done
Event: 8.225 Loading class jdk/internal/loader/BootLoader$PackageHelper
Event: 8.225 Loading class jdk/internal/loader/BootLoader$PackageHelper done

Classes unloaded (7 events):
Event: 2.975 Thread 0x000001ecff3c5040 Unloading class 0x000001ec8319cc00 'java/lang/invoke/LambdaForm$MH+0x000001ec8319cc00'
Event: 2.975 Thread 0x000001ecff3c5040 Unloading class 0x000001ec8319c800 'java/lang/invoke/LambdaForm$MH+0x000001ec8319c800'
Event: 2.975 Thread 0x000001ecff3c5040 Unloading class 0x000001ec8319c400 'java/lang/invoke/LambdaForm$MH+0x000001ec8319c400'
Event: 2.975 Thread 0x000001ecff3c5040 Unloading class 0x000001ec8319c000 'java/lang/invoke/LambdaForm$MH+0x000001ec8319c000'
Event: 2.975 Thread 0x000001ecff3c5040 Unloading class 0x000001ec8319bc00 'java/lang/invoke/LambdaForm$BMH+0x000001ec8319bc00'
Event: 2.975 Thread 0x000001ecff3c5040 Unloading class 0x000001ec8319b800 'java/lang/invoke/LambdaForm$DMH+0x000001ec8319b800'
Event: 2.975 Thread 0x000001ecff3c5040 Unloading class 0x000001ec8319a400 'java/lang/invoke/LambdaForm$DMH+0x000001ec8319a400'

Classes redefined (0 events):
No events

Internal exceptions (20 events):
Event: 8.023 Thread 0x000001ecc9dd2b10 Exception <a 'sun/nio/fs/WindowsException'{0x00000000eafd56f8}> (0x00000000eafd56f8) 
thrown [s\src\hotspot\share\prims\jni.cpp, line 520]
Event: 8.023 Thread 0x000001ecc9dd2b10 Exception <a 'sun/nio/fs/WindowsException'{0x00000000eafd5cd8}> (0x00000000eafd5cd8) 
thrown [s\src\hotspot\share\prims\jni.cpp, line 520]
Event: 8.023 Thread 0x000001ecc9dd2b10 Exception <a 'sun/nio/fs/WindowsException'{0x00000000eafd8d10}> (0x00000000eafd8d10) 
thrown [s\src\hotspot\share\prims\jni.cpp, line 520]
Event: 8.023 Thread 0x000001ecc9dd2b10 Exception <a 'sun/nio/fs/WindowsException'{0x00000000eafd92d0}> (0x00000000eafd92d0) 
thrown [s\src\hotspot\share\prims\jni.cpp, line 520]
Event: 8.023 Thread 0x000001ecc9dd2b10 Exception <a 'sun/nio/fs/WindowsException'{0x00000000eafd9890}> (0x00000000eafd9890) 
thrown [s\src\hotspot\share\prims\jni.cpp, line 520]
Event: 8.023 Thread 0x000001ecc9dd2b10 Exception <a 'sun/nio/fs/WindowsException'{0x00000000eafd9e68}> (0x00000000eafd9e68) 
thrown [s\src\hotspot\share\prims\jni.cpp, line 520]
Event: 8.023 Thread 0x000001ecc9dd2b10 Exception <a 'sun/nio/fs/WindowsException'{0x00000000eb00cde8}> (0x00000000eb00cde8) 
thrown [s\src\hotspot\share\prims\jni.cpp, line 520]
Event: 8.023 Thread 0x000001ecc9dd2b10 Exception <a 'sun/nio/fs/WindowsException'{0x00000000eb00d398}> (0x00000000eb00d398) 
thrown [s\src\hotspot\share\prims\jni.cpp, line 520]
Event: 8.023 Thread 0x000001ecc9dd2b10 Exception <a 'sun/nio/fs/WindowsException'{0x00000000eb00d948}> (0x00000000eb00d948) 
thrown [s\src\hotspot\share\prims\jni.cpp, line 520]
Event: 8.023 Thread 0x000001ecc9dd2b10 Exception <a 'sun/nio/fs/WindowsException'{0x00000000eb00df18}> (0x00000000eb00df18) 
thrown [s\src\hotspot\share\prims\jni.cpp, line 520]
Event: 8.023 Thread 0x000001ecc9dd2b10 Exception <a 'sun/nio/fs/WindowsException'{0x00000000eb010dd0}> (0x00000000eb010dd0) 
thrown [s\src\hotspot\share\prims\jni.cpp, line 520]
Event: 8.023 Thread 0x000001ecc9dd2b10 Exception <a 'sun/nio/fs/WindowsException'{0x00000000eb011378}> (0x00000000eb011378) 
thrown [s\src\hotspot\share\prims\jni.cpp, line 520]
Event: 8.023 Thread 0x000001ecc9dd2b10 Exception <a 'sun/nio/fs/WindowsException'{0x00000000eb011920}> (0x00000000eb011920) 
thrown [s\src\hotspot\share\prims\jni.cpp, line 520]
Event: 8.023 Thread 0x000001ecc9dd2b10 Exception <a 'sun/nio/fs/WindowsException'{0x00000000eb02a008}> (0x00000000eb02a008) 
thrown [s\src\hotspot\share\prims\jni.cpp, line 520]
Event: 8.023 Thread 0x000001ecc9dd2b10 Exception <a 'sun/nio/fs/WindowsException'{0x00000000eb02d630}> (0x00000000eb02d630) 
thrown [s\src\hotspot\share\prims\jni.cpp, line 520]
Event: 8.023 Thread 0x000001ecc9dd2b10 Exception <a 'sun/nio/fs/WindowsException'{0x00000000eb02dbd8}> (0x00000000eb02dbd8) 
thrown [s\src\hotspot\share\prims\jni.cpp, line 520]
Event: 8.023 Thread 0x000001ecc9dd2b10 Exception <a 'sun/nio/fs/WindowsException'{0x00000000eb02e180}> (0x00000000eb02e180) 
thrown [s\src\hotspot\share\prims\jni.cpp, line 520]
Event: 8.023 Thread 0x000001ecc9dd2b10 Exception <a 'sun/nio/fs/WindowsException'{0x00000000eb02e740}> (0x00000000eb02e740) 
thrown [s\src\hotspot\share\prims\jni.cpp, line 520]
Event: 8.105 Thread 0x000001ecc9dd2b10 Exception <a 'java/lang/NoSuchMethodError'{0x00000000eae40740}: 'java.lang.Object java.lang.invoke.DirectMethodHandle$Holder.invokeVirtual(java.lang.Object, java.lang.Object, java.lang.Object, java.lang.Object)'> (0x00000000eae40740) 
thrown [s\src\hotspot\share\interpreter\linkResolver.cpp, line 773]
Event: 8.108 Thread 0x000001ecc9dd2b10 Exception <a 'java/lang/NoSuchMethodError'{0x00000000eaf4db20}: 'java.lang.Object java.lang.invoke.DirectMethodHandle$Holder.invokeVirtual(java.lang.Object, java.lang.Object, java.lang.Object, java.lang.Object, java.lang.Object)'> (0x00000000eaf4db20) 
thrown [s\src\hotspot\share\interpreter\linkResolver.cpp, line 773]

ZGC Phase Switch (0 events):
No events

VM Operations (20 events):
Event: 8.199 Executing VM operation: ParallelGCFailedAllocation (Allocation Failure)
Event: 8.200 Executing VM operation: ParallelGCFailedAllocation (Allocation Failure) done
Event: 8.211 Executing VM operation: ParallelGCFailedAllocation (Allocation Failure)
Event: 8.212 Executing VM operation: ParallelGCFailedAllocation (Allocation Failure) done
Event: 8.220 Executing VM operation: HandshakeAllThreads (Deoptimize)
Event: 8.220 Executing VM operation: HandshakeAllThreads (Deoptimize) done
Event: 8.230 Executing VM operation: ParallelGCFailedAllocation (Allocation Failure)
Event: 8.231 Executing VM operation: ParallelGCFailedAllocation (Allocation Failure) done
Event: 8.244 Executing VM operation: ParallelGCFailedAllocation (Allocation Failure)
Event: 8.245 Executing VM operation: ParallelGCFailedAllocation (Allocation Failure) done
Event: 8.254 Executing VM operation: ParallelGCFailedAllocation (Allocation Failure)
Event: 8.256 Executing VM operation: ParallelGCFailedAllocation (Allocation Failure) done
Event: 8.265 Executing VM operation: ParallelGCFailedAllocation (Allocation Failure)
Event: 8.266 Executing VM operation: ParallelGCFailedAllocation (Allocation Failure) done
Event: 8.279 Executing VM operation: ParallelGCFailedAllocation (Allocation Failure)
Event: 8.283 Executing VM operation: ParallelGCFailedAllocation (Allocation Failure) done
Event: 8.292 Executing VM operation: ParallelGCFailedAllocation (Allocation Failure)
Event: 8.294 Executing VM operation: ParallelGCFailedAllocation (Allocation Failure) done
Event: 8.299 Executing VM operation: ParallelGCFailedAllocation (Allocation Failure)
Event: 8.302 Executing VM operation: ParallelGCFailedAllocation (Allocation Failure) done

Memory protections (0 events):
No events

Nmethod flushes (20 events):
Event: 3.840 Thread 0x000001ecff3c5040 flushing  nmethod 0x000001ecf089f190
Event: 3.840 Thread 0x000001ecff3c5040 flushing  nmethod 0x000001ecf089f590
Event: 3.840 Thread 0x000001ecff3c5040 flushing  nmethod 0x000001ecf089fe90
Event: 3.840 Thread 0x000001ecff3c5040 flushing  nmethod 0x000001ecf08a1090
Event: 3.840 Thread 0x000001ecff3c5040 flushing  nmethod 0x000001ecf08a1890
Event: 3.840 Thread 0x000001ecff3c5040 flushing  nmethod 0x000001ecf08a2010
Event: 3.840 Thread 0x000001ecff3c5040 flushing  nmethod 0x000001ecf08a3990
Event: 3.840 Thread 0x000001ecff3c5040 flushing  nmethod 0x000001ecf08a4510
Event: 3.840 Thread 0x000001ecff3c5040 flushing  nmethod 0x000001ecf08a4e10
Event: 3.840 Thread 0x000001ecff3c5040 flushing  nmethod 0x000001ecf08a5b10
Event: 3.840 Thread 0x000001ecff3c5040 flushing  nmethod 0x000001ecf08a6e10
Event: 3.840 Thread 0x000001ecff3c5040 flushing  nmethod 0x000001ecf08a7310
Event: 3.840 Thread 0x000001ecff3c5040 flushing  nmethod 0x000001ecf08a7d90
Event: 3.840 Thread 0x000001ecff3c5040 flushing  nmethod 0x000001ecf08b7b10
Event: 3.840 Thread 0x000001ecff3c5040 flushing  nmethod 0x000001ecf08c2990
Event: 3.840 Thread 0x000001ecff3c5040 flushing  nmethod 0x000001ecf08d5390
Event: 3.840 Thread 0x000001ecff3c5040 flushing  nmethod 0x000001ecf08ddc10
Event: 3.840 Thread 0x000001ecff3c5040 flushing  nmethod 0x000001ecf08e8690
Event: 3.840 Thread 0x000001ecff3c5040 flushing  nmethod 0x000001ecf096a690
Event: 3.840 Thread 0x000001ecff3c5040 flushing  nmethod 0x000001ecf0989290

Events (20 events):
Event: 3.645 Thread 0x000001ececfeef50 Thread added: 0x000001eccbbe7a40
Event: 3.824 Thread 0x000001ececfeef50 Thread added: 0x000001eccbbec900
Event: 3.824 Thread 0x000001ececfeef50 Thread added: 0x000001eccbbeb550
Event: 3.950 Thread 0x000001ecc9dd31a0 Thread added: 0x000001eccbbeaec0
Event: 4.130 Thread 0x000001eccbbeaec0 Thread added: 0x000001eccbbe73b0
Event: 6.849 Thread 0x000001ecc9dd10d0 Thread added: 0x000001eccbbe9b10
Event: 6.883 Thread 0x000001eccbbe9b10 Thread added: 0x000001eccbbee340
Event: 6.883 Thread 0x000001eccbbe9b10 Thread added: 0x000001eccbbea1a0
Event: 6.884 Thread 0x000001eccbbee340 Thread added: 0x000001eccbbee9d0
Event: 6.884 Thread 0x000001eccbbe9b10 Thread added: 0x000001eccbbea830
Event: 6.884 Thread 0x000001eccbbea1a0 Thread added: 0x000001eccbbe80d0
Event: 6.884 Thread 0x000001eccbbee9d0 Thread added: 0x000001eccd6ee540
Event: 6.885 Thread 0x000001eccbbee340 Thread added: 0x000001eccd6eff80
Event: 6.885 Thread 0x000001eccbbee340 Thread added: 0x000001eccd6edeb0
Event: 6.886 Thread 0x000001eccbbe80d0 Thread added: 0x000001eccd6eebd0
Event: 7.069 Thread 0x000001eccbbee9d0 Thread added: 0x000001eccd6ec470
Event: 7.069 Thread 0x000001eccd6eff80 Thread added: 0x000001eccd6e9d10
Event: 7.951 Thread 0x000001ecc9e38830 Thread exited: 0x000001ecc9e38830
Event: 8.064 Thread 0x000001ecc9dd2b10 Thread added: 0x000001eccd6e9680
Event: 8.158 Thread 0x000001ecc9dd2b10 Thread added: 0x000001eccd6ea3a0


Dynamic libraries:
0x00007ff67d230000 - 0x00007ff67d23e000 	c:\Users\leduc\.vscode\extensions\redhat.java-1.42.0-win32-x64\jre\21.0.7-win32-x86_64\bin\java.exe
0x00007ffe80ff0000 - 0x00007ffe81207000 	C:\WINDOWS\SYSTEM32\ntdll.dll
0x00007ffe80500000 - 0x00007ffe805c4000 	C:\WINDOWS\System32\KERNEL32.DLL
0x00007ffe7e0e0000 - 0x00007ffe7e4b3000 	C:\WINDOWS\System32\KERNELBASE.dll
0x00007ffe7eb60000 - 0x00007ffe7ec71000 	C:\WINDOWS\System32\ucrtbase.dll
0x00007ffe74220000 - 0x00007ffe74238000 	c:\Users\leduc\.vscode\extensions\redhat.java-1.42.0-win32-x64\jre\21.0.7-win32-x86_64\bin\jli.dll
0x00007ffe801e0000 - 0x00007ffe80391000 	C:\WINDOWS\System32\USER32.dll
0x00007ffe7e580000 - 0x00007ffe7e5a6000 	C:\WINDOWS\System32\win32u.dll
0x00007ffe805d0000 - 0x00007ffe805f9000 	C:\WINDOWS\System32\GDI32.dll
0x00007ffe7e770000 - 0x00007ffe7e892000 	C:\WINDOWS\System32\gdi32full.dll
0x00007ffe7eac0000 - 0x00007ffe7eb5a000 	C:\WINDOWS\System32\msvcp_win.dll
0x00007ffe65170000 - 0x00007ffe6540b000 	C:\WINDOWS\WinSxS\amd64_microsoft.windows.common-controls_6595b64144ccf1df_6.0.22621.5262_none_2712bde373830908\COMCTL32.dll
0x00007ffe80600000 - 0x00007ffe806a7000 	C:\WINDOWS\System32\msvcrt.dll
0x00007ffe6ca60000 - 0x00007ffe6ca7e000 	c:\Users\leduc\.vscode\extensions\redhat.java-1.42.0-win32-x64\jre\21.0.7-win32-x86_64\bin\VCRUNTIME140.dll
0x00007ffe7f1a0000 - 0x00007ffe7f1d1000 	C:\WINDOWS\System32\IMM32.DLL
0x00007ffe75830000 - 0x00007ffe7583c000 	c:\Users\leduc\.vscode\extensions\redhat.java-1.42.0-win32-x64\jre\21.0.7-win32-x86_64\bin\vcruntime140_1.dll
0x00007ffe29740000 - 0x00007ffe297cd000 	c:\Users\leduc\.vscode\extensions\redhat.java-1.42.0-win32-x64\jre\21.0.7-win32-x86_64\bin\msvcp140.dll
0x00007ffdaf490000 - 0x00007ffdb0220000 	c:\Users\leduc\.vscode\extensions\redhat.java-1.42.0-win32-x64\jre\21.0.7-win32-x86_64\bin\server\jvm.dll
0x00007ffe80ef0000 - 0x00007ffe80fa1000 	C:\WINDOWS\System32\ADVAPI32.dll
0x00007ffe7eca0000 - 0x00007ffe7ed47000 	C:\WINDOWS\System32\sechost.dll
0x00007ffe7ea90000 - 0x00007ffe7eab8000 	C:\WINDOWS\System32\bcrypt.dll
0x00007ffe80db0000 - 0x00007ffe80ec4000 	C:\WINDOWS\System32\RPCRT4.dll
0x00007ffe80790000 - 0x00007ffe80801000 	C:\WINDOWS\System32\WS2_32.dll
0x00007ffe778b0000 - 0x00007ffe778e4000 	C:\WINDOWS\SYSTEM32\WINMM.dll
0x00007ffe741b0000 - 0x00007ffe741ba000 	C:\WINDOWS\SYSTEM32\VERSION.dll
0x00007ffe7cf40000 - 0x00007ffe7cf8d000 	C:\WINDOWS\SYSTEM32\POWRPROF.dll
0x00007ffe7cf20000 - 0x00007ffe7cf33000 	C:\WINDOWS\SYSTEM32\UMPDC.dll
0x00007ffe7d1f0000 - 0x00007ffe7d208000 	C:\WINDOWS\SYSTEM32\kernel.appcore.dll
0x00007ffe6ca50000 - 0x00007ffe6ca5a000 	c:\Users\leduc\.vscode\extensions\redhat.java-1.42.0-win32-x64\jre\21.0.7-win32-x86_64\bin\jimage.dll
0x00007ffe7b4d0000 - 0x00007ffe7b702000 	C:\WINDOWS\SYSTEM32\DBGHELP.DLL
0x00007ffe7f370000 - 0x00007ffe7f703000 	C:\WINDOWS\System32\combase.dll
0x00007ffe7f1e0000 - 0x00007ffe7f2b7000 	C:\WINDOWS\System32\OLEAUT32.dll
0x00007ffe73500000 - 0x00007ffe73532000 	C:\WINDOWS\SYSTEM32\dbgcore.DLL
0x00007ffe7e6f0000 - 0x00007ffe7e76b000 	C:\WINDOWS\System32\bcryptPrimitives.dll
0x00007ffe5b4a0000 - 0x00007ffe5b4af000 	c:\Users\leduc\.vscode\extensions\redhat.java-1.42.0-win32-x64\jre\21.0.7-win32-x86_64\bin\instrument.dll
0x00007ffe62d40000 - 0x00007ffe62d5f000 	c:\Users\leduc\.vscode\extensions\redhat.java-1.42.0-win32-x64\jre\21.0.7-win32-x86_64\bin\java.dll
0x00007ffe7f710000 - 0x00007ffe7ffad000 	C:\WINDOWS\System32\SHELL32.dll
0x00007ffe7e5b0000 - 0x00007ffe7e6ef000 	C:\WINDOWS\System32\wintypes.dll
0x00007ffe7bfe0000 - 0x00007ffe7c8fd000 	C:\WINDOWS\SYSTEM32\windows.storage.dll
0x00007ffe7ed50000 - 0x00007ffe7ee5b000 	C:\WINDOWS\System32\SHCORE.dll
0x00007ffe80400000 - 0x00007ffe80466000 	C:\WINDOWS\System32\shlwapi.dll
0x00007ffe7e010000 - 0x00007ffe7e03b000 	C:\WINDOWS\SYSTEM32\profapi.dll
0x00007ffe622d0000 - 0x00007ffe622e8000 	c:\Users\leduc\.vscode\extensions\redhat.java-1.42.0-win32-x64\jre\21.0.7-win32-x86_64\bin\zip.dll
0x00007ffe5b490000 - 0x00007ffe5b4a0000 	C:\Users\leduc\.vscode\extensions\redhat.java-1.42.0-win32-x64\jre\21.0.7-win32-x86_64\bin\net.dll
0x00007ffe79a20000 - 0x00007ffe79b4c000 	C:\WINDOWS\SYSTEM32\WINHTTP.dll
0x00007ffe7d690000 - 0x00007ffe7d6fa000 	C:\WINDOWS\system32\mswsock.dll
0x00007ffe4b8d0000 - 0x00007ffe4b8e6000 	C:\Users\leduc\.vscode\extensions\redhat.java-1.42.0-win32-x64\jre\21.0.7-win32-x86_64\bin\nio.dll
0x00007ffe54fa0000 - 0x00007ffe54fb0000 	c:\Users\leduc\.vscode\extensions\redhat.java-1.42.0-win32-x64\jre\21.0.7-win32-x86_64\bin\verify.dll
0x00007ffe16820000 - 0x00007ffe16865000 	C:\Users\leduc\AppData\Roaming\Code\User\globalStorage\redhat.java\1.42.0\config_win\org.eclipse.equinox.launcher\org.eclipse.equinox.launcher.win32.win32.x86_64_1.2.1300.v20250331-1702\eclipse_11911.dll
0x00007ffe7ffb0000 - 0x00007ffe80151000 	C:\WINDOWS\System32\ole32.dll
0x00007ffe7d8e0000 - 0x00007ffe7d8fb000 	C:\WINDOWS\SYSTEM32\CRYPTSP.dll
0x00007ffe7d150000 - 0x00007ffe7d187000 	C:\WINDOWS\system32\rsaenh.dll
0x00007ffe7d780000 - 0x00007ffe7d7a8000 	C:\WINDOWS\SYSTEM32\USERENV.dll
0x00007ffe7d900000 - 0x00007ffe7d90c000 	C:\WINDOWS\SYSTEM32\CRYPTBASE.dll
0x00007ffe7cc10000 - 0x00007ffe7cc3d000 	C:\WINDOWS\SYSTEM32\IPHLPAPI.DLL
0x00007ffe7efc0000 - 0x00007ffe7efc9000 	C:\WINDOWS\System32\NSI.dll
0x00007ffe6ae20000 - 0x00007ffe6ae69000 	C:\Users\leduc\AppData\Local\Temp\jna-102848985\jna17834113769885282091.dll
0x00007ffe80710000 - 0x00007ffe80718000 	C:\WINDOWS\System32\PSAPI.DLL
0x00007ffe78840000 - 0x00007ffe78859000 	C:\WINDOWS\SYSTEM32\dhcpcsvc6.DLL
0x00007ffe78de0000 - 0x00007ffe78dff000 	C:\WINDOWS\SYSTEM32\dhcpcsvc.DLL

dbghelp: loaded successfully - version: 4.0.5 - missing functions: none
symbol engine: initialized successfully - sym options: 0x614 - pdb path: .;c:\Users\leduc\.vscode\extensions\redhat.java-1.42.0-win32-x64\jre\21.0.7-win32-x86_64\bin;C:\WINDOWS\SYSTEM32;C:\WINDOWS\WinSxS\amd64_microsoft.windows.common-controls_6595b64144ccf1df_6.0.22621.5262_none_2712bde373830908;c:\Users\leduc\.vscode\extensions\redhat.java-1.42.0-win32-x64\jre\21.0.7-win32-x86_64\bin\server;C:\Users\leduc\AppData\Roaming\Code\User\globalStorage\redhat.java\1.42.0\config_win\org.eclipse.equinox.launcher\org.eclipse.equinox.launcher.win32.win32.x86_64_1.2.1300.v20250331-1702;C:\Users\leduc\AppData\Local\Temp\jna-102848985

VM Arguments:
jvm_args: --add-modules=ALL-SYSTEM --add-opens=java.base/java.util=ALL-UNNAMED --add-opens=java.base/java.lang=ALL-UNNAMED --add-opens=java.base/sun.nio.fs=ALL-UNNAMED -Declipse.application=org.eclipse.jdt.ls.core.id1 -Dosgi.bundles.defaultStartLevel=4 -Declipse.product=org.eclipse.jdt.ls.core.product -Djava.import.generatesMetadataFilesAtProjectRoot=false -DDetectVMInstallationsJob.disabled=true -Dfile.encoding=utf8 -XX:+UseParallelGC -XX:GCTimeRatio=4 -XX:AdaptiveSizePolicyWeight=90 -Dsun.zip.disableMemoryMapping=true -Xmx1G -Xms100m -Xlog:disable -javaagent:c:\Users\leduc\.vscode\extensions\redhat.java-1.42.0-win32-x64\lombok\lombok-1.18.36.jar -XX:+HeapDumpOnOutOfMemoryError -XX:HeapDumpPath=c:\Users\leduc\AppData\Roaming\Code\User\workspaceStorage\b41accb726b944ba7e7f86f850f2e0d4\redhat.java -Daether.dependencyCollector.impl=bf 
java_command: c:\Users\leduc\.vscode\extensions\redhat.java-1.42.0-win32-x64\server\plugins\org.eclipse.equinox.launcher_1.7.0.v20250424-1814.jar -configuration c:\Users\leduc\AppData\Roaming\Code\User\globalStorage\redhat.java\1.42.0\config_win -data c:\Users\leduc\AppData\Roaming\Code\User\workspaceStorage\b41accb726b944ba7e7f86f850f2e0d4\redhat.java\jdt_ws --pipe=\\.\pipe\lsp-9936776e1f434ad6bb1cce69d4114079-sock
java_class_path (initial): c:\Users\leduc\.vscode\extensions\redhat.java-1.42.0-win32-x64\server\plugins\org.eclipse.equinox.launcher_1.7.0.v20250424-1814.jar
Launcher Type: SUN_STANDARD

[Global flags]
    uintx AdaptiveSizePolicyWeight                 = 90                                        {product} {command line}
     intx CICompilerCount                          = 4                                         {product} {ergonomic}
    uintx GCTimeRatio                              = 4                                         {product} {command line}
     bool HeapDumpOnOutOfMemoryError               = true                                   {manageable} {command line}
    ccstr HeapDumpPath                             = c:\Users\leduc\AppData\Roaming\Code\User\workspaceStorage\b41accb726b944ba7e7f86f850f2e0d4\redhat.java         {manageable} {command line}
   size_t InitialHeapSize                          = 104857600                                 {product} {command line}
   size_t MaxHeapSize                              = 1073741824                                {product} {command line}
   size_t MaxNewSize                               = 357564416                                 {product} {ergonomic}
   size_t MinHeapDeltaBytes                        = 524288                                    {product} {ergonomic}
   size_t MinHeapSize                              = 104857600                                 {product} {command line}
   size_t NewSize                                  = 34603008                                  {product} {ergonomic}
    uintx NonNMethodCodeHeapSize                   = 5839372                                {pd product} {ergonomic}
    uintx NonProfiledCodeHeapSize                  = 122909434                              {pd product} {ergonomic}
   size_t OldSize                                  = 70254592                                  {product} {ergonomic}
    uintx ProfiledCodeHeapSize                     = 122909434                              {pd product} {ergonomic}
    uintx ReservedCodeCacheSize                    = 251658240                              {pd product} {ergonomic}
     bool SegmentedCodeCache                       = true                                      {product} {ergonomic}
   size_t SoftMaxHeapSize                          = 1073741824                             {manageable} {ergonomic}
     bool UseCompressedOops                        = true                           {product lp64_product} {ergonomic}
     bool UseLargePagesIndividualAllocation        = false                                  {pd product} {ergonomic}
     bool UseParallelGC                            = true                                      {product} {command line}

Logging:
Log output configuration:
 #0: stdout all=off uptime,level,tags foldmultilines=false
 #1: stderr all=off uptime,level,tags foldmultilines=false

Environment Variables:
PATH=C:\Program Files\Common Files\Oracle\Java\javapath;C:\Windows\system32;C:\Windows;C:\Windows\System32\Wbem;C:\Windows\System32\WindowsPowerShell\v1.0\;C:\Windows\System32\OpenSSH\;C:\Program Files (x86)\NVIDIA Corporation\PhysX\Common;C:\Program Files\NVIDIA Corporation\NVIDIA NvDLISR;C:\WINDOWS\system32;C:\WINDOWS;C:\WINDOWS\System32\Wbem;C:\WINDOWS\System32\WindowsPowerShell\v1.0\;C:\WINDOWS\System32\OpenSSH\;C:\Users\leduc\AppData\Local\nvm;C:\nvm4w\nodejs;C:\Program Files\Git\cmd;C:\Users\leduc\appdata\local\android\sdk\platform-tools;C:\Program Files\Microsoft SQL Server\150\Tools\Binn\;C:\Program Files\Microsoft SQL Server\Client SDK\ODBC\170\Tools\Binn\;C:\Program Files\dotnet\;C:\Program Files\Docker\Docker\resources\bin;C:\Program Files\PuTTY\;C:\Users\leduc\.console-ninja\.bin;C:\Users\leduc\AppData\Local\Microsoft\WindowsApps;C:\Users\leduc\AppData\Local\Programs\Microsoft VS Code\bin;C:\Users\leduc\AppData\Local\nvm;C:\nvm4w\nodejs;C:\Users\leduc\AppData\Local\GitHubDesktop\bin;C:\Users\leduc\.dotnet\tools;C:\Program Files (x86)\Nmap
USERNAME=leduc
OS=Windows_NT
PROCESSOR_IDENTIFIER=Intel64 Family 6 Model 154 Stepping 3, GenuineIntel
TMP=C:\Users\leduc\AppData\Local\Temp
TEMP=C:\Users\leduc\AppData\Local\Temp




Periodic native trim disabled

---------------  S Y S T E M  ---------------

OS:
 Windows 11 , 64 bit Build 22621 (10.0.22621.5262)
OS uptime: 0 days 6:37 hours
Hyper-V role detected

CPU: total 12 (initial active 12) (6 cores per cpu, 2 threads per core) family 6 model 154 stepping 3 microcode 0x429, cx8, cmov, fxsr, ht, mmx, 3dnowpref, sse, sse2, sse3, ssse3, sse4.1, sse4.2, popcnt, lzcnt, tsc, tscinvbit, avx, avx2, aes, erms, clmul, bmi1, bmi2, adx, sha, fma, vzeroupper, clflush, clflushopt, clwb, hv, serialize, rdtscp, rdpid, fsrm, f16c, cet_ibt, cet_ss
Processor Information for the first 12 processors :
  Max Mhz: 2000, Current Mhz: 2000, Mhz Limit: 2000

Memory: 4k page, system-wide physical 24236M (537M free)
TotalPageFile size 62904M (AvailPageFile size 5M)
current process WorkingSet (physical memory assigned to process): 432M, peak: 432M
current process commit charge ("private bytes"): 438M, peak: 441M

vm_info: OpenJDK 64-Bit Server VM (21.0.7+6-LTS) for windows-amd64 JRE (21.0.7+6-LTS), built on 2025-04-15T00:00:00Z by "admin" with MS VC++ 17.7 (VS2022)

END.
