#
# There is insufficient memory for the Java Runtime Environment to continue.
# Native memory allocation (malloc) failed to allocate 865376 bytes. Error detail: Chunk::new
# Possible reasons:
#   The system is out of physical RAM or swap space
#   This process is running with CompressedOops enabled, and the Java Heap may be blocking the growth of the native heap
# Possible solutions:
#   Reduce memory load on the system
#   Increase physical memory or swap space
#   Check if swap backing store is full
#   Decrease Java heap size (-Xmx/-Xms)
#   Decrease number of Java threads
#   Decrease Java thread stack sizes (-Xss)
#   Set larger code cache with -XX:ReservedCodeCacheSize=
#   JVM is running with Unscaled Compressed Oops mode in which the Java heap is
#     placed in the first 4GB address space. The Java Heap base address is the
#     maximum limit for the native heap growth. Please use -XX:HeapBaseMinAddress
#     to set the Java Heap base and to place the Java Heap above 4GB virtual address.
# This output file may be truncated or incomplete.
#
#  Out of Memory Error (arena.cpp:168), pid=15704, tid=6540
#
# JRE version: OpenJDK Runtime Environment Temurin-21.0.7+6 (21.0.7+6) (build 21.0.7+6-LTS)
# Java VM: OpenJDK 64-Bit Server VM Temurin-21.0.7+6 (21.0.7+6-LTS, mixed mode, sharing, tiered, compressed oops, compressed class ptrs, parallel gc, windows-amd64)
# No core dump will be written. Minidumps are not enabled by default on client versions of Windows
#

---------------  S U M M A R Y ------------

Command Line: --add-modules=ALL-SYSTEM --add-opens=java.base/java.util=ALL-UNNAMED --add-opens=java.base/java.lang=ALL-UNNAMED --add-opens=java.base/sun.nio.fs=ALL-UNNAMED -Declipse.application=org.eclipse.jdt.ls.core.id1 -Dosgi.bundles.defaultStartLevel=4 -Declipse.product=org.eclipse.jdt.ls.core.product -Djava.import.generatesMetadataFilesAtProjectRoot=false -DDetectVMInstallationsJob.disabled=true -Dfile.encoding=utf8 -XX:+UseParallelGC -XX:GCTimeRatio=4 -XX:AdaptiveSizePolicyWeight=90 -Dsun.zip.disableMemoryMapping=true -Xmx1G -Xms100m -Xlog:disable -javaagent:c:\Users\leduc\.vscode\extensions\redhat.java-1.42.0-win32-x64\lombok\lombok-1.18.36.jar -XX:+HeapDumpOnOutOfMemoryError -XX:HeapDumpPath=c:\Users\leduc\AppData\Roaming\Code\User\workspaceStorage\b41accb726b944ba7e7f86f850f2e0d4\redhat.java -Daether.dependencyCollector.impl=bf c:\Users\leduc\.vscode\extensions\redhat.java-1.42.0-win32-x64\server\plugins\org.eclipse.equinox.launcher_1.7.0.v20250424-1814.jar -configuration c:\Users\leduc\AppData\Roaming\Code\User\globalStorage\redhat.java\1.42.0\config_win -data c:\Users\leduc\AppData\Roaming\Code\User\workspaceStorage\b41accb726b944ba7e7f86f850f2e0d4\redhat.java\jdt_ws --pipe=\\.\pipe\lsp-001fa69f5ff4fe6355d36bc7de52058b-sock

Host: 12th Gen Intel(R) Core(TM) i5-12450H, 12 cores, 23G,  Windows 11 , 64 bit Build 22621 (10.0.22621.5262)
Time: Sun Jun 22 17:42:46 2025 SE Asia Standard Time elapsed time: 5.524899 seconds (0d 0h 0m 5s)

---------------  T H R E A D  ---------------

Current thread (0x0000017e6940d0d0):  JavaThread "C2 CompilerThread1" daemon [_thread_in_native, id=6540, stack(0x000000174e900000,0x000000174ea00000) (1024K)]


Current CompileTask:
C2:5524 6045   !   4       org.eclipse.osgi.internal.loader.BundleLoader::findRequiredSource (283 bytes)

Stack: [0x000000174e900000,0x000000174ea00000]
Native frames: (J=compiled Java code, j=interpreted, Vv=VM code, C=native code)
V  [jvm.dll+0x6ce119]
V  [jvm.dll+0x8a84a1]
V  [jvm.dll+0x8aa9ce]
V  [jvm.dll+0x8ab0b3]
V  [jvm.dll+0x27f8a6]
V  [jvm.dll+0xc507d]
V  [jvm.dll+0xc55b3]
V  [jvm.dll+0x2f2c6d]
V  [jvm.dll+0x5f6bca]
V  [jvm.dll+0x250cb2]
V  [jvm.dll+0x249626]
V  [jvm.dll+0x246fc4]
V  [jvm.dll+0x1c760e]
V  [jvm.dll+0x25695a]
V  [jvm.dll+0x254efa]
V  [jvm.dll+0x3f03f6]
V  [jvm.dll+0x851f6b]
V  [jvm.dll+0x6cc7dd]
C  [ucrtbase.dll+0x29333]
C  [KERNEL32.DLL+0x1259d]
C  [ntdll.dll+0x5af58]


---------------  P R O C E S S  ---------------

Threads class SMR info:
_java_thread_list=0x0000017e691db040, length=45, elements={
0x0000017e4eaae840, 0x0000017e62e9dfb0, 0x0000017e69004c40, 0x0000017e69006df0,
0x0000017e69007d00, 0x0000017e69008c10, 0x0000017e6900a870, 0x0000017e6900d6b0,
0x0000017e6903ea90, 0x0000017e690e4b40, 0x0000017e692e2a10, 0x0000017e6940d0d0,
0x0000017e6a0351e0, 0x0000017e6a144f30, 0x0000017e69ba91c0, 0x0000017e69ba9820,
0x0000017e69dd1530, 0x0000017e6a593590, 0x0000017e6a510110, 0x0000017e69fa8160,
0x0000017e69fa87f0, 0x0000017e69fa8e80, 0x0000017e69fa9510, 0x0000017e6a5c4140,
0x0000017e69fa7ad0, 0x0000017e69faa8c0, 0x0000017e6cc74040, 0x0000017e6cc753f0,
0x0000017e6cc76110, 0x0000017e6cc781e0, 0x0000017e6cc774c0, 0x0000017e6cc75a80,
0x0000017e6cc746d0, 0x0000017e6cc72c90, 0x0000017e6cc72600, 0x0000017e6cc74d60,
0x0000017e6cc77b50, 0x0000017e6cc73320, 0x0000017e6cc767a0, 0x0000017e6cc76e30,
0x0000017e6cc79c20, 0x0000017e6cc78870, 0x0000017e6cc78f00, 0x0000017e6cc79590,
0x0000017e6cc739b0
}

Java Threads: ( => current thread )
  0x0000017e4eaae840 JavaThread "main"                              [_thread_blocked, id=11128, stack(0x000000174db00000,0x000000174dc00000) (1024K)]
  0x0000017e62e9dfb0 JavaThread "Reference Handler"          daemon [_thread_blocked, id=30124, stack(0x000000174df00000,0x000000174e000000) (1024K)]
  0x0000017e69004c40 JavaThread "Finalizer"                  daemon [_thread_blocked, id=27156, stack(0x000000174e000000,0x000000174e100000) (1024K)]
  0x0000017e69006df0 JavaThread "Signal Dispatcher"          daemon [_thread_blocked, id=3008, stack(0x000000174e100000,0x000000174e200000) (1024K)]
  0x0000017e69007d00 JavaThread "Attach Listener"            daemon [_thread_blocked, id=30620, stack(0x000000174e200000,0x000000174e300000) (1024K)]
  0x0000017e69008c10 JavaThread "Service Thread"             daemon [_thread_blocked, id=22372, stack(0x000000174e300000,0x000000174e400000) (1024K)]
  0x0000017e6900a870 JavaThread "Monitor Deflation Thread"   daemon [_thread_blocked, id=1688, stack(0x000000174e400000,0x000000174e500000) (1024K)]
  0x0000017e6900d6b0 JavaThread "C2 CompilerThread0"         daemon [_thread_blocked, id=28852, stack(0x000000174e500000,0x000000174e600000) (1024K)]
  0x0000017e6903ea90 JavaThread "C1 CompilerThread0"         daemon [_thread_blocked, id=21976, stack(0x000000174e600000,0x000000174e700000) (1024K)]
  0x0000017e690e4b40 JavaThread "Common-Cleaner"             daemon [_thread_blocked, id=5632, stack(0x000000174e700000,0x000000174e800000) (1024K)]
  0x0000017e692e2a10 JavaThread "Notification Thread"        daemon [_thread_blocked, id=11312, stack(0x000000174e800000,0x000000174e900000) (1024K)]
=>0x0000017e6940d0d0 JavaThread "C2 CompilerThread1"         daemon [_thread_in_native, id=6540, stack(0x000000174e900000,0x000000174ea00000) (1024K)]
  0x0000017e6a0351e0 JavaThread "Active Thread: Equinox Container: 8c975865-00e3-42e9-89b2-08346fe5ecef"        [_thread_blocked, id=5320, stack(0x000000174f100000,0x000000174f200000) (1024K)]
  0x0000017e6a144f30 JavaThread "Refresh Thread: Equinox Container: 8c975865-00e3-42e9-89b2-08346fe5ecef" daemon [_thread_blocked, id=22560, stack(0x000000174f200000,0x000000174f300000) (1024K)]
  0x0000017e69ba91c0 JavaThread "Framework Event Dispatcher: Equinox Container: 8c975865-00e3-42e9-89b2-08346fe5ecef" daemon [_thread_blocked, id=26892, stack(0x000000174f400000,0x000000174f500000) (1024K)]
  0x0000017e69ba9820 JavaThread "Start Level: Equinox Container: 8c975865-00e3-42e9-89b2-08346fe5ecef" daemon [_thread_blocked, id=28592, stack(0x000000174f500000,0x000000174f600000) (1024K)]
  0x0000017e69dd1530 JavaThread "Bundle File Closer"         daemon [_thread_blocked, id=4424, stack(0x000000174f800000,0x000000174f900000) (1024K)]
  0x0000017e6a593590 JavaThread "SCR Component Actor"        daemon [_thread_blocked, id=29376, stack(0x000000174f900000,0x000000174fa00000) (1024K)]
  0x0000017e6a510110 JavaThread "SCR Component Registry"     daemon [_thread_blocked, id=12052, stack(0x000000174fa00000,0x000000174fb00000) (1024K)]
  0x0000017e69fa8160 JavaThread "Worker-JM"                         [_thread_blocked, id=31452, stack(0x000000174fb00000,0x000000174fc00000) (1024K)]
  0x0000017e69fa87f0 JavaThread "JNA Cleaner"                daemon [_thread_blocked, id=30112, stack(0x000000174ea00000,0x000000174eb00000) (1024K)]
  0x0000017e69fa8e80 JavaThread "Worker-0"                          [_thread_blocked, id=27216, stack(0x000000174fc00000,0x000000174fd00000) (1024K)]
  0x0000017e69fa9510 JavaThread "Worker-1: Repository registry initialization"        [_thread_blocked, id=27636, stack(0x000000174fd00000,0x000000174fe00000) (1024K)]
  0x0000017e6a5c4140 JavaThread "C2 CompilerThread2"         daemon [_thread_blocked, id=31656, stack(0x000000174fe00000,0x000000174ff00000) (1024K)]
  0x0000017e69fa7ad0 JavaThread "Worker-2: Initialize After Load"        [_thread_blocked, id=27652, stack(0x000000174ff00000,0x0000001750000000) (1024K)]
  0x0000017e69faa8c0 JavaThread "Java indexing"              daemon [_thread_blocked, id=25328, stack(0x0000001750000000,0x0000001750100000) (1024K)]
  0x0000017e6cc74040 JavaThread "Worker-3: Updating Maven Dependencies"        [_thread_in_vm, id=26996, stack(0x0000001750100000,0x0000001750200000) (1024K)]
  0x0000017e6cc753f0 JavaThread "Thread-2"                   daemon [_thread_in_native, id=15700, stack(0x0000001750200000,0x0000001750300000) (1024K)]
  0x0000017e6cc76110 JavaThread "Thread-3"                   daemon [_thread_in_native, id=14608, stack(0x0000001750300000,0x0000001750400000) (1024K)]
  0x0000017e6cc781e0 JavaThread "Thread-4"                   daemon [_thread_in_native, id=4740, stack(0x0000001750400000,0x0000001750500000) (1024K)]
  0x0000017e6cc774c0 JavaThread "Thread-5"                   daemon [_thread_in_native, id=30972, stack(0x0000001750500000,0x0000001750600000) (1024K)]
  0x0000017e6cc75a80 JavaThread "Thread-6"                   daemon [_thread_in_native, id=6472, stack(0x0000001750600000,0x0000001750700000) (1024K)]
  0x0000017e6cc746d0 JavaThread "Thread-7"                   daemon [_thread_in_native, id=21656, stack(0x0000001750700000,0x0000001750800000) (1024K)]
  0x0000017e6cc72c90 JavaThread "Thread-8"                   daemon [_thread_in_native, id=30904, stack(0x0000001750800000,0x0000001750900000) (1024K)]
  0x0000017e6cc72600 JavaThread "Thread-9"                   daemon [_thread_in_native, id=29636, stack(0x0000001750900000,0x0000001750a00000) (1024K)]
  0x0000017e6cc74d60 JavaThread "Thread-10"                  daemon [_thread_in_native, id=29800, stack(0x0000001750a00000,0x0000001750b00000) (1024K)]
  0x0000017e6cc77b50 JavaThread "Thread-11"                  daemon [_thread_in_native, id=28956, stack(0x0000001750b00000,0x0000001750c00000) (1024K)]
  0x0000017e6cc73320 JavaThread "Thread-12"                  daemon [_thread_in_native, id=7792, stack(0x0000001750c00000,0x0000001750d00000) (1024K)]
  0x0000017e6cc767a0 JavaThread "Thread-13"                  daemon [_thread_in_native, id=12076, stack(0x0000001750d00000,0x0000001750e00000) (1024K)]
  0x0000017e6cc76e30 JavaThread "Thread-14"                  daemon [_thread_in_native, id=21068, stack(0x0000001750e00000,0x0000001750f00000) (1024K)]
  0x0000017e6cc79c20 JavaThread "pool-2-thread-1"                   [_thread_blocked, id=27108, stack(0x0000001750f00000,0x0000001751000000) (1024K)]
  0x0000017e6cc78870 JavaThread "Worker-4"                          [_thread_blocked, id=6892, stack(0x0000001751000000,0x0000001751100000) (1024K)]
  0x0000017e6cc78f00 JavaThread "WorkspaceEventsHandler"            [_thread_blocked, id=28688, stack(0x0000001751100000,0x0000001751200000) (1024K)]
  0x0000017e6cc79590 JavaThread "pool-1-thread-1"                   [_thread_blocked, id=14724, stack(0x0000001751200000,0x0000001751300000) (1024K)]
  0x0000017e6cc739b0 JavaThread "Worker-5"                          [_thread_blocked, id=10040, stack(0x0000001751300000,0x0000001751400000) (1024K)]
Total: 45

Other Threads:
  0x0000017e62e84960 VMThread "VM Thread"                           [id=12700, stack(0x000000174de00000,0x000000174df00000) (1024K)]
  0x0000017e62d7ca00 WatcherThread "VM Periodic Task Thread"        [id=27884, stack(0x000000174dd00000,0x000000174de00000) (1024K)]
  0x0000017e4eacfe40 WorkerThread "GC Thread#0"                     [id=27748, stack(0x000000174dc00000,0x000000174dd00000) (1024K)]
  0x0000017e69c73680 WorkerThread "GC Thread#1"                     [id=27116, stack(0x000000174eb00000,0x000000174ec00000) (1024K)]
  0x0000017e69593f30 WorkerThread "GC Thread#2"                     [id=31736, stack(0x000000174ec00000,0x000000174ed00000) (1024K)]
  0x0000017e69c73a20 WorkerThread "GC Thread#3"                     [id=16180, stack(0x000000174ed00000,0x000000174ee00000) (1024K)]
  0x0000017e69b6bf70 WorkerThread "GC Thread#4"                     [id=5972, stack(0x000000174ee00000,0x000000174ef00000) (1024K)]
  0x0000017e69b6c310 WorkerThread "GC Thread#5"                     [id=30608, stack(0x000000174ef00000,0x000000174f000000) (1024K)]
  0x0000017e69848050 WorkerThread "GC Thread#6"                     [id=12844, stack(0x000000174f000000,0x000000174f100000) (1024K)]
  0x0000017e69fd7c60 WorkerThread "GC Thread#7"                     [id=27624, stack(0x000000174f300000,0x000000174f400000) (1024K)]
  0x0000017e6a5f5bc0 WorkerThread "GC Thread#8"                     [id=11992, stack(0x000000174f600000,0x000000174f700000) (1024K)]
  0x0000017e69dd1cb0 WorkerThread "GC Thread#9"                     [id=24732, stack(0x000000174f700000,0x000000174f800000) (1024K)]
Total: 12

Threads with active compile tasks:
C2 CompilerThread1  5540 6045   !   4       org.eclipse.osgi.internal.loader.BundleLoader::findRequiredSource (283 bytes)
Total: 1

VM state: not at safepoint (normal execution)

VM Mutex/Monitor currently owned by a thread: None

Heap address: 0x00000000c0000000, size: 1024 MB, Compressed Oops mode: 32-bit

CDS archive(s) mapped at: [0x0000017e00000000-0x0000017e00ba0000-0x0000017e00ba0000), size 12189696, SharedBaseAddress: 0x0000017e00000000, ArchiveRelocationMode: 1.
Compressed class space mapped at: 0x0000017e01000000-0x0000017e41000000, reserved size: 1073741824
Narrow klass base: 0x0000017e00000000, Narrow klass shift: 0, Narrow klass range: 0x100000000

GC Precious Log:
 CardTable entry size: 512
 CPUs: 12 total, 12 available
 Memory: 24236M
 Large Page Support: Disabled
 NUMA Support: Disabled
 Compressed Oops: Enabled (32-bit)
 Alignments: Space 512K, Generation 512K, Heap 2M
 Heap Min Capacity: 100M
 Heap Initial Capacity: 100M
 Heap Max Capacity: 1G
 Pre-touch: Disabled
 Parallel Workers: 10

Heap:
 PSYoungGen      total 20480K, used 6940K [0x00000000eab00000, 0x00000000ec000000, 0x0000000100000000)
  eden space 19456K, 30% used [0x00000000eab00000,0x00000000eb0df2c0,0x00000000ebe00000)
  from space 1024K, 90% used [0x00000000ebf00000,0x00000000ebfe8000,0x00000000ec000000)
  to   space 1024K, 0% used [0x00000000ebe00000,0x00000000ebe00000,0x00000000ebf00000)
 ParOldGen       total 68608K, used 26742K [0x00000000c0000000, 0x00000000c4300000, 0x00000000eab00000)
  object space 68608K, 38% used [0x00000000c0000000,0x00000000c1a1d830,0x00000000c4300000)
 Metaspace       used 41891K, committed 43008K, reserved 1114112K
  class space    used 4339K, committed 4800K, reserved 1048576K

Card table byte_map: [0x0000017e4e450000,0x0000017e4e660000] _byte_map_base: 0x0000017e4de50000

Marking Bits: (ParMarkBitMap*) 0x00007ffdb01431f0
 Begin Bits: [0x0000017e60ca0000, 0x0000017e61ca0000)
 End Bits:   [0x0000017e61ca0000, 0x0000017e62ca0000)

Polling page: 0x0000017e4c920000

Metaspace:

Usage:
  Non-class:     36.67 MB used.
      Class:      4.24 MB used.
       Both:     40.91 MB used.

Virtual space:
  Non-class space:       64.00 MB reserved,      37.31 MB ( 58%) committed,  1 nodes.
      Class space:        1.00 GB reserved,       4.69 MB ( <1%) committed,  1 nodes.
             Both:        1.06 GB reserved,      42.00 MB (  4%) committed. 

Chunk freelists:
   Non-Class:  10.59 MB
       Class:  11.19 MB
        Both:  21.79 MB

MaxMetaspaceSize: unlimited
CompressedClassSpaceSize: 1.00 GB
Initial GC threshold: 21.00 MB
Current GC threshold: 58.38 MB
CDS: on
 - commit_granule_bytes: 65536.
 - commit_granule_words: 8192.
 - virtual_space_node_default_size: 8388608.
 - enlarge_chunks_in_place: 1.
 - use_allocation_guard: 0.


Internal statistics:

num_allocs_failed_limit: 6.
num_arena_births: 760.
num_arena_deaths: 14.
num_vsnodes_births: 2.
num_vsnodes_deaths: 0.
num_space_committed: 672.
num_space_uncommitted: 0.
num_chunks_returned_to_freelist: 20.
num_chunks_taken_from_freelist: 2485.
num_chunk_merges: 9.
num_chunk_splits: 1608.
num_chunks_enlarged: 1015.
num_inconsistent_stats: 0.

CodeHeap 'non-profiled nmethods': size=120000Kb used=3228Kb max_used=3228Kb free=116771Kb
 bounds [0x0000017e59770000, 0x0000017e59aa0000, 0x0000017e60ca0000]
CodeHeap 'profiled nmethods': size=120000Kb used=11459Kb max_used=11459Kb free=108540Kb
 bounds [0x0000017e51ca0000, 0x0000017e527e0000, 0x0000017e591d0000]
CodeHeap 'non-nmethods': size=5760Kb used=1363Kb max_used=1430Kb free=4396Kb
 bounds [0x0000017e591d0000, 0x0000017e59440000, 0x0000017e59770000]
 total_blobs=6223 nmethods=5566 adapters=563
 compilation: enabled
              stopped_count=0, restarted_count=0
 full_count=0

Compilation events (20 events):
Event: 5.493 Thread 0x0000017e6903ea90 nmethod 6167 0x0000017e527ccf10 code [0x0000017e527cd100, 0x0000017e527cd458]
Event: 5.495 Thread 0x0000017e6900d6b0 6168       4       java.security.AccessController::doPrivileged (9 bytes)
Event: 5.495 Thread 0x0000017e6900d6b0 nmethod 6168 0x0000017e59a95910 code [0x0000017e59a95aa0, 0x0000017e59a95b60]
Event: 5.497 Thread 0x0000017e6903ea90 6169       3       com.google.inject.spi.InjectionPoint::forInstanceMethodsAndFields (8 bytes)
Event: 5.497 Thread 0x0000017e6903ea90 nmethod 6169 0x0000017e527cd610 code [0x0000017e527cd7e0, 0x0000017e527cd9f8]
Event: 5.499 Thread 0x0000017e6903ea90 6170       3       com.google.inject.spi.InjectionPoint$$Lambda/0x0000017e01476fc0::<init> (10 bytes)
Event: 5.499 Thread 0x0000017e6903ea90 nmethod 6170 0x0000017e527cdb10 code [0x0000017e527cdcc0, 0x0000017e527cde48]
Event: 5.499 Thread 0x0000017e6903ea90 6171       3       com.google.common.collect.Iterables::getOnlyElement (11 bytes)
Event: 5.499 Thread 0x0000017e6903ea90 nmethod 6171 0x0000017e527cdf10 code [0x0000017e527ce100, 0x0000017e527ce488]
Event: 5.499 Thread 0x0000017e6903ea90 6172       3       com.google.common.collect.Iterators::getOnlyElement (18 bytes)
Event: 5.499 Thread 0x0000017e6903ea90 nmethod 6172 0x0000017e527ce610 code [0x0000017e527ce7e0, 0x0000017e527cea50]
Event: 5.507 Thread 0x0000017e6903ea90 6173       3       sun.invoke.util.VerifyAccess::isModuleAccessible (97 bytes)
Event: 5.507 Thread 0x0000017e6a5c4140 6174       4       java.util.ArrayList::remove (76 bytes)
Event: 5.508 Thread 0x0000017e6903ea90 nmethod 6173 0x0000017e527ceb90 code [0x0000017e527cee60, 0x0000017e527cfad0]
Event: 5.510 Thread 0x0000017e6903ea90 6175       3       java.lang.invoke.DelegatingMethodHandle::<init> (10 bytes)
Event: 5.511 Thread 0x0000017e6903ea90 nmethod 6175 0x0000017e527cff90 code [0x0000017e527d0160, 0x0000017e527d0520]
Event: 5.511 Thread 0x0000017e6903ea90 6176       3       java.lang.invoke.DelegatingMethodHandle::chooseDelegatingForm (24 bytes)
Event: 5.511 Thread 0x0000017e6903ea90 nmethod 6176 0x0000017e527d0690 code [0x0000017e527d0860, 0x0000017e527d0b80]
Event: 5.514 Thread 0x0000017e6900d6b0 6177       4       java.util.HashSet::iterator (13 bytes)
Event: 5.520 Thread 0x0000017e6a5c4140 nmethod 6174 0x0000017e59a95c90 code [0x0000017e59a95e40, 0x0000017e59a96400]

GC Heap History (20 events):
Event: 3.941 GC heap before
{Heap before GC invocations=15 (full 1):
 PSYoungGen      total 22016K, used 21864K [0x00000000eab00000, 0x00000000ec280000, 0x0000000100000000)
  eden space 20480K, 100% used [0x00000000eab00000,0x00000000ebf00000,0x00000000ebf00000)
  from space 1536K, 90% used [0x00000000ec000000,0x00000000ec15a1f0,0x00000000ec180000)
  to   space 1024K, 0% used [0x00000000ec180000,0x00000000ec180000,0x00000000ec280000)
 ParOldGen       total 68608K, used 20843K [0x00000000c0000000, 0x00000000c4300000, 0x00000000eab00000)
  object space 68608K, 30% used [0x00000000c0000000,0x00000000c145ae90,0x00000000c4300000)
 Metaspace       used 32463K, committed 33472K, reserved 1114112K
  class space    used 3158K, committed 3584K, reserved 1048576K
}
Event: 3.942 GC heap after
{Heap after GC invocations=15 (full 1):
 PSYoungGen      total 21504K, used 1024K [0x00000000eab00000, 0x00000000ec400000, 0x0000000100000000)
  eden space 20480K, 0% used [0x00000000eab00000,0x00000000eab00000,0x00000000ebf00000)
  from space 1024K, 100% used [0x00000000ec180000,0x00000000ec280000,0x00000000ec280000)
  to   space 2560K, 0% used [0x00000000ebf00000,0x00000000ebf00000,0x00000000ec180000)
 ParOldGen       total 68608K, used 21850K [0x00000000c0000000, 0x00000000c4300000, 0x00000000eab00000)
  object space 68608K, 31% used [0x00000000c0000000,0x00000000c15568e8,0x00000000c4300000)
 Metaspace       used 32463K, committed 33472K, reserved 1114112K
  class space    used 3158K, committed 3584K, reserved 1048576K
}
Event: 4.124 GC heap before
{Heap before GC invocations=16 (full 1):
 PSYoungGen      total 21504K, used 21504K [0x00000000eab00000, 0x00000000ec400000, 0x0000000100000000)
  eden space 20480K, 100% used [0x00000000eab00000,0x00000000ebf00000,0x00000000ebf00000)
  from space 1024K, 100% used [0x00000000ec180000,0x00000000ec280000,0x00000000ec280000)
  to   space 2560K, 0% used [0x00000000ebf00000,0x00000000ebf00000,0x00000000ec180000)
 ParOldGen       total 68608K, used 21850K [0x00000000c0000000, 0x00000000c4300000, 0x00000000eab00000)
  object space 68608K, 31% used [0x00000000c0000000,0x00000000c15568e8,0x00000000c4300000)
 Metaspace       used 34064K, committed 35200K, reserved 1114112K
  class space    used 3358K, committed 3840K, reserved 1048576K
}
Event: 4.126 GC heap after
{Heap after GC invocations=16 (full 1):
 PSYoungGen      total 21504K, used 916K [0x00000000eab00000, 0x00000000ec200000, 0x0000000100000000)
  eden space 20480K, 0% used [0x00000000eab00000,0x00000000eab00000,0x00000000ebf00000)
  from space 1024K, 89% used [0x00000000ebf00000,0x00000000ebfe50c0,0x00000000ec000000)
  to   space 1536K, 0% used [0x00000000ec080000,0x00000000ec080000,0x00000000ec200000)
 ParOldGen       total 68608K, used 22810K [0x00000000c0000000, 0x00000000c4300000, 0x00000000eab00000)
  object space 68608K, 33% used [0x00000000c0000000,0x00000000c16468e8,0x00000000c4300000)
 Metaspace       used 34064K, committed 35200K, reserved 1114112K
  class space    used 3358K, committed 3840K, reserved 1048576K
}
Event: 4.175 GC heap before
{Heap before GC invocations=17 (full 1):
 PSYoungGen      total 21504K, used 10575K [0x00000000eab00000, 0x00000000ec200000, 0x0000000100000000)
  eden space 20480K, 47% used [0x00000000eab00000,0x00000000eb46ef08,0x00000000ebf00000)
  from space 1024K, 89% used [0x00000000ebf00000,0x00000000ebfe50c0,0x00000000ec000000)
  to   space 1536K, 0% used [0x00000000ec080000,0x00000000ec080000,0x00000000ec200000)
 ParOldGen       total 68608K, used 22810K [0x00000000c0000000, 0x00000000c4300000, 0x00000000eab00000)
  object space 68608K, 33% used [0x00000000c0000000,0x00000000c16468e8,0x00000000c4300000)
 Metaspace       used 34711K, committed 35840K, reserved 1114112K
  class space    used 3452K, committed 3968K, reserved 1048576K
}
Event: 4.176 GC heap after
{Heap after GC invocations=17 (full 1):
 PSYoungGen      total 22016K, used 1036K [0x00000000eab00000, 0x00000000ec200000, 0x0000000100000000)
  eden space 20480K, 0% used [0x00000000eab00000,0x00000000eab00000,0x00000000ebf00000)
  from space 1536K, 67% used [0x00000000ec080000,0x00000000ec1833b8,0x00000000ec200000)
  to   space 1536K, 0% used [0x00000000ebf00000,0x00000000ebf00000,0x00000000ec080000)
 ParOldGen       total 68608K, used 23510K [0x00000000c0000000, 0x00000000c4300000, 0x00000000eab00000)
  object space 68608K, 34% used [0x00000000c0000000,0x00000000c16f5a48,0x00000000c4300000)
 Metaspace       used 34711K, committed 35840K, reserved 1114112K
  class space    used 3452K, committed 3968K, reserved 1048576K
}
Event: 4.176 GC heap before
{Heap before GC invocations=18 (full 2):
 PSYoungGen      total 22016K, used 1036K [0x00000000eab00000, 0x00000000ec200000, 0x0000000100000000)
  eden space 20480K, 0% used [0x00000000eab00000,0x00000000eab00000,0x00000000ebf00000)
  from space 1536K, 67% used [0x00000000ec080000,0x00000000ec1833b8,0x00000000ec200000)
  to   space 1536K, 0% used [0x00000000ebf00000,0x00000000ebf00000,0x00000000ec080000)
 ParOldGen       total 68608K, used 23510K [0x00000000c0000000, 0x00000000c4300000, 0x00000000eab00000)
  object space 68608K, 34% used [0x00000000c0000000,0x00000000c16f5a48,0x00000000c4300000)
 Metaspace       used 34711K, committed 35840K, reserved 1114112K
  class space    used 3452K, committed 3968K, reserved 1048576K
}
Event: 4.205 GC heap after
{Heap after GC invocations=18 (full 2):
 PSYoungGen      total 22016K, used 0K [0x00000000eab00000, 0x00000000ec200000, 0x0000000100000000)
  eden space 20480K, 0% used [0x00000000eab00000,0x00000000eab00000,0x00000000ebf00000)
  from space 1536K, 0% used [0x00000000ec080000,0x00000000ec080000,0x00000000ec200000)
  to   space 1536K, 0% used [0x00000000ebf00000,0x00000000ebf00000,0x00000000ec080000)
 ParOldGen       total 68608K, used 23674K [0x00000000c0000000, 0x00000000c4300000, 0x00000000eab00000)
  object space 68608K, 34% used [0x00000000c0000000,0x00000000c171e980,0x00000000c4300000)
 Metaspace       used 34711K, committed 35840K, reserved 1114112K
  class space    used 3452K, committed 3968K, reserved 1048576K
}
Event: 4.374 GC heap before
{Heap before GC invocations=19 (full 2):
 PSYoungGen      total 22016K, used 20480K [0x00000000eab00000, 0x00000000ec200000, 0x0000000100000000)
  eden space 20480K, 100% used [0x00000000eab00000,0x00000000ebf00000,0x00000000ebf00000)
  from space 1536K, 0% used [0x00000000ec080000,0x00000000ec080000,0x00000000ec200000)
  to   space 1536K, 0% used [0x00000000ebf00000,0x00000000ebf00000,0x00000000ec080000)
 ParOldGen       total 68608K, used 23674K [0x00000000c0000000, 0x00000000c4300000, 0x00000000eab00000)
  object space 68608K, 34% used [0x00000000c0000000,0x00000000c171e980,0x00000000c4300000)
 Metaspace       used 36558K, committed 37824K, reserved 1114112K
  class space    used 3690K, committed 4224K, reserved 1048576K
}
Event: 4.375 GC heap after
{Heap after GC invocations=19 (full 2):
 PSYoungGen      total 21504K, used 928K [0x00000000eab00000, 0x00000000ec100000, 0x0000000100000000)
  eden space 20480K, 0% used [0x00000000eab00000,0x00000000eab00000,0x00000000ebf00000)
  from space 1024K, 90% used [0x00000000ebf00000,0x00000000ebfe8000,0x00000000ec000000)
  to   space 1024K, 0% used [0x00000000ec000000,0x00000000ec000000,0x00000000ec100000)
 ParOldGen       total 68608K, used 23682K [0x00000000c0000000, 0x00000000c4300000, 0x00000000eab00000)
  object space 68608K, 34% used [0x00000000c0000000,0x00000000c1720980,0x00000000c4300000)
 Metaspace       used 36558K, committed 37824K, reserved 1114112K
  class space    used 3690K, committed 4224K, reserved 1048576K
}
Event: 4.535 GC heap before
{Heap before GC invocations=20 (full 2):
 PSYoungGen      total 21504K, used 21408K [0x00000000eab00000, 0x00000000ec100000, 0x0000000100000000)
  eden space 20480K, 100% used [0x00000000eab00000,0x00000000ebf00000,0x00000000ebf00000)
  from space 1024K, 90% used [0x00000000ebf00000,0x00000000ebfe8000,0x00000000ec000000)
  to   space 1024K, 0% used [0x00000000ec000000,0x00000000ec000000,0x00000000ec100000)
 ParOldGen       total 68608K, used 23682K [0x00000000c0000000, 0x00000000c4300000, 0x00000000eab00000)
  object space 68608K, 34% used [0x00000000c0000000,0x00000000c1720980,0x00000000c4300000)
 Metaspace       used 37359K, committed 38528K, reserved 1114112K
  class space    used 3793K, committed 4288K, reserved 1048576K
}
Event: 4.536 GC heap after
{Heap after GC invocations=20 (full 2):
 PSYoungGen      total 20480K, used 1005K [0x00000000eab00000, 0x00000000ec300000, 0x0000000100000000)
  eden space 19456K, 0% used [0x00000000eab00000,0x00000000eab00000,0x00000000ebe00000)
  from space 1024K, 98% used [0x00000000ec000000,0x00000000ec0fb670,0x00000000ec100000)
  to   space 2048K, 0% used [0x00000000ebe00000,0x00000000ebe00000,0x00000000ec000000)
 ParOldGen       total 68608K, used 24552K [0x00000000c0000000, 0x00000000c4300000, 0x00000000eab00000)
  object space 68608K, 35% used [0x00000000c0000000,0x00000000c17fa208,0x00000000c4300000)
 Metaspace       used 37359K, committed 38528K, reserved 1114112K
  class space    used 3793K, committed 4288K, reserved 1048576K
}
Event: 4.683 GC heap before
{Heap before GC invocations=21 (full 2):
 PSYoungGen      total 20480K, used 20368K [0x00000000eab00000, 0x00000000ec300000, 0x0000000100000000)
  eden space 19456K, 99% used [0x00000000eab00000,0x00000000ebde8a40,0x00000000ebe00000)
  from space 1024K, 98% used [0x00000000ec000000,0x00000000ec0fb670,0x00000000ec100000)
  to   space 2048K, 0% used [0x00000000ebe00000,0x00000000ebe00000,0x00000000ec000000)
 ParOldGen       total 68608K, used 24552K [0x00000000c0000000, 0x00000000c4300000, 0x00000000eab00000)
  object space 68608K, 35% used [0x00000000c0000000,0x00000000c17fa208,0x00000000c4300000)
 Metaspace       used 38038K, committed 39168K, reserved 1114112K
  class space    used 3867K, committed 4352K, reserved 1048576K
}
Event: 4.685 GC heap after
{Heap after GC invocations=21 (full 2):
 PSYoungGen      total 20992K, used 1096K [0x00000000eab00000, 0x00000000ec100000, 0x0000000100000000)
  eden space 19456K, 0% used [0x00000000eab00000,0x00000000eab00000,0x00000000ebe00000)
  from space 1536K, 71% used [0x00000000ebe00000,0x00000000ebf12020,0x00000000ebf80000)
  to   space 1536K, 0% used [0x00000000ebf80000,0x00000000ebf80000,0x00000000ec100000)
 ParOldGen       total 68608K, used 25118K [0x00000000c0000000, 0x00000000c4300000, 0x00000000eab00000)
  object space 68608K, 36% used [0x00000000c0000000,0x00000000c1887868,0x00000000c4300000)
 Metaspace       used 38038K, committed 39168K, reserved 1114112K
  class space    used 3867K, committed 4352K, reserved 1048576K
}
Event: 4.848 GC heap before
{Heap before GC invocations=22 (full 2):
 PSYoungGen      total 20992K, used 20552K [0x00000000eab00000, 0x00000000ec100000, 0x0000000100000000)
  eden space 19456K, 100% used [0x00000000eab00000,0x00000000ebe00000,0x00000000ebe00000)
  from space 1536K, 71% used [0x00000000ebe00000,0x00000000ebf12020,0x00000000ebf80000)
  to   space 1536K, 0% used [0x00000000ebf80000,0x00000000ebf80000,0x00000000ec100000)
 ParOldGen       total 68608K, used 25118K [0x00000000c0000000, 0x00000000c4300000, 0x00000000eab00000)
  object space 68608K, 36% used [0x00000000c0000000,0x00000000c1887868,0x00000000c4300000)
 Metaspace       used 38759K, committed 40000K, reserved 1114112K
  class space    used 3950K, committed 4480K, reserved 1048576K
}
Event: 4.849 GC heap after
{Heap after GC invocations=22 (full 2):
 PSYoungGen      total 20992K, used 1103K [0x00000000eab00000, 0x00000000ec100000, 0x0000000100000000)
  eden space 19456K, 0% used [0x00000000eab00000,0x00000000eab00000,0x00000000ebe00000)
  from space 1536K, 71% used [0x00000000ebf80000,0x00000000ec093fc8,0x00000000ec100000)
  to   space 1536K, 0% used [0x00000000ebe00000,0x00000000ebe00000,0x00000000ebf80000)
 ParOldGen       total 68608K, used 25646K [0x00000000c0000000, 0x00000000c4300000, 0x00000000eab00000)
  object space 68608K, 37% used [0x00000000c0000000,0x00000000c190b868,0x00000000c4300000)
 Metaspace       used 38759K, committed 40000K, reserved 1114112K
  class space    used 3950K, committed 4480K, reserved 1048576K
}
Event: 4.988 GC heap before
{Heap before GC invocations=23 (full 2):
 PSYoungGen      total 20992K, used 20559K [0x00000000eab00000, 0x00000000ec100000, 0x0000000100000000)
  eden space 19456K, 100% used [0x00000000eab00000,0x00000000ebe00000,0x00000000ebe00000)
  from space 1536K, 71% used [0x00000000ebf80000,0x00000000ec093fc8,0x00000000ec100000)
  to   space 1536K, 0% used [0x00000000ebe00000,0x00000000ebe00000,0x00000000ebf80000)
 ParOldGen       total 68608K, used 25646K [0x00000000c0000000, 0x00000000c4300000, 0x00000000eab00000)
  object space 68608K, 37% used [0x00000000c0000000,0x00000000c190b868,0x00000000c4300000)
 Metaspace       used 39448K, committed 40640K, reserved 1114112K
  class space    used 4032K, committed 4544K, reserved 1048576K
}
Event: 4.990 GC heap after
{Heap after GC invocations=23 (full 2):
 PSYoungGen      total 20480K, used 704K [0x00000000eab00000, 0x00000000ec000000, 0x0000000100000000)
  eden space 19456K, 0% used [0x00000000eab00000,0x00000000eab00000,0x00000000ebe00000)
  from space 1024K, 68% used [0x00000000ebe00000,0x00000000ebeb0000,0x00000000ebf00000)
  to   space 1024K, 0% used [0x00000000ebf00000,0x00000000ebf00000,0x00000000ec000000)
 ParOldGen       total 68608K, used 26206K [0x00000000c0000000, 0x00000000c4300000, 0x00000000eab00000)
  object space 68608K, 38% used [0x00000000c0000000,0x00000000c1997830,0x00000000c4300000)
 Metaspace       used 39448K, committed 40640K, reserved 1114112K
  class space    used 4032K, committed 4544K, reserved 1048576K
}
Event: 5.296 GC heap before
{Heap before GC invocations=24 (full 2):
 PSYoungGen      total 20480K, used 20160K [0x00000000eab00000, 0x00000000ec000000, 0x0000000100000000)
  eden space 19456K, 100% used [0x00000000eab00000,0x00000000ebe00000,0x00000000ebe00000)
  from space 1024K, 68% used [0x00000000ebe00000,0x00000000ebeb0000,0x00000000ebf00000)
  to   space 1024K, 0% used [0x00000000ebf00000,0x00000000ebf00000,0x00000000ec000000)
 ParOldGen       total 68608K, used 26206K [0x00000000c0000000, 0x00000000c4300000, 0x00000000eab00000)
  object space 68608K, 38% used [0x00000000c0000000,0x00000000c1997830,0x00000000c4300000)
 Metaspace       used 41204K, committed 42368K, reserved 1114112K
  class space    used 4254K, committed 4736K, reserved 1048576K
}
Event: 5.297 GC heap after
{Heap after GC invocations=24 (full 2):
 PSYoungGen      total 20480K, used 928K [0x00000000eab00000, 0x00000000ec000000, 0x0000000100000000)
  eden space 19456K, 0% used [0x00000000eab00000,0x00000000eab00000,0x00000000ebe00000)
  from space 1024K, 90% used [0x00000000ebf00000,0x00000000ebfe8000,0x00000000ec000000)
  to   space 1024K, 0% used [0x00000000ebe00000,0x00000000ebe00000,0x00000000ebf00000)
 ParOldGen       total 68608K, used 26742K [0x00000000c0000000, 0x00000000c4300000, 0x00000000eab00000)
  object space 68608K, 38% used [0x00000000c0000000,0x00000000c1a1d830,0x00000000c4300000)
 Metaspace       used 41204K, committed 42368K, reserved 1114112K
  class space    used 4254K, committed 4736K, reserved 1048576K
}

Dll operation events (10 events):
Event: 0.012 Loaded shared library c:\Users\leduc\.vscode\extensions\redhat.java-1.42.0-win32-x64\jre\21.0.7-win32-x86_64\bin\java.dll
Event: 0.115 Loaded shared library c:\Users\leduc\.vscode\extensions\redhat.java-1.42.0-win32-x64\jre\21.0.7-win32-x86_64\bin\zip.dll
Event: 0.137 Loaded shared library C:\Users\leduc\.vscode\extensions\redhat.java-1.42.0-win32-x64\jre\21.0.7-win32-x86_64\bin\instrument.dll
Event: 0.145 Loaded shared library C:\Users\leduc\.vscode\extensions\redhat.java-1.42.0-win32-x64\jre\21.0.7-win32-x86_64\bin\net.dll
Event: 0.148 Loaded shared library C:\Users\leduc\.vscode\extensions\redhat.java-1.42.0-win32-x64\jre\21.0.7-win32-x86_64\bin\nio.dll
Event: 0.152 Loaded shared library C:\Users\leduc\.vscode\extensions\redhat.java-1.42.0-win32-x64\jre\21.0.7-win32-x86_64\bin\zip.dll
Event: 0.179 Loaded shared library C:\Users\leduc\.vscode\extensions\redhat.java-1.42.0-win32-x64\jre\21.0.7-win32-x86_64\bin\jimage.dll
Event: 0.297 Loaded shared library c:\Users\leduc\.vscode\extensions\redhat.java-1.42.0-win32-x64\jre\21.0.7-win32-x86_64\bin\verify.dll
Event: 1.523 Loaded shared library C:\Users\leduc\AppData\Roaming\Code\User\globalStorage\redhat.java\1.42.0\config_win\org.eclipse.equinox.launcher\org.eclipse.equinox.launcher.win32.win32.x86_64_1.2.1300.v20250331-1702\eclipse_11911.dll
Event: 2.711 Loaded shared library C:\Users\leduc\AppData\Local\Temp\jna-102848985\jna9026801110547767731.dll

Deoptimization events (20 events):
Event: 5.011 Thread 0x0000017e69fa8e80 Uncommon trap: trap_request=0xffffff45 fr.pc=0x0000017e59a480b8 relative=0x0000000000000f98
Event: 5.011 Thread 0x0000017e69fa8e80 Uncommon trap: reason=unstable_if action=reinterpret pc=0x0000017e59a480b8 method=com.sun.org.apache.xerces.internal.impl.XMLEntityScanner.peekChar()I @ 14 c2
Event: 5.011 Thread 0x0000017e69fa8e80 DEOPT PACKING pc=0x0000017e59a480b8 sp=0x000000174fcfe3a0
Event: 5.011 Thread 0x0000017e69fa8e80 DEOPT UNPACKING pc=0x0000017e59223aa2 sp=0x000000174fcfe320 mode 2
Event: 5.180 Thread 0x0000017e6cc74040 Uncommon trap: trap_request=0xffffffd6 fr.pc=0x0000017e59a7c0e8 relative=0x00000000000000c8
Event: 5.180 Thread 0x0000017e6cc74040 Uncommon trap: reason=array_check action=maybe_recompile pc=0x0000017e59a7c0e8 method=java.util.stream.Nodes$FixedNodeBuilder.accept(Ljava/lang/Object;)V @ 28 c2
Event: 5.180 Thread 0x0000017e6cc74040 DEOPT PACKING pc=0x0000017e59a7c0e8 sp=0x00000017501fdf70
Event: 5.180 Thread 0x0000017e6cc74040 DEOPT UNPACKING pc=0x0000017e59223aa2 sp=0x00000017501fdef0 mode 2
Event: 5.180 Thread 0x0000017e6cc74040 Uncommon trap: trap_request=0xffffffd6 fr.pc=0x0000017e59a7c0e8 relative=0x00000000000000c8
Event: 5.180 Thread 0x0000017e6cc74040 Uncommon trap: reason=array_check action=maybe_recompile pc=0x0000017e59a7c0e8 method=java.util.stream.Nodes$FixedNodeBuilder.accept(Ljava/lang/Object;)V @ 28 c2
Event: 5.180 Thread 0x0000017e6cc74040 DEOPT PACKING pc=0x0000017e59a7c0e8 sp=0x00000017501fdf70
Event: 5.180 Thread 0x0000017e6cc74040 DEOPT UNPACKING pc=0x0000017e59223aa2 sp=0x00000017501fdef0 mode 2
Event: 5.180 Thread 0x0000017e6cc74040 Uncommon trap: trap_request=0xffffffd6 fr.pc=0x0000017e59a7c0e8 relative=0x00000000000000c8
Event: 5.180 Thread 0x0000017e6cc74040 Uncommon trap: reason=array_check action=maybe_recompile pc=0x0000017e59a7c0e8 method=java.util.stream.Nodes$FixedNodeBuilder.accept(Ljava/lang/Object;)V @ 28 c2
Event: 5.180 Thread 0x0000017e6cc74040 DEOPT PACKING pc=0x0000017e59a7c0e8 sp=0x00000017501fdf70
Event: 5.180 Thread 0x0000017e6cc74040 DEOPT UNPACKING pc=0x0000017e59223aa2 sp=0x00000017501fdef0 mode 2
Event: 5.180 Thread 0x0000017e6cc74040 Uncommon trap: trap_request=0xffffffd6 fr.pc=0x0000017e59a7c0e8 relative=0x00000000000000c8
Event: 5.180 Thread 0x0000017e6cc74040 Uncommon trap: reason=array_check action=maybe_recompile pc=0x0000017e59a7c0e8 method=java.util.stream.Nodes$FixedNodeBuilder.accept(Ljava/lang/Object;)V @ 28 c2
Event: 5.180 Thread 0x0000017e6cc74040 DEOPT PACKING pc=0x0000017e59a7c0e8 sp=0x00000017501fdf70
Event: 5.180 Thread 0x0000017e6cc74040 DEOPT UNPACKING pc=0x0000017e59223aa2 sp=0x00000017501fdef0 mode 2

Classes loaded (20 events):
Event: 4.371 Loading class java/lang/annotation/ElementType
Event: 4.372 Loading class java/lang/annotation/ElementType done
Event: 4.451 Loading class java/lang/annotation/IncompleteAnnotationException
Event: 4.451 Loading class java/lang/annotation/IncompleteAnnotationException done
Event: 4.493 Loading class java/lang/foreign/MemorySegment
Event: 4.494 Loading class java/lang/foreign/MemorySegment done
Event: 4.862 Loading class sun/reflect/annotation/AnnotatedTypeFactory$AnnotatedParameterizedTypeImpl
Event: 4.862 Loading class java/lang/reflect/AnnotatedParameterizedType
Event: 4.862 Loading class java/lang/reflect/AnnotatedParameterizedType done
Event: 4.862 Loading class sun/reflect/annotation/AnnotatedTypeFactory$AnnotatedParameterizedTypeImpl done
Event: 5.035 Loading class sun/reflect/generics/scope/ConstructorScope
Event: 5.035 Loading class sun/reflect/generics/scope/ConstructorScope done
Event: 5.036 Loading class sun/reflect/generics/tree/VoidDescriptor
Event: 5.036 Loading class sun/reflect/generics/tree/VoidDescriptor done
Event: 5.160 Loading class java/util/concurrent/CompletionService
Event: 5.160 Loading class java/util/concurrent/CompletionService done
Event: 5.221 Loading class java/nio/channels/ServerSocketChannel
Event: 5.222 Loading class java/nio/channels/ServerSocketChannel done
Event: 5.515 Loading class java/lang/ExceptionInInitializerError
Event: 5.515 Loading class java/lang/ExceptionInInitializerError done

Classes unloaded (7 events):
Event: 3.149 Thread 0x0000017e62e84960 Unloading class 0x0000017e0119cc00 'java/lang/invoke/LambdaForm$MH+0x0000017e0119cc00'
Event: 3.149 Thread 0x0000017e62e84960 Unloading class 0x0000017e0119c800 'java/lang/invoke/LambdaForm$MH+0x0000017e0119c800'
Event: 3.149 Thread 0x0000017e62e84960 Unloading class 0x0000017e0119c400 'java/lang/invoke/LambdaForm$MH+0x0000017e0119c400'
Event: 3.149 Thread 0x0000017e62e84960 Unloading class 0x0000017e0119c000 'java/lang/invoke/LambdaForm$MH+0x0000017e0119c000'
Event: 3.149 Thread 0x0000017e62e84960 Unloading class 0x0000017e0119bc00 'java/lang/invoke/LambdaForm$BMH+0x0000017e0119bc00'
Event: 3.149 Thread 0x0000017e62e84960 Unloading class 0x0000017e0119b800 'java/lang/invoke/LambdaForm$DMH+0x0000017e0119b800'
Event: 3.149 Thread 0x0000017e62e84960 Unloading class 0x0000017e0119a400 'java/lang/invoke/LambdaForm$DMH+0x0000017e0119a400'

Classes redefined (0 events):
No events

Internal exceptions (20 events):
Event: 4.046 Thread 0x0000017e6cc74040 Exception <a 'java/lang/NoSuchMethodError'{0x00000000eb661c30}: 'java.lang.Object java.lang.invoke.Invokers$Holder.invoke_MT(java.lang.Object, java.lang.Object, java.lang.Object, java.lang.Object, java.lang.Object, java.lang.Object, java.lang.Object, java.lang.Object, java.lang.Object)'> (0x00000000eb661c30) 
thrown [s\src\hotspot\share\interpreter\linkResolver.cpp, line 773]
Event: 4.054 Thread 0x0000017e6cc74040 Exception <a 'java/lang/NoSuchMethodError'{0x00000000eb6c9538}: 'int java.lang.invoke.DirectMethodHandle$Holder.invokeVirtual(java.lang.Object, java.lang.Object, java.lang.Object)'> (0x00000000eb6c9538) 
thrown [s\src\hotspot\share\interpreter\linkResolver.cpp, line 773]
Event: 4.054 Thread 0x0000017e6cc74040 Exception <a 'java/lang/NoSuchMethodError'{0x00000000eb6d2638}: 'int java.lang.invoke.DirectMethodHandle$Holder.invokeStaticInit(java.lang.Object, int, int)'> (0x00000000eb6d2638) 
thrown [s\src\hotspot\share\interpreter\linkResolver.cpp, line 773]
Event: 4.055 Thread 0x0000017e6cc74040 Exception <a 'java/lang/NoSuchMethodError'{0x00000000eb6e36a8}: 'int java.lang.invoke.DirectMethodHandle$Holder.invokeStaticInit(java.lang.Object, long, long)'> (0x00000000eb6e36a8) 
thrown [s\src\hotspot\share\interpreter\linkResolver.cpp, line 773]
Event: 4.055 Thread 0x0000017e6cc74040 Exception <a 'java/lang/NoSuchMethodError'{0x00000000eb6ea2b0}: 'int java.lang.invoke.DirectMethodHandle$Holder.invokeStaticInit(java.lang.Object, float, float)'> (0x00000000eb6ea2b0) 
thrown [s\src\hotspot\share\interpreter\linkResolver.cpp, line 773]
Event: 4.056 Thread 0x0000017e6cc74040 Exception <a 'java/lang/NoSuchMethodError'{0x00000000eb6f0ea8}: 'int java.lang.invoke.DirectMethodHandle$Holder.invokeStaticInit(java.lang.Object, double, double)'> (0x00000000eb6f0ea8) 
thrown [s\src\hotspot\share\interpreter\linkResolver.cpp, line 773]
Event: 4.056 Thread 0x0000017e6cc74040 Exception <a 'java/lang/NoSuchMethodError'{0x00000000eb6f5540}: 'int java.lang.invoke.DirectMethodHandle$Holder.invokeStatic(java.lang.Object, long)'> (0x00000000eb6f5540) 
thrown [s\src\hotspot\share\interpreter\linkResolver.cpp, line 773]
Event: 4.062 Thread 0x0000017e6cc74040 Exception <a 'java/lang/NoSuchMethodError'{0x00000000eb74f590}: 'int java.lang.invoke.Invokers$Holder.linkToTargetMethod(java.lang.Object, java.lang.Object)'> (0x00000000eb74f590) 
thrown [s\src\hotspot\share\interpreter\linkResolver.cpp, line 773]
Event: 4.110 Thread 0x0000017e6cc74040 Exception <a 'java/lang/NoSuchMethodError'{0x00000000ebcca0d0}: 'java.lang.Object java.lang.invoke.DirectMethodHandle$Holder.invokeSpecialIFC(java.lang.Object, java.lang.Object, java.lang.Object, java.lang.Object)'> (0x00000000ebcca0d0) 
thrown [s\src\hotspot\share\interpreter\linkResolver.cpp, line 773]
Event: 4.140 Thread 0x0000017e69fa9510 Exception <a 'java/lang/NoSuchMethodError'{0x00000000eae9c8f8}: 'int java.lang.invoke.DirectMethodHandle$Holder.invokeSpecial(java.lang.Object, java.lang.Object, java.lang.Object, java.lang.Object)'> (0x00000000eae9c8f8) 
thrown [s\src\hotspot\share\interpreter\linkResolver.cpp, line 773]
Event: 4.143 Thread 0x0000017e69fa9510 Exception <a 'java/lang/NoSuchMethodError'{0x00000000eaf47c28}: 'java.lang.Object java.lang.invoke.DirectMethodHandle$Holder.invokeStatic(java.lang.Object, int, java.lang.Object, java.lang.Object)'> (0x00000000eaf47c28) 
thrown [s\src\hotspot\share\interpreter\linkResolver.cpp, line 773]
Event: 4.143 Thread 0x0000017e69fa9510 Exception <a 'java/lang/NoSuchMethodError'{0x00000000eafcce98}: 'java.lang.Object java.lang.invoke.DelegatingMethodHandle$Holder.delegate(java.lang.Object, int, java.lang.Object, java.lang.Object)'> (0x00000000eafcce98) 
thrown [s\src\hotspot\share\interpreter\linkResolver.cpp, line 773]
Event: 4.146 Thread 0x0000017e69fa9510 Implicit null exception at 0x0000017e599be076 to 0x0000017e599be398
Event: 4.151 Thread 0x0000017e69fa9510 Exception <a 'java/lang/NoSuchMethodError'{0x00000000eb063908}: 'int java.lang.invoke.Invokers$Holder.linkToTargetMethod(java.lang.Object, java.lang.Object, java.lang.Object)'> (0x00000000eb063908) 
thrown [s\src\hotspot\share\interpreter\linkResolver.cpp, line 773]
Event: 4.173 Thread 0x0000017e4eaae840 Exception <a 'java/lang/NoSuchMethodError'{0x00000000eb3b9258}: 'void java.lang.invoke.DirectMethodHandle$Holder.invokeSpecial(java.lang.Object, java.lang.Object, java.lang.Object, java.lang.Object, java.lang.Object, java.lang.Object)'> (0x00000000eb3b9258) 
thrown [s\src\hotspot\share\interpreter\linkResolver.cpp, line 773]
Event: 4.174 Thread 0x0000017e4eaae840 Exception <a 'java/lang/IncompatibleClassChangeError'{0x00000000eb400b10}: Found class java.lang.Object, but interface was expected> (0x00000000eb400b10) 
thrown [s\src\hotspot\share\interpreter\linkResolver.cpp, line 840]
Event: 4.174 Thread 0x0000017e4eaae840 Exception <a 'java/lang/IncompatibleClassChangeError'{0x00000000eb402900}: Found class java.lang.Object, but interface was expected> (0x00000000eb402900) 
thrown [s\src\hotspot\share\interpreter\linkResolver.cpp, line 840]
Event: 4.451 Thread 0x0000017e6cc74040 Exception <a 'java/lang/NoClassDefFoundError'{0x00000000eb229c60}: javax/enterprise/inject/Typed> (0x00000000eb229c60) 
thrown [s\src\hotspot\share\classfile\systemDictionary.cpp, line 301]
Event: 5.511 Thread 0x0000017e6cc74040 Exception <a 'java/lang/NoSuchMethodError'{0x00000000eb03e7b8}: 'void java.lang.invoke.DirectMethodHandle$Holder.invokeStaticInit(java.lang.Object, java.lang.Object, java.lang.Object)'> (0x00000000eb03e7b8) 
thrown [s\src\hotspot\share\interpreter\linkResolver.cpp, line 773]
Event: 5.519 Thread 0x0000017e6cc74040 Exception <a 'java/lang/ExceptionInInitializerError'{0x00000000eb0732f8}> (0x00000000eb0732f8) 
thrown [s\src\hotspot\share\oops\instanceKlass.cpp, line 1220]

ZGC Phase Switch (0 events):
No events

VM Operations (20 events):
Event: 4.175 Executing VM operation: CollectForMetadataAllocation (Metadata GC Threshold)
Event: 4.205 Executing VM operation: CollectForMetadataAllocation (Metadata GC Threshold) done
Event: 4.373 Executing VM operation: ParallelGCFailedAllocation (Allocation Failure)
Event: 4.375 Executing VM operation: ParallelGCFailedAllocation (Allocation Failure) done
Event: 4.436 Executing VM operation: HandshakeAllThreads (Deoptimize)
Event: 4.436 Executing VM operation: HandshakeAllThreads (Deoptimize) done
Event: 4.535 Executing VM operation: ParallelGCFailedAllocation (Allocation Failure)
Event: 4.536 Executing VM operation: ParallelGCFailedAllocation (Allocation Failure) done
Event: 4.683 Executing VM operation: ParallelGCFailedAllocation (Allocation Failure)
Event: 4.685 Executing VM operation: ParallelGCFailedAllocation (Allocation Failure) done
Event: 4.848 Executing VM operation: ParallelGCFailedAllocation (Allocation Failure)
Event: 4.850 Executing VM operation: ParallelGCFailedAllocation (Allocation Failure) done
Event: 4.966 Executing VM operation: HandshakeAllThreads (Deoptimize)
Event: 4.966 Executing VM operation: HandshakeAllThreads (Deoptimize) done
Event: 4.981 Executing VM operation: ParallelGCFailedAllocation (Allocation Failure)
Event: 4.990 Executing VM operation: ParallelGCFailedAllocation (Allocation Failure) done
Event: 5.071 Executing VM operation: HandshakeAllThreads (Deoptimize)
Event: 5.072 Executing VM operation: HandshakeAllThreads (Deoptimize) done
Event: 5.296 Executing VM operation: ParallelGCFailedAllocation (Allocation Failure)
Event: 5.297 Executing VM operation: ParallelGCFailedAllocation (Allocation Failure) done

Memory protections (0 events):
No events

Nmethod flushes (20 events):
Event: 4.192 Thread 0x0000017e62e84960 flushing  nmethod 0x0000017e52360210
Event: 4.192 Thread 0x0000017e62e84960 flushing  nmethod 0x0000017e52361410
Event: 4.192 Thread 0x0000017e62e84960 flushing  nmethod 0x0000017e52361c10
Event: 4.192 Thread 0x0000017e62e84960 flushing  nmethod 0x0000017e52362390
Event: 4.192 Thread 0x0000017e62e84960 flushing  nmethod 0x0000017e52363910
Event: 4.192 Thread 0x0000017e62e84960 flushing  nmethod 0x0000017e52363d90
Event: 4.192 Thread 0x0000017e62e84960 flushing  nmethod 0x0000017e52364290
Event: 4.192 Thread 0x0000017e62e84960 flushing  nmethod 0x0000017e52366510
Event: 4.192 Thread 0x0000017e62e84960 flushing  nmethod 0x0000017e52366a10
Event: 4.192 Thread 0x0000017e62e84960 flushing  nmethod 0x0000017e52366f10
Event: 4.192 Thread 0x0000017e62e84960 flushing  nmethod 0x0000017e52367e90
Event: 4.192 Thread 0x0000017e62e84960 flushing  nmethod 0x0000017e52368190
Event: 4.192 Thread 0x0000017e62e84960 flushing  nmethod 0x0000017e52371190
Event: 4.192 Thread 0x0000017e62e84960 flushing  nmethod 0x0000017e52386910
Event: 4.192 Thread 0x0000017e62e84960 flushing  nmethod 0x0000017e52397b10
Event: 4.192 Thread 0x0000017e62e84960 flushing  nmethod 0x0000017e5239f690
Event: 4.192 Thread 0x0000017e62e84960 flushing  nmethod 0x0000017e523a7e10
Event: 4.192 Thread 0x0000017e62e84960 flushing  nmethod 0x0000017e5242b290
Event: 4.192 Thread 0x0000017e62e84960 flushing  nmethod 0x0000017e5242bc10
Event: 4.192 Thread 0x0000017e62e84960 flushing  nmethod 0x0000017e5244a910

Events (20 events):
Event: 3.649 Thread 0x0000017e69ba9820 Thread added: 0x0000017e69faa8c0
Event: 3.896 Thread 0x0000017e69fa8e80 Thread added: 0x0000017e6cc74040
Event: 3.917 Thread 0x0000017e4eaae840 Thread added: 0x0000017e6cc753f0
Event: 3.918 Thread 0x0000017e4eaae840 Thread added: 0x0000017e6cc76110
Event: 3.919 Thread 0x0000017e4eaae840 Thread added: 0x0000017e6cc781e0
Event: 3.919 Thread 0x0000017e4eaae840 Thread added: 0x0000017e6cc774c0
Event: 3.920 Thread 0x0000017e4eaae840 Thread added: 0x0000017e6cc75a80
Event: 3.920 Thread 0x0000017e4eaae840 Thread added: 0x0000017e6cc746d0
Event: 3.920 Thread 0x0000017e4eaae840 Thread added: 0x0000017e6cc72c90
Event: 3.920 Thread 0x0000017e4eaae840 Thread added: 0x0000017e6cc72600
Event: 3.921 Thread 0x0000017e4eaae840 Thread added: 0x0000017e6cc74d60
Event: 3.921 Thread 0x0000017e4eaae840 Thread added: 0x0000017e6cc77b50
Event: 3.921 Thread 0x0000017e4eaae840 Thread added: 0x0000017e6cc73320
Event: 3.921 Thread 0x0000017e4eaae840 Thread added: 0x0000017e6cc767a0
Event: 3.921 Thread 0x0000017e4eaae840 Thread added: 0x0000017e6cc76e30
Event: 3.955 Thread 0x0000017e4eaae840 Thread added: 0x0000017e6cc79c20
Event: 4.139 Thread 0x0000017e69fa9510 Thread added: 0x0000017e6cc78870
Event: 4.242 Thread 0x0000017e4eaae840 Thread added: 0x0000017e6cc78f00
Event: 4.242 Thread 0x0000017e4eaae840 Thread added: 0x0000017e6cc79590
Event: 4.346 Thread 0x0000017e6cc78870 Thread added: 0x0000017e6cc739b0


Dynamic libraries:
0x00007ff67d230000 - 0x00007ff67d23e000 	c:\Users\leduc\.vscode\extensions\redhat.java-1.42.0-win32-x64\jre\21.0.7-win32-x86_64\bin\java.exe
0x00007ffe80ff0000 - 0x00007ffe81207000 	C:\WINDOWS\SYSTEM32\ntdll.dll
0x00007ffe80500000 - 0x00007ffe805c4000 	C:\WINDOWS\System32\KERNEL32.DLL
0x00007ffe7e0e0000 - 0x00007ffe7e4b3000 	C:\WINDOWS\System32\KERNELBASE.dll
0x00007ffe7eb60000 - 0x00007ffe7ec71000 	C:\WINDOWS\System32\ucrtbase.dll
0x00007ffe74220000 - 0x00007ffe74238000 	c:\Users\leduc\.vscode\extensions\redhat.java-1.42.0-win32-x64\jre\21.0.7-win32-x86_64\bin\jli.dll
0x00007ffe801e0000 - 0x00007ffe80391000 	C:\WINDOWS\System32\USER32.dll
0x00007ffe7e580000 - 0x00007ffe7e5a6000 	C:\WINDOWS\System32\win32u.dll
0x00007ffe805d0000 - 0x00007ffe805f9000 	C:\WINDOWS\System32\GDI32.dll
0x00007ffe7e770000 - 0x00007ffe7e892000 	C:\WINDOWS\System32\gdi32full.dll
0x00007ffe7eac0000 - 0x00007ffe7eb5a000 	C:\WINDOWS\System32\msvcp_win.dll
0x00007ffe65170000 - 0x00007ffe6540b000 	C:\WINDOWS\WinSxS\amd64_microsoft.windows.common-controls_6595b64144ccf1df_6.0.22621.5262_none_2712bde373830908\COMCTL32.dll
0x00007ffe6ca60000 - 0x00007ffe6ca7e000 	c:\Users\leduc\.vscode\extensions\redhat.java-1.42.0-win32-x64\jre\21.0.7-win32-x86_64\bin\VCRUNTIME140.dll
0x00007ffe80600000 - 0x00007ffe806a7000 	C:\WINDOWS\System32\msvcrt.dll
0x00007ffe7f1a0000 - 0x00007ffe7f1d1000 	C:\WINDOWS\System32\IMM32.DLL
0x00007ffe75830000 - 0x00007ffe7583c000 	c:\Users\leduc\.vscode\extensions\redhat.java-1.42.0-win32-x64\jre\21.0.7-win32-x86_64\bin\vcruntime140_1.dll
0x00007ffe29740000 - 0x00007ffe297cd000 	c:\Users\leduc\.vscode\extensions\redhat.java-1.42.0-win32-x64\jre\21.0.7-win32-x86_64\bin\msvcp140.dll
0x00007ffdaf490000 - 0x00007ffdb0220000 	c:\Users\leduc\.vscode\extensions\redhat.java-1.42.0-win32-x64\jre\21.0.7-win32-x86_64\bin\server\jvm.dll
0x00007ffe80ef0000 - 0x00007ffe80fa1000 	C:\WINDOWS\System32\ADVAPI32.dll
0x00007ffe7eca0000 - 0x00007ffe7ed47000 	C:\WINDOWS\System32\sechost.dll
0x00007ffe7ea90000 - 0x00007ffe7eab8000 	C:\WINDOWS\System32\bcrypt.dll
0x00007ffe80db0000 - 0x00007ffe80ec4000 	C:\WINDOWS\System32\RPCRT4.dll
0x00007ffe80790000 - 0x00007ffe80801000 	C:\WINDOWS\System32\WS2_32.dll
0x00007ffe7cf40000 - 0x00007ffe7cf8d000 	C:\WINDOWS\SYSTEM32\POWRPROF.dll
0x00007ffe778b0000 - 0x00007ffe778e4000 	C:\WINDOWS\SYSTEM32\WINMM.dll
0x00007ffe741b0000 - 0x00007ffe741ba000 	C:\WINDOWS\SYSTEM32\VERSION.dll
0x00007ffe7cf20000 - 0x00007ffe7cf33000 	C:\WINDOWS\SYSTEM32\UMPDC.dll
0x00007ffe7d1f0000 - 0x00007ffe7d208000 	C:\WINDOWS\SYSTEM32\kernel.appcore.dll
0x00007ffe6ca50000 - 0x00007ffe6ca5a000 	c:\Users\leduc\.vscode\extensions\redhat.java-1.42.0-win32-x64\jre\21.0.7-win32-x86_64\bin\jimage.dll
0x00007ffe7b4d0000 - 0x00007ffe7b702000 	C:\WINDOWS\SYSTEM32\DBGHELP.DLL
0x00007ffe7f370000 - 0x00007ffe7f703000 	C:\WINDOWS\System32\combase.dll
0x00007ffe7f1e0000 - 0x00007ffe7f2b7000 	C:\WINDOWS\System32\OLEAUT32.dll
0x00007ffe73500000 - 0x00007ffe73532000 	C:\WINDOWS\SYSTEM32\dbgcore.DLL
0x00007ffe7e6f0000 - 0x00007ffe7e76b000 	C:\WINDOWS\System32\bcryptPrimitives.dll
0x00007ffe5b4a0000 - 0x00007ffe5b4af000 	c:\Users\leduc\.vscode\extensions\redhat.java-1.42.0-win32-x64\jre\21.0.7-win32-x86_64\bin\instrument.dll
0x00007ffe62d40000 - 0x00007ffe62d5f000 	c:\Users\leduc\.vscode\extensions\redhat.java-1.42.0-win32-x64\jre\21.0.7-win32-x86_64\bin\java.dll
0x00007ffe7f710000 - 0x00007ffe7ffad000 	C:\WINDOWS\System32\SHELL32.dll
0x00007ffe7e5b0000 - 0x00007ffe7e6ef000 	C:\WINDOWS\System32\wintypes.dll
0x00007ffe7bfe0000 - 0x00007ffe7c8fd000 	C:\WINDOWS\SYSTEM32\windows.storage.dll
0x00007ffe7ed50000 - 0x00007ffe7ee5b000 	C:\WINDOWS\System32\SHCORE.dll
0x00007ffe80400000 - 0x00007ffe80466000 	C:\WINDOWS\System32\shlwapi.dll
0x00007ffe7e010000 - 0x00007ffe7e03b000 	C:\WINDOWS\SYSTEM32\profapi.dll
0x00007ffe622d0000 - 0x00007ffe622e8000 	c:\Users\leduc\.vscode\extensions\redhat.java-1.42.0-win32-x64\jre\21.0.7-win32-x86_64\bin\zip.dll
0x00007ffe5b490000 - 0x00007ffe5b4a0000 	C:\Users\leduc\.vscode\extensions\redhat.java-1.42.0-win32-x64\jre\21.0.7-win32-x86_64\bin\net.dll
0x00007ffe79a20000 - 0x00007ffe79b4c000 	C:\WINDOWS\SYSTEM32\WINHTTP.dll
0x00007ffe7d690000 - 0x00007ffe7d6fa000 	C:\WINDOWS\system32\mswsock.dll
0x00007ffe4b8d0000 - 0x00007ffe4b8e6000 	C:\Users\leduc\.vscode\extensions\redhat.java-1.42.0-win32-x64\jre\21.0.7-win32-x86_64\bin\nio.dll
0x00007ffe54fa0000 - 0x00007ffe54fb0000 	c:\Users\leduc\.vscode\extensions\redhat.java-1.42.0-win32-x64\jre\21.0.7-win32-x86_64\bin\verify.dll
0x00007ffe16820000 - 0x00007ffe16865000 	C:\Users\leduc\AppData\Roaming\Code\User\globalStorage\redhat.java\1.42.0\config_win\org.eclipse.equinox.launcher\org.eclipse.equinox.launcher.win32.win32.x86_64_1.2.1300.v20250331-1702\eclipse_11911.dll
0x00007ffe7ffb0000 - 0x00007ffe80151000 	C:\WINDOWS\System32\ole32.dll
0x00007ffe7d8e0000 - 0x00007ffe7d8fb000 	C:\WINDOWS\SYSTEM32\CRYPTSP.dll
0x00007ffe7d150000 - 0x00007ffe7d187000 	C:\WINDOWS\system32\rsaenh.dll
0x00007ffe7d780000 - 0x00007ffe7d7a8000 	C:\WINDOWS\SYSTEM32\USERENV.dll
0x00007ffe7d900000 - 0x00007ffe7d90c000 	C:\WINDOWS\SYSTEM32\CRYPTBASE.dll
0x00007ffe7cc10000 - 0x00007ffe7cc3d000 	C:\WINDOWS\SYSTEM32\IPHLPAPI.DLL
0x00007ffe7efc0000 - 0x00007ffe7efc9000 	C:\WINDOWS\System32\NSI.dll
0x00007ffe66340000 - 0x00007ffe66389000 	C:\Users\leduc\AppData\Local\Temp\jna-102848985\jna9026801110547767731.dll
0x00007ffe80710000 - 0x00007ffe80718000 	C:\WINDOWS\System32\PSAPI.DLL
0x00007ffe78840000 - 0x00007ffe78859000 	C:\WINDOWS\SYSTEM32\dhcpcsvc6.DLL
0x00007ffe78de0000 - 0x00007ffe78dff000 	C:\WINDOWS\SYSTEM32\dhcpcsvc.DLL

dbghelp: loaded successfully - version: 4.0.5 - missing functions: none
symbol engine: initialized successfully - sym options: 0x614 - pdb path: .;c:\Users\leduc\.vscode\extensions\redhat.java-1.42.0-win32-x64\jre\21.0.7-win32-x86_64\bin;C:\WINDOWS\SYSTEM32;C:\WINDOWS\WinSxS\amd64_microsoft.windows.common-controls_6595b64144ccf1df_6.0.22621.5262_none_2712bde373830908;c:\Users\leduc\.vscode\extensions\redhat.java-1.42.0-win32-x64\jre\21.0.7-win32-x86_64\bin\server;C:\Users\leduc\AppData\Roaming\Code\User\globalStorage\redhat.java\1.42.0\config_win\org.eclipse.equinox.launcher\org.eclipse.equinox.launcher.win32.win32.x86_64_1.2.1300.v20250331-1702;C:\Users\leduc\AppData\Local\Temp\jna-102848985

VM Arguments:
jvm_args: --add-modules=ALL-SYSTEM --add-opens=java.base/java.util=ALL-UNNAMED --add-opens=java.base/java.lang=ALL-UNNAMED --add-opens=java.base/sun.nio.fs=ALL-UNNAMED -Declipse.application=org.eclipse.jdt.ls.core.id1 -Dosgi.bundles.defaultStartLevel=4 -Declipse.product=org.eclipse.jdt.ls.core.product -Djava.import.generatesMetadataFilesAtProjectRoot=false -DDetectVMInstallationsJob.disabled=true -Dfile.encoding=utf8 -XX:+UseParallelGC -XX:GCTimeRatio=4 -XX:AdaptiveSizePolicyWeight=90 -Dsun.zip.disableMemoryMapping=true -Xmx1G -Xms100m -Xlog:disable -javaagent:c:\Users\leduc\.vscode\extensions\redhat.java-1.42.0-win32-x64\lombok\lombok-1.18.36.jar -XX:+HeapDumpOnOutOfMemoryError -XX:HeapDumpPath=c:\Users\leduc\AppData\Roaming\Code\User\workspaceStorage\b41accb726b944ba7e7f86f850f2e0d4\redhat.java -Daether.dependencyCollector.impl=bf 
java_command: c:\Users\leduc\.vscode\extensions\redhat.java-1.42.0-win32-x64\server\plugins\org.eclipse.equinox.launcher_1.7.0.v20250424-1814.jar -configuration c:\Users\leduc\AppData\Roaming\Code\User\globalStorage\redhat.java\1.42.0\config_win -data c:\Users\leduc\AppData\Roaming\Code\User\workspaceStorage\b41accb726b944ba7e7f86f850f2e0d4\redhat.java\jdt_ws --pipe=\\.\pipe\lsp-001fa69f5ff4fe6355d36bc7de52058b-sock
java_class_path (initial): c:\Users\leduc\.vscode\extensions\redhat.java-1.42.0-win32-x64\server\plugins\org.eclipse.equinox.launcher_1.7.0.v20250424-1814.jar
Launcher Type: SUN_STANDARD

[Global flags]
    uintx AdaptiveSizePolicyWeight                 = 90                                        {product} {command line}
     intx CICompilerCount                          = 4                                         {product} {ergonomic}
    uintx GCTimeRatio                              = 4                                         {product} {command line}
     bool HeapDumpOnOutOfMemoryError               = true                                   {manageable} {command line}
    ccstr HeapDumpPath                             = c:\Users\leduc\AppData\Roaming\Code\User\workspaceStorage\b41accb726b944ba7e7f86f850f2e0d4\redhat.java         {manageable} {command line}
   size_t InitialHeapSize                          = 104857600                                 {product} {command line}
   size_t MaxHeapSize                              = 1073741824                                {product} {command line}
   size_t MaxNewSize                               = 357564416                                 {product} {ergonomic}
   size_t MinHeapDeltaBytes                        = 524288                                    {product} {ergonomic}
   size_t MinHeapSize                              = 104857600                                 {product} {command line}
   size_t NewSize                                  = 34603008                                  {product} {ergonomic}
    uintx NonNMethodCodeHeapSize                   = 5839372                                {pd product} {ergonomic}
    uintx NonProfiledCodeHeapSize                  = 122909434                              {pd product} {ergonomic}
   size_t OldSize                                  = 70254592                                  {product} {ergonomic}
    uintx ProfiledCodeHeapSize                     = 122909434                              {pd product} {ergonomic}
    uintx ReservedCodeCacheSize                    = 251658240                              {pd product} {ergonomic}
     bool SegmentedCodeCache                       = true                                      {product} {ergonomic}
   size_t SoftMaxHeapSize                          = 1073741824                             {manageable} {ergonomic}
     bool UseCompressedOops                        = true                           {product lp64_product} {ergonomic}
     bool UseLargePagesIndividualAllocation        = false                                  {pd product} {ergonomic}
     bool UseParallelGC                            = true                                      {product} {command line}

Logging:
Log output configuration:
 #0: stdout all=off uptime,level,tags foldmultilines=false
 #1: stderr all=off uptime,level,tags foldmultilines=false

Environment Variables:
PATH=C:\Program Files\Common Files\Oracle\Java\javapath;C:\Windows\system32;C:\Windows;C:\Windows\System32\Wbem;C:\Windows\System32\WindowsPowerShell\v1.0\;C:\Windows\System32\OpenSSH\;C:\Program Files (x86)\NVIDIA Corporation\PhysX\Common;C:\Program Files\NVIDIA Corporation\NVIDIA NvDLISR;C:\WINDOWS\system32;C:\WINDOWS;C:\WINDOWS\System32\Wbem;C:\WINDOWS\System32\WindowsPowerShell\v1.0\;C:\WINDOWS\System32\OpenSSH\;C:\Users\leduc\AppData\Local\nvm;C:\nvm4w\nodejs;C:\Program Files\Git\cmd;C:\Users\leduc\appdata\local\android\sdk\platform-tools;C:\Program Files\Microsoft SQL Server\150\Tools\Binn\;C:\Program Files\Microsoft SQL Server\Client SDK\ODBC\170\Tools\Binn\;C:\Program Files\dotnet\;C:\Program Files\Docker\Docker\resources\bin;C:\Program Files\PuTTY\;C:\Users\leduc\.console-ninja\.bin;C:\Users\leduc\AppData\Local\Microsoft\WindowsApps;C:\Users\leduc\AppData\Local\Programs\Microsoft VS Code\bin;C:\Users\leduc\AppData\Local\nvm;C:\nvm4w\nodejs;C:\Users\leduc\AppData\Local\GitHubDesktop\bin;C:\Users\leduc\.dotnet\tools;C:\Program Files (x86)\Nmap
USERNAME=leduc
OS=Windows_NT
PROCESSOR_IDENTIFIER=Intel64 Family 6 Model 154 Stepping 3, GenuineIntel
TMP=C:\Users\leduc\AppData\Local\Temp
TEMP=C:\Users\leduc\AppData\Local\Temp




Periodic native trim disabled

---------------  S Y S T E M  ---------------

OS:
 Windows 11 , 64 bit Build 22621 (10.0.22621.5262)
OS uptime: 0 days 6:37 hours
Hyper-V role detected

CPU: total 12 (initial active 12) (6 cores per cpu, 2 threads per core) family 6 model 154 stepping 3 microcode 0x429, cx8, cmov, fxsr, ht, mmx, 3dnowpref, sse, sse2, sse3, ssse3, sse4.1, sse4.2, popcnt, lzcnt, tsc, tscinvbit, avx, avx2, aes, erms, clmul, bmi1, bmi2, adx, sha, fma, vzeroupper, clflush, clflushopt, clwb, hv, serialize, rdtscp, rdpid, fsrm, f16c, cet_ibt, cet_ss
Processor Information for processor 0
  Max Mhz: 2000, Current Mhz: 2000, Mhz Limit: 2000
Processor Information for processor 1
  Max Mhz: 2000, Current Mhz: 2000, Mhz Limit: 2000
Processor Information for processor 2
  Max Mhz: 2000, Current Mhz: 2000, Mhz Limit: 2000
Processor Information for processor 3
  Max Mhz: 2000, Current Mhz: 2000, Mhz Limit: 2000
Processor Information for processor 4
  Max Mhz: 2000, Current Mhz: 2000, Mhz Limit: 2000
Processor Information for processor 5
  Max Mhz: 2000, Current Mhz: 2000, Mhz Limit: 2000
Processor Information for processor 6
  Max Mhz: 2000, Current Mhz: 2000, Mhz Limit: 2000
Processor Information for processor 7
  Max Mhz: 2000, Current Mhz: 2000, Mhz Limit: 2000
Processor Information for processor 8
  Max Mhz: 2000, Current Mhz: 2000, Mhz Limit: 2000
Processor Information for processor 9
  Max Mhz: 2000, Current Mhz: 2000, Mhz Limit: 2000
Processor Information for processor 10
  Max Mhz: 2000, Current Mhz: 2000, Mhz Limit: 2000
Processor Information for processor 11
  Max Mhz: 2000, Current Mhz: 1466, Mhz Limit: 2000

Memory: 4k page, system-wide physical 24236M (590M free)
TotalPageFile size 62904M (AvailPageFile size 3M)
current process WorkingSet (physical memory assigned to process): 212M, peak: 218M
current process commit charge ("private bytes"): 301M, peak: 307M

vm_info: OpenJDK 64-Bit Server VM (21.0.7+6-LTS) for windows-amd64 JRE (21.0.7+6-LTS), built on 2025-04-15T00:00:00Z by "admin" with MS VC++ 17.7 (VS2022)

END.
